# JRE version: OpenJDK Runtime Environment Temurin-21.0.8+9 (21.0.8+9) (build 21.0.8+9-LTS)
# Java VM: OpenJDK 64-Bit Server VM Temurin-21.0.8+9 (21.0.8+9-LTS, mixed mode, sharing, tiered, compressed oops, compressed class ptrs, parallel gc, windows-amd64)
GC Precious Log:
 CardTable entry size: 512
 CPUs: 12 total, 12 available
 Memory: 16016M
 Large Page Support: Disabled
 NUMA Support: Disabled
 Compressed Oops: Enabled (32-bit)
 Alignments: Space 512K, Generation 512K, Heap 2M
 Heap Min Capacity: 100M
 Heap Initial Capacity: 100M
 Heap Max Capacity: 2G
 Pre-touch: Disabled
 Parallel Workers: 10
Heap:
 PSYoungGen      total 7168K, used 5828K [0x00000000d5580000, 0x00000000d5f80000, 0x0000000100000000)
  eden space 6144K, 78% used [0x00000000d5580000,0x00000000d5a35168,0x00000000d5b80000)
  from space 1024K, 98% used [0x00000000d5c80000,0x00000000d5d7c148,0x00000000d5d80000)
  to   space 2048K, 0% used [0x00000000d5d80000,0x00000000d5d80000,0x00000000d5f80000)
 ParOldGen       total 814080K, used 814016K [0x0000000080000000, 0x00000000b1b00000, 0x00000000d5580000)
  object space 814080K, 99% used [0x0000000080000000,0x00000000b1af0188,0x00000000b1b00000)
 Metaspace       used 73558K, committed 75136K, reserved 1179648K
  class space    used 7689K, committed 8384K, reserved 1048576K
GC Heap History (20 events):
Event: 47.255 GC heap before
{Heap before GC invocations=1219 (full 3):
 PSYoungGen      total 7168K, used 7168K [0x00000000d5580000, 0x00000000d6780000, 0x0000000100000000)
  eden space 4096K, 100% used [0x00000000d5580000,0x00000000d5980000,0x00000000d5980000)
  from space 3072K, 100% used [0x00000000d5980000,0x00000000d5c80000,0x00000000d5c80000)
  to   space 6656K, 0% used [0x00000000d6100000,0x00000000d6100000,0x00000000d6780000)
 ParOldGen       total 795648K, used 795367K [0x0000000080000000, 0x00000000b0900000, 0x00000000d5580000)
  object space 795648K, 99% used [0x0000000080000000,0x00000000b08b9dc8,0x00000000b0900000)
 Metaspace       used 70259K, committed 71872K, reserved 1114112K
  class space    used 7396K, committed 8064K, reserved 1048576K
}
Event: 47.258 GC heap after
{Heap after GC invocations=1219 (full 3):
 PSYoungGen      total 8704K, used 3168K [0x00000000d5580000, 0x00000000d6480000, 0x0000000100000000)
  eden space 5120K, 0% used [0x00000000d5580000,0x00000000d5580000,0x00000000d5a80000)
  from space 3584K, 88% used [0x00000000d6100000,0x00000000d6418000,0x00000000d6480000)
  to   space 4608K, 0% used [0x00000000d5b80000,0x00000000d5b80000,0x00000000d6000000)
 ParOldGen       total 798720K, used 798479K [0x0000000080000000, 0x00000000b0c00000, 0x00000000d5580000)
  object space 798720K, 99% used [0x0000000080000000,0x00000000b0bc3dc8,0x00000000b0c00000)
 Metaspace       used 70259K, committed 71872K, reserved 1114112K
  class space    used 7396K, committed 8064K, reserved 1048576K
}
Event: 47.362 GC heap before
{Heap before GC invocations=1220 (full 3):
 PSYoungGen      total 8704K, used 8288K [0x00000000d5580000, 0x00000000d6480000, 0x0000000100000000)
  eden space 5120K, 100% used [0x00000000d5580000,0x00000000d5a80000,0x00000000d5a80000)
  from space 3584K, 88% used [0x00000000d6100000,0x00000000d6418000,0x00000000d6480000)
  to   space 4608K, 0% used [0x00000000d5b80000,0x00000000d5b80000,0x00000000d6000000)
 ParOldGen       total 798720K, used 798479K [0x0000000080000000, 0x00000000b0c00000, 0x00000000d5580000)
  object space 798720K, 99% used [0x0000000080000000,0x00000000b0bc3dc8,0x00000000b0c00000)
 Metaspace       used 70323K, committed 71936K, reserved 1114112K
  class space    used 7407K, committed 8064K, reserved 1048576K
}
Event: 47.366 GC heap after
{Heap after GC invocations=1220 (full 3):
 PSYoungGen      total 9728K, used 3360K [0x00000000d5580000, 0x00000000d6280000, 0x0000000100000000)
  eden space 6144K, 0% used [0x00000000d5580000,0x00000000d5580000,0x00000000d5b80000)
  from space 3584K, 93% used [0x00000000d5b80000,0x00000000d5ec8000,0x00000000d5f00000)
  to   space 3584K, 0% used [0x00000000d5f00000,0x00000000d5f00000,0x00000000d6280000)
 ParOldGen       total 801792K, used 801607K [0x0000000080000000, 0x00000000b0f00000, 0x00000000d5580000)
  object space 801792K, 99% used [0x0000000080000000,0x00000000b0ed1dc8,0x00000000b0f00000)
 Metaspace       used 70323K, committed 71936K, reserved 1114112K
  class space    used 7407K, committed 8064K, reserved 1048576K
}
Event: 47.445 GC heap before
{Heap before GC invocations=1221 (full 3):
 PSYoungGen      total 9728K, used 9443K [0x00000000d5580000, 0x00000000d6280000, 0x0000000100000000)
  eden space 6144K, 99% used [0x00000000d5580000,0x00000000d5b70df8,0x00000000d5b80000)
  from space 3584K, 93% used [0x00000000d5b80000,0x00000000d5ec8000,0x00000000d5f00000)
  to   space 3584K, 0% used [0x00000000d5f00000,0x00000000d5f00000,0x00000000d6280000)
 ParOldGen       total 801792K, used 801607K [0x0000000080000000, 0x00000000b0f00000, 0x00000000d5580000)
  object space 801792K, 99% used [0x0000000080000000,0x00000000b0ed1dc8,0x00000000b0f00000)
 Metaspace       used 70999K, committed 72576K, reserved 1114112K
  class space    used 7455K, committed 8128K, reserved 1048576K
}
Event: 47.448 GC heap after
{Heap after GC invocations=1221 (full 3):
 PSYoungGen      total 7168K, used 985K [0x00000000d5580000, 0x00000000d6000000, 0x0000000100000000)
  eden space 6144K, 0% used [0x00000000d5580000,0x00000000d5580000,0x00000000d5b80000)
  from space 1024K, 96% used [0x00000000d5f00000,0x00000000d5ff6450,0x00000000d6000000)
  to   space 2048K, 0% used [0x00000000d5c00000,0x00000000d5c00000,0x00000000d5e00000)
 ParOldGen       total 804864K, used 804863K [0x0000000080000000, 0x00000000b1200000, 0x00000000d5580000)
  object space 804864K, 99% used [0x0000000080000000,0x00000000b11ffdc8,0x00000000b1200000)
 Metaspace       used 70999K, committed 72576K, reserved 1114112K
  class space    used 7455K, committed 8128K, reserved 1048576K
}
Event: 47.495 GC heap before
{Heap before GC invocations=1222 (full 3):
 PSYoungGen      total 7168K, used 7113K [0x00000000d5580000, 0x00000000d6000000, 0x0000000100000000)
  eden space 6144K, 99% used [0x00000000d5580000,0x00000000d5b7c070,0x00000000d5b80000)
  from space 1024K, 96% used [0x00000000d5f00000,0x00000000d5ff6450,0x00000000d6000000)
  to   space 2048K, 0% used [0x00000000d5c00000,0x00000000d5c00000,0x00000000d5e00000)
 ParOldGen       total 804864K, used 804863K [0x0000000080000000, 0x00000000b1200000, 0x00000000d5580000)
  object space 804864K, 99% used [0x0000000080000000,0x00000000b11ffdc8,0x00000000b1200000)
 Metaspace       used 71151K, committed 72704K, reserved 1114112K
  class space    used 7467K, committed 8128K, reserved 1048576K
}
Event: 47.498 GC heap after
{Heap after GC invocations=1222 (full 3):
 PSYoungGen      total 8192K, used 1709K [0x00000000d5580000, 0x00000000d5f80000, 0x0000000100000000)
  eden space 6144K, 0% used [0x00000000d5580000,0x00000000d5580000,0x00000000d5b80000)
  from space 2048K, 83% used [0x00000000d5c00000,0x00000000d5dab780,0x00000000d5e00000)
  to   space 1536K, 0% used [0x00000000d5e00000,0x00000000d5e00000,0x00000000d5f80000)
 ParOldGen       total 807936K, used 807555K [0x0000000080000000, 0x00000000b1500000, 0x00000000d5580000)
  object space 807936K, 99% used [0x0000000080000000,0x00000000b14a0cf8,0x00000000b1500000)
 Metaspace       used 71151K, committed 72704K, reserved 1114112K
  class space    used 7467K, committed 8128K, reserved 1048576K
}
Event: 47.561 GC heap before
{Heap before GC invocations=1223 (full 3):
 PSYoungGen      total 8192K, used 7853K [0x00000000d5580000, 0x00000000d5f80000, 0x0000000100000000)
  eden space 6144K, 100% used [0x00000000d5580000,0x00000000d5b80000,0x00000000d5b80000)
  from space 2048K, 83% used [0x00000000d5c00000,0x00000000d5dab780,0x00000000d5e00000)
  to   space 1536K, 0% used [0x00000000d5e00000,0x00000000d5e00000,0x00000000d5f80000)
 ParOldGen       total 807936K, used 807555K [0x0000000080000000, 0x00000000b1500000, 0x00000000d5580000)
  object space 807936K, 99% used [0x0000000080000000,0x00000000b14a0cf8,0x00000000b1500000)
 Metaspace       used 71981K, committed 73600K, reserved 1114112K
  class space    used 7546K, committed 8256K, reserved 1048576K
}
Event: 47.564 GC heap after
{Heap after GC invocations=1223 (full 3):
 PSYoungGen      total 7168K, used 743K [0x00000000d5580000, 0x00000000d5f00000, 0x0000000100000000)
  eden space 6144K, 0% used [0x00000000d5580000,0x00000000d5580000,0x00000000d5b80000)
  from space 1024K, 72% used [0x00000000d5e00000,0x00000000d5eb9eb0,0x00000000d5f00000)
  to   space 1536K, 0% used [0x00000000d5c00000,0x00000000d5c00000,0x00000000d5d80000)
 ParOldGen       total 808448K, used 808051K [0x0000000080000000, 0x00000000b1580000, 0x00000000d5580000)
  object space 808448K, 99% used [0x0000000080000000,0x00000000b151ccf8,0x00000000b1580000)
 Metaspace       used 71981K, committed 73600K, reserved 1114112K
  class space    used 7546K, committed 8256K, reserved 1048576K
}
Event: 47.590 GC heap before
{Heap before GC invocations=1224 (full 3):
 PSYoungGen      total 7168K, used 6887K [0x00000000d5580000, 0x00000000d5f00000, 0x0000000100000000)
  eden space 6144K, 100% used [0x00000000d5580000,0x00000000d5b80000,0x00000000d5b80000)
  from space 1024K, 72% used [0x00000000d5e00000,0x00000000d5eb9eb0,0x00000000d5f00000)
  to   space 1536K, 0% used [0x00000000d5c00000,0x00000000d5c00000,0x00000000d5d80000)
 ParOldGen       total 808448K, used 808051K [0x0000000080000000, 0x00000000b1580000, 0x00000000d5580000)
  object space 808448K, 99% used [0x0000000080000000,0x00000000b151ccf8,0x00000000b1580000)
 Metaspace       used 72031K, committed 73664K, reserved 1114112K
  class space    used 7549K, committed 8256K, reserved 1048576K
}
Event: 47.594 GC heap after
{Heap after GC invocations=1224 (full 3):
 PSYoungGen      total 7680K, used 755K [0x00000000d5580000, 0x00000000d5e80000, 0x0000000100000000)
  eden space 6144K, 0% used [0x00000000d5580000,0x00000000d5580000,0x00000000d5b80000)
  from space 1536K, 49% used [0x00000000d5c00000,0x00000000d5cbcd00,0x00000000d5d80000)
  to   space 1024K, 0% used [0x00000000d5d80000,0x00000000d5d80000,0x00000000d5e80000)
 ParOldGen       total 812544K, used 812262K [0x0000000080000000, 0x00000000b1980000, 0x00000000d5580000)
  object space 812544K, 99% used [0x0000000080000000,0x00000000b1939a38,0x00000000b1980000)
 Metaspace       used 72031K, committed 73664K, reserved 1114112K
  class space    used 7549K, committed 8256K, reserved 1048576K
}
Event: 47.604 GC heap before
{Heap before GC invocations=1225 (full 3):
 PSYoungGen      total 7680K, used 6840K [0x00000000d5580000, 0x00000000d5e80000, 0x0000000100000000)
  eden space 6144K, 99% used [0x00000000d5580000,0x00000000d5b71600,0x00000000d5b80000)
  from space 1536K, 49% used [0x00000000d5c00000,0x00000000d5cbcd00,0x00000000d5d80000)
  to   space 1024K, 0% used [0x00000000d5d80000,0x00000000d5d80000,0x00000000d5e80000)
 ParOldGen       total 812544K, used 812262K [0x0000000080000000, 0x00000000b1980000, 0x00000000d5580000)
  object space 812544K, 99% used [0x0000000080000000,0x00000000b1939a38,0x00000000b1980000)
 Metaspace       used 72073K, committed 73664K, reserved 1114112K
  class space    used 7555K, committed 8256K, reserved 1048576K
}
Event: 47.606 GC heap after
{Heap after GC invocations=1225 (full 3):
 PSYoungGen      total 7168K, used 681K [0x00000000d5580000, 0x00000000d5e80000, 0x0000000100000000)
  eden space 6144K, 0% used [0x00000000d5580000,0x00000000d5580000,0x00000000d5b80000)
  from space 1024K, 66% used [0x00000000d5d80000,0x00000000d5e2a560,0x00000000d5e80000)
  to   space 1024K, 0% used [0x00000000d5c80000,0x00000000d5c80000,0x00000000d5d80000)
 ParOldGen       total 813056K, used 812614K [0x0000000080000000, 0x00000000b1a00000, 0x00000000d5580000)
  object space 813056K, 99% used [0x0000000080000000,0x00000000b1991a38,0x00000000b1a00000)
 Metaspace       used 72073K, committed 73664K, reserved 1114112K
  class space    used 7555K, committed 8256K, reserved 1048576K
}
Event: 47.763 GC heap before
{Heap before GC invocations=1226 (full 3):
 PSYoungGen      total 7168K, used 6825K [0x00000000d5580000, 0x00000000d5e80000, 0x0000000100000000)
  eden space 6144K, 100% used [0x00000000d5580000,0x00000000d5b80000,0x00000000d5b80000)
  from space 1024K, 66% used [0x00000000d5d80000,0x00000000d5e2a560,0x00000000d5e80000)
  to   space 1024K, 0% used [0x00000000d5c80000,0x00000000d5c80000,0x00000000d5d80000)
 ParOldGen       total 813056K, used 812614K [0x0000000080000000, 0x00000000b1a00000, 0x00000000d5580000)
  object space 813056K, 99% used [0x0000000080000000,0x00000000b1991a38,0x00000000b1a00000)
 Metaspace       used 72516K, committed 74048K, reserved 1179648K
  class space    used 7586K, committed 8256K, reserved 1048576K
}
Event: 47.765 GC heap after
{Heap after GC invocations=1226 (full 3):
 PSYoungGen      total 7168K, used 992K [0x00000000d5580000, 0x00000000d5e80000, 0x0000000100000000)
  eden space 6144K, 0% used [0x00000000d5580000,0x00000000d5580000,0x00000000d5b80000)
  from space 1024K, 96% used [0x00000000d5c80000,0x00000000d5d78020,0x00000000d5d80000)
  to   space 1024K, 0% used [0x00000000d5d80000,0x00000000d5d80000,0x00000000d5e80000)
 ParOldGen       total 813056K, used 812686K [0x0000000080000000, 0x00000000b1a00000, 0x00000000d5580000)
  object space 813056K, 99% used [0x0000000080000000,0x00000000b19a3a38,0x00000000b1a00000)
 Metaspace       used 72516K, committed 74048K, reserved 1179648K
  class space    used 7586K, committed 8256K, reserved 1048576K
}
Event: 47.863 GC heap before
{Heap before GC invocations=1227 (full 3):
 PSYoungGen      total 7168K, used 7116K [0x00000000d5580000, 0x00000000d5e80000, 0x0000000100000000)
  eden space 6144K, 99% used [0x00000000d5580000,0x00000000d5b7b2f8,0x00000000d5b80000)
  from space 1024K, 96% used [0x00000000d5c80000,0x00000000d5d78020,0x00000000d5d80000)
  to   space 1024K, 0% used [0x00000000d5d80000,0x00000000d5d80000,0x00000000d5e80000)
 ParOldGen       total 813056K, used 812686K [0x0000000080000000, 0x00000000b1a00000, 0x00000000d5580000)
  object space 813056K, 99% used [0x0000000080000000,0x00000000b19a3a38,0x00000000b1a00000)
 Metaspace       used 73194K, committed 74816K, reserved 1179648K
  class space    used 7663K, committed 8384K, reserved 1048576K
}
Event: 47.866 GC heap after
{Heap after GC invocations=1227 (full 3):
 PSYoungGen      total 7168K, used 736K [0x00000000d5580000, 0x00000000d5e80000, 0x0000000100000000)
  eden space 6144K, 0% used [0x00000000d5580000,0x00000000d5580000,0x00000000d5b80000)
  from space 1024K, 71% used [0x00000000d5d80000,0x00000000d5e38010,0x00000000d5e80000)
  to   space 1024K, 0% used [0x00000000d5c80000,0x00000000d5c80000,0x00000000d5d80000)
 ParOldGen       total 813568K, used 813528K [0x0000000080000000, 0x00000000b1a80000, 0x00000000d5580000)
  object space 813568K, 99% used [0x0000000080000000,0x00000000b1a76188,0x00000000b1a80000)
 Metaspace       used 73194K, committed 74816K, reserved 1179648K
  class space    used 7663K, committed 8384K, reserved 1048576K
}
Event: 47.892 GC heap before
{Heap before GC invocations=1228 (full 3):
 PSYoungGen      total 7168K, used 6785K [0x00000000d5580000, 0x00000000d5e80000, 0x0000000100000000)
  eden space 6144K, 98% used [0x00000000d5580000,0x00000000d5b685b0,0x00000000d5b80000)
  from space 1024K, 71% used [0x00000000d5d80000,0x00000000d5e38010,0x00000000d5e80000)
  to   space 1024K, 0% used [0x00000000d5c80000,0x00000000d5c80000,0x00000000d5d80000)
 ParOldGen       total 813568K, used 813528K [0x0000000080000000, 0x00000000b1a80000, 0x00000000d5580000)
  object space 813568K, 99% used [0x0000000080000000,0x00000000b1a76188,0x00000000b1a80000)
 Metaspace       used 73239K, committed 74816K, reserved 1179648K
  class space    used 7666K, committed 8384K, reserved 1048576K
}
Event: 47.894 GC heap after
{Heap after GC invocations=1228 (full 3):
 PSYoungGen      total 7168K, used 1008K [0x00000000d5580000, 0x00000000d5f80000, 0x0000000100000000)
  eden space 6144K, 0% used [0x00000000d5580000,0x00000000d5580000,0x00000000d5b80000)
  from space 1024K, 98% used [0x00000000d5c80000,0x00000000d5d7c148,0x00000000d5d80000)
  to   space 2048K, 0% used [0x00000000d5d80000,0x00000000d5d80000,0x00000000d5f80000)
 ParOldGen       total 814080K, used 814016K [0x0000000080000000, 0x00000000b1b00000, 0x00000000d5580000)
  object space 814080K, 99% used [0x0000000080000000,0x00000000b1af0188,0x00000000b1b00000)
 Metaspace       used 73239K, committed 74816K, reserved 1179648K
  class space    used 7666K, committed 8384K, reserved 1048576K
}

