# JRE version: OpenJDK Runtime Environment Temurin-21.0.8+9 (21.0.8+9) (build 21.0.8+9-LTS)
# Java VM: OpenJDK 64-Bit Server VM Temurin-21.0.8+9 (21.0.8+9-LTS, mixed mode, sharing, tiered, compressed oops, compressed class ptrs, parallel gc, windows-amd64)
GC Precious Log:
 CardTable entry size: 512
 CPUs: 12 total, 12 available
 Memory: 16016M
 Large Page Support: Disabled
 NUMA Support: Disabled
 Compressed Oops: Enabled (32-bit)
 Alignments: Space 512K, Generation 512K, Heap 2M
 Heap Min Capacity: 100M
 Heap Initial Capacity: 100M
 Heap Max Capacity: 2G
 Pre-touch: Disabled
 Parallel Workers: 10
Heap:
 PSYoungGen      total 6656K, used 2450K [0x00000000d5580000, 0x00000000d5d80000, 0x0000000100000000)
  eden space 6144K, 32% used [0x00000000d5580000,0x00000000d576cab0,0x00000000d5b80000)
  from space 512K, 93% used [0x00000000d5d00000,0x00000000d5d78000,0x00000000d5d80000)
  to   space 512K, 0% used [0x00000000d5c80000,0x00000000d5c80000,0x00000000d5d00000)
 ParOldGen       total 298496K, used 298471K [0x0000000080000000, 0x0000000092380000, 0x00000000d5580000)
  object space 298496K, 99% used [0x0000000080000000,0x0000000092379f80,0x0000000092380000)
 Metaspace       used 78904K, committed 80704K, reserved 1179648K
  class space    used 8377K, committed 9216K, reserved 1048576K
GC Heap History (20 events):
Event: 39.373 GC heap before
{Heap before GC invocations=250 (full 3):
 PSYoungGen      total 7168K, used 7168K [0x00000000d5580000, 0x00000000d5f00000, 0x0000000100000000)
  eden space 6144K, 100% used [0x00000000d5580000,0x00000000d5b80000,0x00000000d5b80000)
  from space 1024K, 100% used [0x00000000d5e00000,0x00000000d5f00000,0x00000000d5f00000)
  to   space 1536K, 0% used [0x00000000d5c00000,0x00000000d5c00000,0x00000000d5d80000)
 ParOldGen       total 295936K, used 295862K [0x0000000080000000, 0x0000000092100000, 0x00000000d5580000)
  object space 295936K, 99% used [0x0000000080000000,0x00000000920ed9c8,0x0000000092100000)
 Metaspace       used 74473K, committed 76160K, reserved 1179648K
  class space    used 7814K, committed 8576K, reserved 1048576K
}
Event: 39.374 GC heap after
{Heap after GC invocations=250 (full 3):
 PSYoungGen      total 7680K, used 640K [0x00000000d5580000, 0x00000000d5e80000, 0x0000000100000000)
  eden space 6144K, 0% used [0x00000000d5580000,0x00000000d5580000,0x00000000d5b80000)
  from space 1536K, 41% used [0x00000000d5c00000,0x00000000d5ca0000,0x00000000d5d80000)
  to   space 1024K, 0% used [0x00000000d5d80000,0x00000000d5d80000,0x00000000d5e80000)
 ParOldGen       total 296448K, used 296254K [0x0000000080000000, 0x0000000092180000, 0x00000000d5580000)
  object space 296448K, 99% used [0x0000000080000000,0x000000009214f9c8,0x0000000092180000)
 Metaspace       used 74473K, committed 76160K, reserved 1179648K
  class space    used 7814K, committed 8576K, reserved 1048576K
}
Event: 39.407 GC heap before
{Heap before GC invocations=251 (full 3):
 PSYoungGen      total 7680K, used 6784K [0x00000000d5580000, 0x00000000d5e80000, 0x0000000100000000)
  eden space 6144K, 100% used [0x00000000d5580000,0x00000000d5b80000,0x00000000d5b80000)
  from space 1536K, 41% used [0x00000000d5c00000,0x00000000d5ca0000,0x00000000d5d80000)
  to   space 1024K, 0% used [0x00000000d5d80000,0x00000000d5d80000,0x00000000d5e80000)
 ParOldGen       total 296448K, used 296254K [0x0000000080000000, 0x0000000092180000, 0x00000000d5580000)
  object space 296448K, 99% used [0x0000000080000000,0x000000009214f9c8,0x0000000092180000)
 Metaspace       used 74511K, committed 76160K, reserved 1179648K
  class space    used 7814K, committed 8576K, reserved 1048576K
}
Event: 39.408 GC heap after
{Heap after GC invocations=251 (full 3):
 PSYoungGen      total 7168K, used 624K [0x00000000d5580000, 0x00000000d5e80000, 0x0000000100000000)
  eden space 6144K, 0% used [0x00000000d5580000,0x00000000d5580000,0x00000000d5b80000)
  from space 1024K, 60% used [0x00000000d5d80000,0x00000000d5e1c010,0x00000000d5e80000)
  to   space 1024K, 0% used [0x00000000d5c80000,0x00000000d5c80000,0x00000000d5d80000)
 ParOldGen       total 296960K, used 296486K [0x0000000080000000, 0x0000000092200000, 0x00000000d5580000)
  object space 296960K, 99% used [0x0000000080000000,0x00000000921899c8,0x0000000092200000)
 Metaspace       used 74511K, committed 76160K, reserved 1179648K
  class space    used 7814K, committed 8576K, reserved 1048576K
}
Event: 39.494 GC heap before
{Heap before GC invocations=252 (full 3):
 PSYoungGen      total 7168K, used 6768K [0x00000000d5580000, 0x00000000d5e80000, 0x0000000100000000)
  eden space 6144K, 100% used [0x00000000d5580000,0x00000000d5b80000,0x00000000d5b80000)
  from space 1024K, 60% used [0x00000000d5d80000,0x00000000d5e1c010,0x00000000d5e80000)
  to   space 1024K, 0% used [0x00000000d5c80000,0x00000000d5c80000,0x00000000d5d80000)
 ParOldGen       total 296960K, used 296486K [0x0000000080000000, 0x0000000092200000, 0x00000000d5580000)
  object space 296960K, 99% used [0x0000000080000000,0x00000000921899c8,0x0000000092200000)
 Metaspace       used 74622K, committed 76352K, reserved 1179648K
  class space    used 7825K, committed 8640K, reserved 1048576K
}
Event: 39.496 GC heap after
{Heap after GC invocations=252 (full 3):
 PSYoungGen      total 7168K, used 384K [0x00000000d5580000, 0x00000000d5e00000, 0x0000000100000000)
  eden space 6144K, 0% used [0x00000000d5580000,0x00000000d5580000,0x00000000d5b80000)
  from space 1024K, 37% used [0x00000000d5c80000,0x00000000d5ce0000,0x00000000d5d80000)
  to   space 512K, 0% used [0x00000000d5d80000,0x00000000d5d80000,0x00000000d5e00000)
 ParOldGen       total 296960K, used 296806K [0x0000000080000000, 0x0000000092200000, 0x00000000d5580000)
  object space 296960K, 99% used [0x0000000080000000,0x00000000921d99c8,0x0000000092200000)
 Metaspace       used 74622K, committed 76352K, reserved 1179648K
  class space    used 7825K, committed 8640K, reserved 1048576K
}
Event: 39.590 GC heap before
{Heap before GC invocations=253 (full 3):
 PSYoungGen      total 7168K, used 6528K [0x00000000d5580000, 0x00000000d5e00000, 0x0000000100000000)
  eden space 6144K, 100% used [0x00000000d5580000,0x00000000d5b80000,0x00000000d5b80000)
  from space 1024K, 37% used [0x00000000d5c80000,0x00000000d5ce0000,0x00000000d5d80000)
  to   space 512K, 0% used [0x00000000d5d80000,0x00000000d5d80000,0x00000000d5e00000)
 ParOldGen       total 296960K, used 296806K [0x0000000080000000, 0x0000000092200000, 0x00000000d5580000)
  object space 296960K, 99% used [0x0000000080000000,0x00000000921d99c8,0x0000000092200000)
 Metaspace       used 74968K, committed 76672K, reserved 1179648K
  class space    used 7874K, committed 8640K, reserved 1048576K
}
Event: 39.591 GC heap after
{Heap after GC invocations=253 (full 3):
 PSYoungGen      total 6656K, used 494K [0x00000000d5580000, 0x00000000d5e00000, 0x0000000100000000)
  eden space 6144K, 0% used [0x00000000d5580000,0x00000000d5580000,0x00000000d5b80000)
  from space 512K, 96% used [0x00000000d5d80000,0x00000000d5dfbbf8,0x00000000d5e00000)
  to   space 1024K, 0% used [0x00000000d5c00000,0x00000000d5c00000,0x00000000d5d00000)
 ParOldGen       total 297472K, used 297154K [0x0000000080000000, 0x0000000092280000, 0x00000000d5580000)
  object space 297472K, 99% used [0x0000000080000000,0x0000000092230868,0x0000000092280000)
 Metaspace       used 74968K, committed 76672K, reserved 1179648K
  class space    used 7874K, committed 8640K, reserved 1048576K
}
Event: 39.688 GC heap before
{Heap before GC invocations=254 (full 3):
 PSYoungGen      total 6656K, used 6638K [0x00000000d5580000, 0x00000000d5e00000, 0x0000000100000000)
  eden space 6144K, 100% used [0x00000000d5580000,0x00000000d5b80000,0x00000000d5b80000)
  from space 512K, 96% used [0x00000000d5d80000,0x00000000d5dfbbf8,0x00000000d5e00000)
  to   space 1024K, 0% used [0x00000000d5c00000,0x00000000d5c00000,0x00000000d5d00000)
 ParOldGen       total 297472K, used 297154K [0x0000000080000000, 0x0000000092280000, 0x00000000d5580000)
  object space 297472K, 99% used [0x0000000080000000,0x0000000092230868,0x0000000092280000)
 Metaspace       used 75477K, committed 77184K, reserved 1179648K
  class space    used 7918K, committed 8704K, reserved 1048576K
}
Event: 39.690 GC heap after
{Heap after GC invocations=254 (full 3):
 PSYoungGen      total 7168K, used 384K [0x00000000d5580000, 0x00000000d5e00000, 0x0000000100000000)
  eden space 6144K, 0% used [0x00000000d5580000,0x00000000d5580000,0x00000000d5b80000)
  from space 1024K, 37% used [0x00000000d5c00000,0x00000000d5c60000,0x00000000d5d00000)
  to   space 1024K, 0% used [0x00000000d5d00000,0x00000000d5d00000,0x00000000d5e00000)
 ParOldGen       total 297984K, used 297648K [0x0000000080000000, 0x0000000092300000, 0x00000000d5580000)
  object space 297984K, 99% used [0x0000000080000000,0x00000000922ac348,0x0000000092300000)
 Metaspace       used 75477K, committed 77184K, reserved 1179648K
  class space    used 7918K, committed 8704K, reserved 1048576K
}
Event: 39.857 GC heap before
{Heap before GC invocations=255 (full 3):
 PSYoungGen      total 7168K, used 6374K [0x00000000d5580000, 0x00000000d5e00000, 0x0000000100000000)
  eden space 6144K, 97% used [0x00000000d5580000,0x00000000d5b599a0,0x00000000d5b80000)
  from space 1024K, 37% used [0x00000000d5c00000,0x00000000d5c60000,0x00000000d5d00000)
  to   space 1024K, 0% used [0x00000000d5d00000,0x00000000d5d00000,0x00000000d5e00000)
 ParOldGen       total 297984K, used 297648K [0x0000000080000000, 0x0000000092300000, 0x00000000d5580000)
  object space 297984K, 99% used [0x0000000080000000,0x00000000922ac348,0x0000000092300000)
 Metaspace       used 76040K, committed 77760K, reserved 1179648K
  class space    used 7976K, committed 8768K, reserved 1048576K
}
Event: 39.858 GC heap after
{Heap after GC invocations=255 (full 3):
 PSYoungGen      total 7168K, used 786K [0x00000000d5580000, 0x00000000d5e00000, 0x0000000100000000)
  eden space 6144K, 0% used [0x00000000d5580000,0x00000000d5580000,0x00000000d5b80000)
  from space 1024K, 76% used [0x00000000d5d00000,0x00000000d5dc48d0,0x00000000d5e00000)
  to   space 1024K, 0% used [0x00000000d5c00000,0x00000000d5c00000,0x00000000d5d00000)
 ParOldGen       total 297984K, used 297816K [0x0000000080000000, 0x0000000092300000, 0x00000000d5580000)
  object space 297984K, 99% used [0x0000000080000000,0x00000000922d6358,0x0000000092300000)
 Metaspace       used 76040K, committed 77760K, reserved 1179648K
  class space    used 7976K, committed 8768K, reserved 1048576K
}
Event: 39.903 GC heap before
{Heap before GC invocations=256 (full 3):
 PSYoungGen      total 7168K, used 6890K [0x00000000d5580000, 0x00000000d5e00000, 0x0000000100000000)
  eden space 6144K, 99% used [0x00000000d5580000,0x00000000d5b76028,0x00000000d5b80000)
  from space 1024K, 76% used [0x00000000d5d00000,0x00000000d5dc48d0,0x00000000d5e00000)
  to   space 1024K, 0% used [0x00000000d5c00000,0x00000000d5c00000,0x00000000d5d00000)
 ParOldGen       total 297984K, used 297816K [0x0000000080000000, 0x0000000092300000, 0x00000000d5580000)
  object space 297984K, 99% used [0x0000000080000000,0x00000000922d6358,0x0000000092300000)
 Metaspace       used 76824K, committed 78592K, reserved 1179648K
  class space    used 8069K, committed 8896K, reserved 1048576K
}
Event: 39.904 GC heap after
{Heap after GC invocations=256 (full 3):
 PSYoungGen      total 7168K, used 224K [0x00000000d5580000, 0x00000000d5d80000, 0x0000000100000000)
  eden space 6144K, 0% used [0x00000000d5580000,0x00000000d5580000,0x00000000d5b80000)
  from space 1024K, 21% used [0x00000000d5c00000,0x00000000d5c38000,0x00000000d5d00000)
  to   space 512K, 0% used [0x00000000d5d00000,0x00000000d5d00000,0x00000000d5d80000)
 ParOldGen       total 298496K, used 298063K [0x0000000080000000, 0x0000000092380000, 0x00000000d5580000)
  object space 298496K, 99% used [0x0000000080000000,0x0000000092313f40,0x0000000092380000)
 Metaspace       used 76824K, committed 78592K, reserved 1179648K
  class space    used 8069K, committed 8896K, reserved 1048576K
}
Event: 39.957 GC heap before
{Heap before GC invocations=257 (full 3):
 PSYoungGen      total 7168K, used 6368K [0x00000000d5580000, 0x00000000d5d80000, 0x0000000100000000)
  eden space 6144K, 100% used [0x00000000d5580000,0x00000000d5b80000,0x00000000d5b80000)
  from space 1024K, 21% used [0x00000000d5c00000,0x00000000d5c38000,0x00000000d5d00000)
  to   space 512K, 0% used [0x00000000d5d00000,0x00000000d5d00000,0x00000000d5d80000)
 ParOldGen       total 298496K, used 298063K [0x0000000080000000, 0x0000000092380000, 0x00000000d5580000)
  object space 298496K, 99% used [0x0000000080000000,0x0000000092313f40,0x0000000092380000)
 Metaspace       used 77413K, committed 79232K, reserved 1179648K
  class space    used 8185K, committed 9024K, reserved 1048576K
}
Event: 39.959 GC heap after
{Heap after GC invocations=257 (full 3):
 PSYoungGen      total 6656K, used 288K [0x00000000d5580000, 0x00000000d5d80000, 0x0000000100000000)
  eden space 6144K, 0% used [0x00000000d5580000,0x00000000d5580000,0x00000000d5b80000)
  from space 512K, 56% used [0x00000000d5d00000,0x00000000d5d48000,0x00000000d5d80000)
  to   space 512K, 0% used [0x00000000d5c80000,0x00000000d5c80000,0x00000000d5d00000)
 ParOldGen       total 298496K, used 298143K [0x0000000080000000, 0x0000000092380000, 0x00000000d5580000)
  object space 298496K, 99% used [0x0000000080000000,0x0000000092327f40,0x0000000092380000)
 Metaspace       used 77413K, committed 79232K, reserved 1179648K
  class space    used 8185K, committed 9024K, reserved 1048576K
}
Event: 39.999 GC heap before
{Heap before GC invocations=258 (full 3):
 PSYoungGen      total 6656K, used 6432K [0x00000000d5580000, 0x00000000d5d80000, 0x0000000100000000)
  eden space 6144K, 100% used [0x00000000d5580000,0x00000000d5b80000,0x00000000d5b80000)
  from space 512K, 56% used [0x00000000d5d00000,0x00000000d5d48000,0x00000000d5d80000)
  to   space 512K, 0% used [0x00000000d5c80000,0x00000000d5c80000,0x00000000d5d00000)
 ParOldGen       total 298496K, used 298143K [0x0000000080000000, 0x0000000092380000, 0x00000000d5580000)
  object space 298496K, 99% used [0x0000000080000000,0x0000000092327f40,0x0000000092380000)
 Metaspace       used 78119K, committed 79936K, reserved 1179648K
  class space    used 8289K, committed 9152K, reserved 1048576K
}
Event: 40.000 GC heap after
{Heap after GC invocations=258 (full 3):
 PSYoungGen      total 6656K, used 352K [0x00000000d5580000, 0x00000000d5d80000, 0x0000000100000000)
  eden space 6144K, 0% used [0x00000000d5580000,0x00000000d5580000,0x00000000d5b80000)
  from space 512K, 68% used [0x00000000d5c80000,0x00000000d5cd8000,0x00000000d5d00000)
  to   space 512K, 0% used [0x00000000d5d00000,0x00000000d5d00000,0x00000000d5d80000)
 ParOldGen       total 298496K, used 298295K [0x0000000080000000, 0x0000000092380000, 0x00000000d5580000)
  object space 298496K, 99% used [0x0000000080000000,0x000000009234df70,0x0000000092380000)
 Metaspace       used 78119K, committed 79936K, reserved 1179648K
  class space    used 8289K, committed 9152K, reserved 1048576K
}
Event: 339.494 GC heap before
{Heap before GC invocations=259 (full 3):
 PSYoungGen      total 6656K, used 6496K [0x00000000d5580000, 0x00000000d5d80000, 0x0000000100000000)
  eden space 6144K, 100% used [0x00000000d5580000,0x00000000d5b80000,0x00000000d5b80000)
  from space 512K, 68% used [0x00000000d5c80000,0x00000000d5cd8000,0x00000000d5d00000)
  to   space 512K, 0% used [0x00000000d5d00000,0x00000000d5d00000,0x00000000d5d80000)
 ParOldGen       total 298496K, used 298295K [0x0000000080000000, 0x0000000092380000, 0x00000000d5580000)
  object space 298496K, 99% used [0x0000000080000000,0x000000009234df70,0x0000000092380000)
 Metaspace       used 78843K, committed 80640K, reserved 1179648K
  class space    used 8368K, committed 9216K, reserved 1048576K
}
Event: 339.500 GC heap after
{Heap after GC invocations=259 (full 3):
 PSYoungGen      total 6656K, used 480K [0x00000000d5580000, 0x00000000d5d80000, 0x0000000100000000)
  eden space 6144K, 0% used [0x00000000d5580000,0x00000000d5580000,0x00000000d5b80000)
  from space 512K, 93% used [0x00000000d5d00000,0x00000000d5d78000,0x00000000d5d80000)
  to   space 512K, 0% used [0x00000000d5c80000,0x00000000d5c80000,0x00000000d5d00000)
 ParOldGen       total 298496K, used 298471K [0x0000000080000000, 0x0000000092380000, 0x00000000d5580000)
  object space 298496K, 99% used [0x0000000080000000,0x0000000092379f80,0x0000000092380000)
 Metaspace       used 78843K, committed 80640K, reserved 1179648K
  class space    used 8368K, committed 9216K, reserved 1048576K
}

