# JRE version: OpenJDK Runtime Environment Temurin-21.0.8+9 (21.0.8+9) (build 21.0.8+9-LTS)
# Java VM: OpenJDK 64-Bit Server VM Temurin-21.0.8+9 (21.0.8+9-LTS, mixed mode, sharing, tiered, compressed oops, compressed class ptrs, parallel gc, windows-amd64)
GC Precious Log:
 CardTable entry size: 512
 CPUs: 12 total, 12 available
 Memory: 16016M
 Large Page Support: Disabled
 NUMA Support: Disabled
 Compressed Oops: Enabled (32-bit)
 Alignments: Space 512K, Generation 512K, Heap 2M
 Heap Min Capacity: 100M
 Heap Initial Capacity: 100M
 Heap Max Capacity: 2G
 Pre-touch: Disabled
 Parallel Workers: 10
Heap:
 PSYoungGen      total 15872K, used 10874K [0x00000000d5580000, 0x00000000d6d80000, 0x0000000100000000)
  eden space 10752K, 56% used [0x00000000d5580000,0x00000000d5b68bd0,0x00000000d6000000)
  from space 5120K, 94% used [0x00000000d6880000,0x00000000d6d36028,0x00000000d6d80000)
  to   space 5632K, 0% used [0x00000000d6280000,0x00000000d6280000,0x00000000d6800000)
 ParOldGen       total 704512K, used 704397K [0x0000000080000000, 0x00000000ab000000, 0x00000000d5580000)
  object space 704512K, 99% used [0x0000000080000000,0x00000000aafe3428,0x00000000ab000000)
 Metaspace       used 75685K, committed 77312K, reserved 1179648K
  class space    used 8003K, committed 8704K, reserved 1048576K
GC Heap History (20 events):
Event: 17.568 GC heap before
{Heap before GC invocations=1138 (full 3):
 PSYoungGen      total 11264K, used 11262K [0x00000000d5580000, 0x00000000d6200000, 0x0000000100000000)
  eden space 10752K, 100% used [0x00000000d5580000,0x00000000d6000000,0x00000000d6000000)
  from space 512K, 99% used [0x00000000d6180000,0x00000000d61ff9c0,0x00000000d6200000)
  to   space 1024K, 0% used [0x00000000d6000000,0x00000000d6000000,0x00000000d6100000)
 ParOldGen       total 694784K, used 694365K [0x0000000080000000, 0x00000000aa680000, 0x00000000d5580000)
  object space 694784K, 99% used [0x0000000080000000,0x00000000aa6177b0,0x00000000aa680000)
 Metaspace       used 74398K, committed 75968K, reserved 1179648K
  class space    used 7871K, committed 8576K, reserved 1048576K
}
Event: 17.570 GC heap after
{Heap after GC invocations=1138 (full 3):
 PSYoungGen      total 11776K, used 896K [0x00000000d5580000, 0x00000000d6200000, 0x0000000100000000)
  eden space 10752K, 0% used [0x00000000d5580000,0x00000000d5580000,0x00000000d6000000)
  from space 1024K, 87% used [0x00000000d6000000,0x00000000d60e01a0,0x00000000d6100000)
  to   space 1024K, 0% used [0x00000000d6100000,0x00000000d6100000,0x00000000d6200000)
 ParOldGen       total 694784K, used 694699K [0x0000000080000000, 0x00000000aa680000, 0x00000000d5580000)
  object space 694784K, 99% used [0x0000000080000000,0x00000000aa66af68,0x00000000aa680000)
 Metaspace       used 74398K, committed 75968K, reserved 1179648K
  class space    used 7871K, committed 8576K, reserved 1048576K
}
Event: 17.583 GC heap before
{Heap before GC invocations=1139 (full 3):
 PSYoungGen      total 11776K, used 11648K [0x00000000d5580000, 0x00000000d6200000, 0x0000000100000000)
  eden space 10752K, 100% used [0x00000000d5580000,0x00000000d6000000,0x00000000d6000000)
  from space 1024K, 87% used [0x00000000d6000000,0x00000000d60e01a0,0x00000000d6100000)
  to   space 1024K, 0% used [0x00000000d6100000,0x00000000d6100000,0x00000000d6200000)
 ParOldGen       total 694784K, used 694699K [0x0000000080000000, 0x00000000aa680000, 0x00000000d5580000)
  object space 694784K, 99% used [0x0000000080000000,0x00000000aa66af68,0x00000000aa680000)
 Metaspace       used 74551K, committed 76096K, reserved 1179648K
  class space    used 7877K, committed 8576K, reserved 1048576K
}
Event: 17.586 GC heap after
{Heap after GC invocations=1139 (full 3):
 PSYoungGen      total 11776K, used 352K [0x00000000d5580000, 0x00000000d6200000, 0x0000000100000000)
  eden space 10752K, 0% used [0x00000000d5580000,0x00000000d5580000,0x00000000d6000000)
  from space 1024K, 34% used [0x00000000d6100000,0x00000000d6158000,0x00000000d6200000)
  to   space 1024K, 0% used [0x00000000d6000000,0x00000000d6000000,0x00000000d6100000)
 ParOldGen       total 695808K, used 695443K [0x0000000080000000, 0x00000000aa780000, 0x00000000d5580000)
  object space 695808K, 99% used [0x0000000080000000,0x00000000aa724fb0,0x00000000aa780000)
 Metaspace       used 74551K, committed 76096K, reserved 1179648K
  class space    used 7877K, committed 8576K, reserved 1048576K
}
Event: 17.602 GC heap before
{Heap before GC invocations=1140 (full 3):
 PSYoungGen      total 11776K, used 11104K [0x00000000d5580000, 0x00000000d6200000, 0x0000000100000000)
  eden space 10752K, 100% used [0x00000000d5580000,0x00000000d6000000,0x00000000d6000000)
  from space 1024K, 34% used [0x00000000d6100000,0x00000000d6158000,0x00000000d6200000)
  to   space 1024K, 0% used [0x00000000d6000000,0x00000000d6000000,0x00000000d6100000)
 ParOldGen       total 695808K, used 695443K [0x0000000080000000, 0x00000000aa780000, 0x00000000d5580000)
  object space 695808K, 99% used [0x0000000080000000,0x00000000aa724fb0,0x00000000aa780000)
 Metaspace       used 74674K, committed 76288K, reserved 1179648K
  class space    used 7889K, committed 8576K, reserved 1048576K
}
Event: 17.604 GC heap after
{Heap after GC invocations=1140 (full 3):
 PSYoungGen      total 11776K, used 705K [0x00000000d5580000, 0x00000000d6200000, 0x0000000100000000)
  eden space 10752K, 0% used [0x00000000d5580000,0x00000000d5580000,0x00000000d6000000)
  from space 1024K, 68% used [0x00000000d6000000,0x00000000d60b0670,0x00000000d6100000)
  to   space 1024K, 0% used [0x00000000d6100000,0x00000000d6100000,0x00000000d6200000)
 ParOldGen       total 695808K, used 695691K [0x0000000080000000, 0x00000000aa780000, 0x00000000d5580000)
  object space 695808K, 99% used [0x0000000080000000,0x00000000aa762fb0,0x00000000aa780000)
 Metaspace       used 74674K, committed 76288K, reserved 1179648K
  class space    used 7889K, committed 8576K, reserved 1048576K
}
Event: 17.620 GC heap before
{Heap before GC invocations=1141 (full 3):
 PSYoungGen      total 11776K, used 11457K [0x00000000d5580000, 0x00000000d6200000, 0x0000000100000000)
  eden space 10752K, 100% used [0x00000000d5580000,0x00000000d6000000,0x00000000d6000000)
  from space 1024K, 68% used [0x00000000d6000000,0x00000000d60b0670,0x00000000d6100000)
  to   space 1024K, 0% used [0x00000000d6100000,0x00000000d6100000,0x00000000d6200000)
 ParOldGen       total 695808K, used 695691K [0x0000000080000000, 0x00000000aa780000, 0x00000000d5580000)
  object space 695808K, 99% used [0x0000000080000000,0x00000000aa762fb0,0x00000000aa780000)
 Metaspace       used 74681K, committed 76288K, reserved 1179648K
  class space    used 7890K, committed 8576K, reserved 1048576K
}
Event: 17.621 GC heap after
{Heap after GC invocations=1141 (full 3):
 PSYoungGen      total 11776K, used 684K [0x00000000d5580000, 0x00000000d6200000, 0x0000000100000000)
  eden space 10752K, 0% used [0x00000000d5580000,0x00000000d5580000,0x00000000d6000000)
  from space 1024K, 66% used [0x00000000d6100000,0x00000000d61ab238,0x00000000d6200000)
  to   space 1024K, 0% used [0x00000000d6000000,0x00000000d6000000,0x00000000d6100000)
 ParOldGen       total 696320K, used 696082K [0x0000000080000000, 0x00000000aa800000, 0x00000000d5580000)
  object space 696320K, 99% used [0x0000000080000000,0x00000000aa7c4848,0x00000000aa800000)
 Metaspace       used 74681K, committed 76288K, reserved 1179648K
  class space    used 7890K, committed 8576K, reserved 1048576K
}
Event: 17.634 GC heap before
{Heap before GC invocations=1142 (full 3):
 PSYoungGen      total 11776K, used 11436K [0x00000000d5580000, 0x00000000d6200000, 0x0000000100000000)
  eden space 10752K, 100% used [0x00000000d5580000,0x00000000d6000000,0x00000000d6000000)
  from space 1024K, 66% used [0x00000000d6100000,0x00000000d61ab238,0x00000000d6200000)
  to   space 1024K, 0% used [0x00000000d6000000,0x00000000d6000000,0x00000000d6100000)
 ParOldGen       total 696320K, used 696082K [0x0000000080000000, 0x00000000aa800000, 0x00000000d5580000)
  object space 696320K, 99% used [0x0000000080000000,0x00000000aa7c4848,0x00000000aa800000)
 Metaspace       used 74774K, committed 76352K, reserved 1179648K
  class space    used 7899K, committed 8576K, reserved 1048576K
}
Event: 17.636 GC heap after
{Heap after GC invocations=1142 (full 3):
 PSYoungGen      total 11776K, used 556K [0x00000000d5580000, 0x00000000d6200000, 0x0000000100000000)
  eden space 10752K, 0% used [0x00000000d5580000,0x00000000d5580000,0x00000000d6000000)
  from space 1024K, 54% used [0x00000000d6000000,0x00000000d608b120,0x00000000d6100000)
  to   space 1024K, 0% used [0x00000000d6100000,0x00000000d6100000,0x00000000d6200000)
 ParOldGen       total 696832K, used 696572K [0x0000000080000000, 0x00000000aa880000, 0x00000000d5580000)
  object space 696832K, 99% used [0x0000000080000000,0x00000000aa83f070,0x00000000aa880000)
 Metaspace       used 74774K, committed 76352K, reserved 1179648K
  class space    used 7899K, committed 8576K, reserved 1048576K
}
Event: 17.651 GC heap before
{Heap before GC invocations=1143 (full 3):
 PSYoungGen      total 11776K, used 11308K [0x00000000d5580000, 0x00000000d6200000, 0x0000000100000000)
  eden space 10752K, 100% used [0x00000000d5580000,0x00000000d6000000,0x00000000d6000000)
  from space 1024K, 54% used [0x00000000d6000000,0x00000000d608b120,0x00000000d6100000)
  to   space 1024K, 0% used [0x00000000d6100000,0x00000000d6100000,0x00000000d6200000)
 ParOldGen       total 696832K, used 696572K [0x0000000080000000, 0x00000000aa880000, 0x00000000d5580000)
  object space 696832K, 99% used [0x0000000080000000,0x00000000aa83f070,0x00000000aa880000)
 Metaspace       used 74851K, committed 76480K, reserved 1179648K
  class space    used 7918K, committed 8640K, reserved 1048576K
}
Event: 17.653 GC heap after
{Heap after GC invocations=1143 (full 3):
 PSYoungGen      total 11776K, used 536K [0x00000000d5580000, 0x00000000d6200000, 0x0000000100000000)
  eden space 10752K, 0% used [0x00000000d5580000,0x00000000d5580000,0x00000000d6000000)
  from space 1024K, 52% used [0x00000000d6100000,0x00000000d61860d8,0x00000000d6200000)
  to   space 1024K, 0% used [0x00000000d6000000,0x00000000d6000000,0x00000000d6100000)
 ParOldGen       total 697344K, used 696898K [0x0000000080000000, 0x00000000aa900000, 0x00000000d5580000)
  object space 697344K, 99% used [0x0000000080000000,0x00000000aa890b78,0x00000000aa900000)
 Metaspace       used 74851K, committed 76480K, reserved 1179648K
  class space    used 7918K, committed 8640K, reserved 1048576K
}
Event: 17.669 GC heap before
{Heap before GC invocations=1144 (full 3):
 PSYoungGen      total 11776K, used 11288K [0x00000000d5580000, 0x00000000d6200000, 0x0000000100000000)
  eden space 10752K, 100% used [0x00000000d5580000,0x00000000d6000000,0x00000000d6000000)
  from space 1024K, 52% used [0x00000000d6100000,0x00000000d61860d8,0x00000000d6200000)
  to   space 1024K, 0% used [0x00000000d6000000,0x00000000d6000000,0x00000000d6100000)
 ParOldGen       total 697344K, used 696898K [0x0000000080000000, 0x00000000aa900000, 0x00000000d5580000)
  object space 697344K, 99% used [0x0000000080000000,0x00000000aa890b78,0x00000000aa900000)
 Metaspace       used 74905K, committed 76544K, reserved 1179648K
  class space    used 7927K, committed 8640K, reserved 1048576K
}
Event: 17.671 GC heap after
{Heap after GC invocations=1144 (full 3):
 PSYoungGen      total 11776K, used 992K [0x00000000d5580000, 0x00000000d6300000, 0x0000000100000000)
  eden space 10752K, 0% used [0x00000000d5580000,0x00000000d5580000,0x00000000d6000000)
  from space 1024K, 96% used [0x00000000d6000000,0x00000000d60f8208,0x00000000d6100000)
  to   space 1536K, 0% used [0x00000000d6180000,0x00000000d6180000,0x00000000d6300000)
 ParOldGen       total 697344K, used 697198K [0x0000000080000000, 0x00000000aa900000, 0x00000000d5580000)
  object space 697344K, 99% used [0x0000000080000000,0x00000000aa8db800,0x00000000aa900000)
 Metaspace       used 74905K, committed 76544K, reserved 1179648K
  class space    used 7927K, committed 8640K, reserved 1048576K
}
Event: 17.752 GC heap before
{Heap before GC invocations=1145 (full 3):
 PSYoungGen      total 11776K, used 10710K [0x00000000d5580000, 0x00000000d6300000, 0x0000000100000000)
  eden space 10752K, 90% used [0x00000000d5580000,0x00000000d5efd648,0x00000000d6000000)
  from space 1024K, 96% used [0x00000000d6000000,0x00000000d60f8208,0x00000000d6100000)
  to   space 1536K, 0% used [0x00000000d6180000,0x00000000d6180000,0x00000000d6300000)
 ParOldGen       total 697344K, used 697198K [0x0000000080000000, 0x00000000aa900000, 0x00000000d5580000)
  object space 697344K, 99% used [0x0000000080000000,0x00000000aa8db800,0x00000000aa900000)
 Metaspace       used 75148K, committed 76736K, reserved 1179648K
  class space    used 7947K, committed 8640K, reserved 1048576K
}
Event: 17.754 GC heap after
{Heap after GC invocations=1145 (full 3):
 PSYoungGen      total 11264K, used 503K [0x00000000d5580000, 0x00000000d6200000, 0x0000000100000000)
  eden space 10752K, 0% used [0x00000000d5580000,0x00000000d5580000,0x00000000d6000000)
  from space 512K, 98% used [0x00000000d6180000,0x00000000d61fdf00,0x00000000d6200000)
  to   space 1024K, 0% used [0x00000000d6000000,0x00000000d6000000,0x00000000d6100000)
 ParOldGen       total 697344K, used 697270K [0x0000000080000000, 0x00000000aa900000, 0x00000000d5580000)
  object space 697344K, 99% used [0x0000000080000000,0x00000000aa8ed800,0x00000000aa900000)
 Metaspace       used 75148K, committed 76736K, reserved 1179648K
  class space    used 7947K, committed 8640K, reserved 1048576K
}
Event: 17.854 GC heap before
{Heap before GC invocations=1146 (full 3):
 PSYoungGen      total 11264K, used 11255K [0x00000000d5580000, 0x00000000d6200000, 0x0000000100000000)
  eden space 10752K, 100% used [0x00000000d5580000,0x00000000d6000000,0x00000000d6000000)
  from space 512K, 98% used [0x00000000d6180000,0x00000000d61fdf00,0x00000000d6200000)
  to   space 1024K, 0% used [0x00000000d6000000,0x00000000d6000000,0x00000000d6100000)
 ParOldGen       total 697344K, used 697270K [0x0000000080000000, 0x00000000aa900000, 0x00000000d5580000)
  object space 697344K, 99% used [0x0000000080000000,0x00000000aa8ed800,0x00000000aa900000)
 Metaspace       used 75264K, committed 76800K, reserved 1179648K
  class space    used 7958K, committed 8640K, reserved 1048576K
}
Event: 17.858 GC heap after
{Heap after GC invocations=1146 (full 3):
 PSYoungGen      total 11776K, used 994K [0x00000000d5580000, 0x00000000d7100000, 0x0000000100000000)
  eden space 10752K, 0% used [0x00000000d5580000,0x00000000d5580000,0x00000000d6000000)
  from space 1024K, 97% used [0x00000000d6000000,0x00000000d60f8a40,0x00000000d6100000)
  to   space 8704K, 0% used [0x00000000d6880000,0x00000000d6880000,0x00000000d7100000)
 ParOldGen       total 703488K, used 703382K [0x0000000080000000, 0x00000000aaf00000, 0x00000000d5580000)
  object space 703488K, 99% used [0x0000000080000000,0x00000000aaee5ae0,0x00000000aaf00000)
 Metaspace       used 75264K, committed 76800K, reserved 1179648K
  class space    used 7958K, committed 8640K, reserved 1048576K
}
Event: 17.993 GC heap before
{Heap before GC invocations=1147 (full 3):
 PSYoungGen      total 11776K, used 11746K [0x00000000d5580000, 0x00000000d7100000, 0x0000000100000000)
  eden space 10752K, 100% used [0x00000000d5580000,0x00000000d6000000,0x00000000d6000000)
  from space 1024K, 97% used [0x00000000d6000000,0x00000000d60f8a40,0x00000000d6100000)
  to   space 8704K, 0% used [0x00000000d6880000,0x00000000d6880000,0x00000000d7100000)
 ParOldGen       total 703488K, used 703382K [0x0000000080000000, 0x00000000aaf00000, 0x00000000d5580000)
  object space 703488K, 99% used [0x0000000080000000,0x00000000aaee5ae0,0x00000000aaf00000)
 Metaspace       used 75411K, committed 76992K, reserved 1179648K
  class space    used 7976K, committed 8704K, reserved 1048576K
}
Event: 17.997 GC heap after
{Heap after GC invocations=1147 (full 3):
 PSYoungGen      total 15872K, used 4824K [0x00000000d5580000, 0x00000000d6d80000, 0x0000000100000000)
  eden space 10752K, 0% used [0x00000000d5580000,0x00000000d5580000,0x00000000d6000000)
  from space 5120K, 94% used [0x00000000d6880000,0x00000000d6d36028,0x00000000d6d80000)
  to   space 5632K, 0% used [0x00000000d6280000,0x00000000d6280000,0x00000000d6800000)
 ParOldGen       total 704512K, used 704397K [0x0000000080000000, 0x00000000ab000000, 0x00000000d5580000)
  object space 704512K, 99% used [0x0000000080000000,0x00000000aafe3428,0x00000000ab000000)
 Metaspace       used 75411K, committed 76992K, reserved 1179648K
  class space    used 7976K, committed 8704K, reserved 1048576K
}

