# JRE version: OpenJDK Runtime Environment Temurin-21.0.8+9 (21.0.8+9) (build 21.0.8+9-LTS)
# Java VM: OpenJDK 64-Bit Server VM Temurin-21.0.8+9 (21.0.8+9-LTS, mixed mode, sharing, tiered, compressed oops, compressed class ptrs, parallel gc, windows-amd64)
GC Precious Log:
 CardTable entry size: 512
 CPUs: 12 total, 12 available
 Memory: 16016M
 Large Page Support: Disabled
 NUMA Support: Disabled
 Compressed Oops: Enabled (32-bit)
 Alignments: Space 512K, Generation 512K, Heap 2M
 Heap Min Capacity: 100M
 Heap Initial Capacity: 100M
 Heap Max Capacity: 2G
 Pre-touch: Disabled
 Parallel Workers: 10
Heap:
 PSYoungGen      total 3072K, used 2058K [0x00000000d5580000, 0x00000000d5a00000, 0x0000000100000000)
  eden space 2560K, 66% used [0x00000000d5580000,0x00000000d572a9d8,0x00000000d5800000)
  from space 512K, 68% used [0x00000000d5980000,0x00000000d59d8000,0x00000000d5a00000)
  to   space 512K, 0% used [0x00000000d5900000,0x00000000d5900000,0x00000000d5980000)
 ParOldGen       total 174080K, used 173866K [0x0000000080000000, 0x000000008aa00000, 0x00000000d5580000)
  object space 174080K, 99% used [0x0000000080000000,0x000000008a9caa10,0x000000008aa00000)
 Metaspace       used 72256K, committed 73984K, reserved 1179648K
  class space    used 7823K, committed 8576K, reserved 1048576K
GC Heap History (20 events):
Event: 509.685 GC heap before
{Heap before GC invocations=166 (full 3):
 PSYoungGen      total 3072K, used 2890K [0x00000000d5580000, 0x00000000d5a00000, 0x0000000100000000)
  eden space 2560K, 99% used [0x00000000d5580000,0x00000000d57fa9c8,0x00000000d5800000)
  from space 512K, 68% used [0x00000000d5980000,0x00000000d59d8000,0x00000000d5a00000)
  to   space 512K, 0% used [0x00000000d5900000,0x00000000d5900000,0x00000000d5980000)
 ParOldGen       total 173056K, used 172747K [0x0000000080000000, 0x000000008a900000, 0x00000000d5580000)
  object space 173056K, 99% used [0x0000000080000000,0x000000008a8b2de8,0x000000008a900000)
 Metaspace       used 69607K, committed 71296K, reserved 1114112K
  class space    used 7445K, committed 8192K, reserved 1048576K
}
Event: 509.688 GC heap after
{Heap after GC invocations=166 (full 3):
 PSYoungGen      total 3072K, used 341K [0x00000000d5580000, 0x00000000d5a00000, 0x0000000100000000)
  eden space 2560K, 0% used [0x00000000d5580000,0x00000000d5580000,0x00000000d5800000)
  from space 512K, 66% used [0x00000000d5900000,0x00000000d59556a0,0x00000000d5980000)
  to   space 512K, 0% used [0x00000000d5980000,0x00000000d5980000,0x00000000d5a00000)
 ParOldGen       total 173056K, used 172955K [0x0000000080000000, 0x000000008a900000, 0x00000000d5580000)
  object space 173056K, 99% used [0x0000000080000000,0x000000008a8e6de8,0x000000008a900000)
 Metaspace       used 69607K, committed 71296K, reserved 1114112K
  class space    used 7445K, committed 8192K, reserved 1048576K
}
Event: 509.760 GC heap before
{Heap before GC invocations=167 (full 3):
 PSYoungGen      total 3072K, used 2901K [0x00000000d5580000, 0x00000000d5a00000, 0x0000000100000000)
  eden space 2560K, 100% used [0x00000000d5580000,0x00000000d5800000,0x00000000d5800000)
  from space 512K, 66% used [0x00000000d5900000,0x00000000d59556a0,0x00000000d5980000)
  to   space 512K, 0% used [0x00000000d5980000,0x00000000d5980000,0x00000000d5a00000)
 ParOldGen       total 173056K, used 172955K [0x0000000080000000, 0x000000008a900000, 0x00000000d5580000)
  object space 173056K, 99% used [0x0000000080000000,0x000000008a8e6de8,0x000000008a900000)
 Metaspace       used 70019K, committed 71680K, reserved 1114112K
  class space    used 7474K, committed 8192K, reserved 1048576K
}
Event: 509.761 GC heap after
{Heap after GC invocations=167 (full 3):
 PSYoungGen      total 3072K, used 320K [0x00000000d5580000, 0x00000000d5a00000, 0x0000000100000000)
  eden space 2560K, 0% used [0x00000000d5580000,0x00000000d5580000,0x00000000d5800000)
  from space 512K, 62% used [0x00000000d5980000,0x00000000d59d0020,0x00000000d5a00000)
  to   space 512K, 0% used [0x00000000d5900000,0x00000000d5900000,0x00000000d5980000)
 ParOldGen       total 173568K, used 173122K [0x0000000080000000, 0x000000008a980000, 0x00000000d5580000)
  object space 173568K, 99% used [0x0000000080000000,0x000000008a9109b0,0x000000008a980000)
 Metaspace       used 70019K, committed 71680K, reserved 1114112K
  class space    used 7474K, committed 8192K, reserved 1048576K
}
Event: 509.808 GC heap before
{Heap before GC invocations=168 (full 3):
 PSYoungGen      total 3072K, used 2705K [0x00000000d5580000, 0x00000000d5a00000, 0x0000000100000000)
  eden space 2560K, 93% used [0x00000000d5580000,0x00000000d57d4758,0x00000000d5800000)
  from space 512K, 62% used [0x00000000d5980000,0x00000000d59d0020,0x00000000d5a00000)
  to   space 512K, 0% used [0x00000000d5900000,0x00000000d5900000,0x00000000d5980000)
 ParOldGen       total 173568K, used 173122K [0x0000000080000000, 0x000000008a980000, 0x00000000d5580000)
  object space 173568K, 99% used [0x0000000080000000,0x000000008a9109b0,0x000000008a980000)
 Metaspace       used 70198K, committed 71872K, reserved 1114112K
  class space    used 7516K, committed 8256K, reserved 1048576K
}
Event: 509.809 GC heap after
{Heap after GC invocations=168 (full 3):
 PSYoungGen      total 3072K, used 256K [0x00000000d5580000, 0x00000000d5a00000, 0x0000000100000000)
  eden space 2560K, 0% used [0x00000000d5580000,0x00000000d5580000,0x00000000d5800000)
  from space 512K, 50% used [0x00000000d5900000,0x00000000d5940000,0x00000000d5980000)
  to   space 512K, 0% used [0x00000000d5980000,0x00000000d5980000,0x00000000d5a00000)
 ParOldGen       total 173568K, used 173258K [0x0000000080000000, 0x000000008a980000, 0x00000000d5580000)
  object space 173568K, 99% used [0x0000000080000000,0x000000008a9329d0,0x000000008a980000)
 Metaspace       used 70198K, committed 71872K, reserved 1114112K
  class space    used 7516K, committed 8256K, reserved 1048576K
}
Event: 509.848 GC heap before
{Heap before GC invocations=169 (full 3):
 PSYoungGen      total 3072K, used 2814K [0x00000000d5580000, 0x00000000d5a00000, 0x0000000100000000)
  eden space 2560K, 99% used [0x00000000d5580000,0x00000000d57ffa98,0x00000000d5800000)
  from space 512K, 50% used [0x00000000d5900000,0x00000000d5940000,0x00000000d5980000)
  to   space 512K, 0% used [0x00000000d5980000,0x00000000d5980000,0x00000000d5a00000)
 ParOldGen       total 173568K, used 173258K [0x0000000080000000, 0x000000008a980000, 0x00000000d5580000)
  object space 173568K, 99% used [0x0000000080000000,0x000000008a9329d0,0x000000008a980000)
 Metaspace       used 70552K, committed 72192K, reserved 1114112K
  class space    used 7550K, committed 8256K, reserved 1048576K
}
Event: 509.849 GC heap after
{Heap after GC invocations=169 (full 3):
 PSYoungGen      total 3072K, used 318K [0x00000000d5580000, 0x00000000d5a00000, 0x0000000100000000)
  eden space 2560K, 0% used [0x00000000d5580000,0x00000000d5580000,0x00000000d5800000)
  from space 512K, 62% used [0x00000000d5980000,0x00000000d59cfa80,0x00000000d5a00000)
  to   space 512K, 0% used [0x00000000d5900000,0x00000000d5900000,0x00000000d5980000)
 ParOldGen       total 173568K, used 173330K [0x0000000080000000, 0x000000008a980000, 0x00000000d5580000)
  object space 173568K, 99% used [0x0000000080000000,0x000000008a9449d0,0x000000008a980000)
 Metaspace       used 70552K, committed 72192K, reserved 1114112K
  class space    used 7550K, committed 8256K, reserved 1048576K
}
Event: 509.899 GC heap before
{Heap before GC invocations=170 (full 3):
 PSYoungGen      total 3072K, used 2878K [0x00000000d5580000, 0x00000000d5a00000, 0x0000000100000000)
  eden space 2560K, 100% used [0x00000000d5580000,0x00000000d5800000,0x00000000d5800000)
  from space 512K, 62% used [0x00000000d5980000,0x00000000d59cfa80,0x00000000d5a00000)
  to   space 512K, 0% used [0x00000000d5900000,0x00000000d5900000,0x00000000d5980000)
 ParOldGen       total 173568K, used 173330K [0x0000000080000000, 0x000000008a980000, 0x00000000d5580000)
  object space 173568K, 99% used [0x0000000080000000,0x000000008a9449d0,0x000000008a980000)
 Metaspace       used 70866K, committed 72512K, reserved 1114112K
  class space    used 7601K, committed 8320K, reserved 1048576K
}
Event: 509.901 GC heap after
{Heap after GC invocations=170 (full 3):
 PSYoungGen      total 3072K, used 304K [0x00000000d5580000, 0x00000000d5a00000, 0x0000000100000000)
  eden space 2560K, 0% used [0x00000000d5580000,0x00000000d5580000,0x00000000d5800000)
  from space 512K, 59% used [0x00000000d5900000,0x00000000d594c010,0x00000000d5980000)
  to   space 512K, 0% used [0x00000000d5980000,0x00000000d5980000,0x00000000d5a00000)
 ParOldGen       total 173568K, used 173394K [0x0000000080000000, 0x000000008a980000, 0x00000000d5580000)
  object space 173568K, 99% used [0x0000000080000000,0x000000008a9549d0,0x000000008a980000)
 Metaspace       used 70866K, committed 72512K, reserved 1114112K
  class space    used 7601K, committed 8320K, reserved 1048576K
}
Event: 509.927 GC heap before
{Heap before GC invocations=171 (full 3):
 PSYoungGen      total 3072K, used 2864K [0x00000000d5580000, 0x00000000d5a00000, 0x0000000100000000)
  eden space 2560K, 100% used [0x00000000d5580000,0x00000000d5800000,0x00000000d5800000)
  from space 512K, 59% used [0x00000000d5900000,0x00000000d594c010,0x00000000d5980000)
  to   space 512K, 0% used [0x00000000d5980000,0x00000000d5980000,0x00000000d5a00000)
 ParOldGen       total 173568K, used 173394K [0x0000000080000000, 0x000000008a980000, 0x00000000d5580000)
  object space 173568K, 99% used [0x0000000080000000,0x000000008a9549d0,0x000000008a980000)
 Metaspace       used 71038K, committed 72704K, reserved 1114112K
  class space    used 7649K, committed 8384K, reserved 1048576K
}
Event: 509.929 GC heap after
{Heap after GC invocations=171 (full 3):
 PSYoungGen      total 3072K, used 192K [0x00000000d5580000, 0x00000000d5a00000, 0x0000000100000000)
  eden space 2560K, 0% used [0x00000000d5580000,0x00000000d5580000,0x00000000d5800000)
  from space 512K, 37% used [0x00000000d5980000,0x00000000d59b0000,0x00000000d5a00000)
  to   space 512K, 0% used [0x00000000d5900000,0x00000000d5900000,0x00000000d5980000)
 ParOldGen       total 173568K, used 173514K [0x0000000080000000, 0x000000008a980000, 0x00000000d5580000)
  object space 173568K, 99% used [0x0000000080000000,0x000000008a972a00,0x000000008a980000)
 Metaspace       used 71038K, committed 72704K, reserved 1114112K
  class space    used 7649K, committed 8384K, reserved 1048576K
}
Event: 509.967 GC heap before
{Heap before GC invocations=172 (full 3):
 PSYoungGen      total 3072K, used 2752K [0x00000000d5580000, 0x00000000d5a00000, 0x0000000100000000)
  eden space 2560K, 100% used [0x00000000d5580000,0x00000000d5800000,0x00000000d5800000)
  from space 512K, 37% used [0x00000000d5980000,0x00000000d59b0000,0x00000000d5a00000)
  to   space 512K, 0% used [0x00000000d5900000,0x00000000d5900000,0x00000000d5980000)
 ParOldGen       total 173568K, used 173514K [0x0000000080000000, 0x000000008a980000, 0x00000000d5580000)
  object space 173568K, 99% used [0x0000000080000000,0x000000008a972a00,0x000000008a980000)
 Metaspace       used 71299K, committed 72960K, reserved 1114112K
  class space    used 7699K, committed 8448K, reserved 1048576K
}
Event: 509.968 GC heap after
{Heap after GC invocations=172 (full 3):
 PSYoungGen      total 3072K, used 256K [0x00000000d5580000, 0x00000000d5a00000, 0x0000000100000000)
  eden space 2560K, 0% used [0x00000000d5580000,0x00000000d5580000,0x00000000d5800000)
  from space 512K, 50% used [0x00000000d5900000,0x00000000d5940000,0x00000000d5980000)
  to   space 512K, 0% used [0x00000000d5980000,0x00000000d5980000,0x00000000d5a00000)
 ParOldGen       total 174080K, used 173578K [0x0000000080000000, 0x000000008aa00000, 0x00000000d5580000)
  object space 174080K, 99% used [0x0000000080000000,0x000000008a982a00,0x000000008aa00000)
 Metaspace       used 71299K, committed 72960K, reserved 1114112K
  class space    used 7699K, committed 8448K, reserved 1048576K
}
Event: 510.003 GC heap before
{Heap before GC invocations=173 (full 3):
 PSYoungGen      total 3072K, used 2816K [0x00000000d5580000, 0x00000000d5a00000, 0x0000000100000000)
  eden space 2560K, 100% used [0x00000000d5580000,0x00000000d5800000,0x00000000d5800000)
  from space 512K, 50% used [0x00000000d5900000,0x00000000d5940000,0x00000000d5980000)
  to   space 512K, 0% used [0x00000000d5980000,0x00000000d5980000,0x00000000d5a00000)
 ParOldGen       total 174080K, used 173578K [0x0000000080000000, 0x000000008aa00000, 0x00000000d5580000)
  object space 174080K, 99% used [0x0000000080000000,0x000000008a982a00,0x000000008aa00000)
 Metaspace       used 71569K, committed 73216K, reserved 1179648K
  class space    used 7746K, committed 8448K, reserved 1048576K
}
Event: 510.005 GC heap after
{Heap after GC invocations=173 (full 3):
 PSYoungGen      total 3072K, used 256K [0x00000000d5580000, 0x00000000d5a00000, 0x0000000100000000)
  eden space 2560K, 0% used [0x00000000d5580000,0x00000000d5580000,0x00000000d5800000)
  from space 512K, 50% used [0x00000000d5980000,0x00000000d59c0000,0x00000000d5a00000)
  to   space 512K, 0% used [0x00000000d5900000,0x00000000d5900000,0x00000000d5980000)
 ParOldGen       total 174080K, used 173642K [0x0000000080000000, 0x000000008aa00000, 0x00000000d5580000)
  object space 174080K, 99% used [0x0000000080000000,0x000000008a992a00,0x000000008aa00000)
 Metaspace       used 71569K, committed 73216K, reserved 1179648K
  class space    used 7746K, committed 8448K, reserved 1048576K
}
Event: 510.065 GC heap before
{Heap before GC invocations=174 (full 3):
 PSYoungGen      total 3072K, used 2816K [0x00000000d5580000, 0x00000000d5a00000, 0x0000000100000000)
  eden space 2560K, 100% used [0x00000000d5580000,0x00000000d5800000,0x00000000d5800000)
  from space 512K, 50% used [0x00000000d5980000,0x00000000d59c0000,0x00000000d5a00000)
  to   space 512K, 0% used [0x00000000d5900000,0x00000000d5900000,0x00000000d5980000)
 ParOldGen       total 174080K, used 173642K [0x0000000080000000, 0x000000008aa00000, 0x00000000d5580000)
  object space 174080K, 99% used [0x0000000080000000,0x000000008a992a00,0x000000008aa00000)
 Metaspace       used 71845K, committed 73472K, reserved 1179648K
  class space    used 7774K, committed 8512K, reserved 1048576K
}
Event: 510.068 GC heap after
{Heap after GC invocations=174 (full 3):
 PSYoungGen      total 3072K, used 352K [0x00000000d5580000, 0x00000000d5a00000, 0x0000000100000000)
  eden space 2560K, 0% used [0x00000000d5580000,0x00000000d5580000,0x00000000d5800000)
  from space 512K, 68% used [0x00000000d5900000,0x00000000d5958000,0x00000000d5980000)
  to   space 512K, 0% used [0x00000000d5980000,0x00000000d5980000,0x00000000d5a00000)
 ParOldGen       total 174080K, used 173722K [0x0000000080000000, 0x000000008aa00000, 0x00000000d5580000)
  object space 174080K, 99% used [0x0000000080000000,0x000000008a9a6a00,0x000000008aa00000)
 Metaspace       used 71845K, committed 73472K, reserved 1179648K
  class space    used 7774K, committed 8512K, reserved 1048576K
}
Event: 637.710 GC heap before
{Heap before GC invocations=175 (full 3):
 PSYoungGen      total 3072K, used 2911K [0x00000000d5580000, 0x00000000d5a00000, 0x0000000100000000)
  eden space 2560K, 99% used [0x00000000d5580000,0x00000000d57ffff0,0x00000000d5800000)
  from space 512K, 68% used [0x00000000d5900000,0x00000000d5958000,0x00000000d5980000)
  to   space 512K, 0% used [0x00000000d5980000,0x00000000d5980000,0x00000000d5a00000)
 ParOldGen       total 174080K, used 173722K [0x0000000080000000, 0x000000008aa00000, 0x00000000d5580000)
  object space 174080K, 99% used [0x0000000080000000,0x000000008a9a6a00,0x000000008aa00000)
 Metaspace       used 72228K, committed 73984K, reserved 1179648K
  class space    used 7823K, committed 8576K, reserved 1048576K
}
Event: 637.711 GC heap after
{Heap after GC invocations=175 (full 3):
 PSYoungGen      total 3072K, used 352K [0x00000000d5580000, 0x00000000d5a00000, 0x0000000100000000)
  eden space 2560K, 0% used [0x00000000d5580000,0x00000000d5580000,0x00000000d5800000)
  from space 512K, 68% used [0x00000000d5980000,0x00000000d59d8000,0x00000000d5a00000)
  to   space 512K, 0% used [0x00000000d5900000,0x00000000d5900000,0x00000000d5980000)
 ParOldGen       total 174080K, used 173866K [0x0000000080000000, 0x000000008aa00000, 0x00000000d5580000)
  object space 174080K, 99% used [0x0000000080000000,0x000000008a9caa10,0x000000008aa00000)
 Metaspace       used 72228K, committed 73984K, reserved 1179648K
  class space    used 7823K, committed 8576K, reserved 1048576K
}

