# JRE version: OpenJDK Runtime Environment Temurin-21.0.8+9 (21.0.8+9) (build 21.0.8+9-LTS)
# Java VM: OpenJDK 64-Bit Server VM Temurin-21.0.8+9 (21.0.8+9-LTS, mixed mode, sharing, tiered, compressed oops, compressed class ptrs, parallel gc, windows-amd64)
GC Precious Log:
 CardTable entry size: 512
 CPUs: 12 total, 12 available
 Memory: 16016M
 Large Page Support: Disabled
 NUMA Support: Disabled
 Compressed Oops: Enabled (32-bit)
 Alignments: Space 512K, Generation 512K, Heap 2M
 Heap Min Capacity: 100M
 Heap Initial Capacity: 100M
 Heap Max Capacity: 2G
 Pre-touch: Disabled
 Parallel Workers: 10
Heap:
 PSYoungGen      total 4096K, used 3954K [0x00000000d5580000, 0x00000000d5e00000, 0x0000000100000000)
  eden space 3584K, 99% used [0x00000000d5580000,0x00000000d58fcbd8,0x00000000d5900000)
  from space 512K, 75% used [0x00000000d5d80000,0x00000000d5de0000,0x00000000d5e00000)
  to   space 2048K, 0% used [0x00000000d5a00000,0x00000000d5a00000,0x00000000d5c00000)
 ParOldGen       total 1249792K, used 1249257K [0x0000000080000000, 0x00000000cc480000, 0x00000000d5580000)
  object space 1249792K, 99% used [0x0000000080000000,0x00000000cc3fa548,0x00000000cc480000)
 Metaspace       used 94081K, committed 96000K, reserved 1179648K
  class space    used 9233K, committed 10176K, reserved 1048576K
GC Heap History (20 events):
Event: 6349.711 GC heap before
{Heap before GC invocations=3166 (full 7):
 PSYoungGen      total 8192K, used 7850K [0x00000000d5580000, 0x00000000d6280000, 0x0000000100000000)
  eden space 7168K, 100% used [0x00000000d5580000,0x00000000d5c80000,0x00000000d5c80000)
  from space 1024K, 66% used [0x00000000d6180000,0x00000000d622ab78,0x00000000d6280000)
  to   space 1024K, 0% used [0x00000000d6080000,0x00000000d6080000,0x00000000d6180000)
 ParOldGen       total 1239040K, used 1238975K [0x0000000080000000, 0x00000000cba00000, 0x00000000d5580000)
  object space 1239040K, 99% used [0x0000000080000000,0x00000000cb9efc70,0x00000000cba00000)
 Metaspace       used 94042K, committed 96000K, reserved 1179648K
  class space    used 9233K, committed 10176K, reserved 1048576K
}
Event: 6349.719 GC heap after
{Heap after GC invocations=3166 (full 7):
 PSYoungGen      total 8192K, used 320K [0x00000000d5580000, 0x00000000d6200000, 0x0000000100000000)
  eden space 7168K, 0% used [0x00000000d5580000,0x00000000d5580000,0x00000000d5c80000)
  from space 1024K, 31% used [0x00000000d6080000,0x00000000d60d0000,0x00000000d6180000)
  to   space 512K, 0% used [0x00000000d6180000,0x00000000d6180000,0x00000000d6200000)
 ParOldGen       total 1239040K, used 1238999K [0x0000000080000000, 0x00000000cba00000, 0x00000000d5580000)
  object space 1239040K, 99% used [0x0000000080000000,0x00000000cb9f5c70,0x00000000cba00000)
 Metaspace       used 94042K, committed 96000K, reserved 1179648K
  class space    used 9233K, committed 10176K, reserved 1048576K
}
Event: 11620.376 GC heap before
{Heap before GC invocations=3167 (full 7):
 PSYoungGen      total 8192K, used 7487K [0x00000000d5580000, 0x00000000d6200000, 0x0000000100000000)
  eden space 7168K, 99% used [0x00000000d5580000,0x00000000d5c7fff8,0x00000000d5c80000)
  from space 1024K, 31% used [0x00000000d6080000,0x00000000d60d0000,0x00000000d6180000)
  to   space 512K, 0% used [0x00000000d6180000,0x00000000d6180000,0x00000000d6200000)
 ParOldGen       total 1239040K, used 1238999K [0x0000000080000000, 0x00000000cba00000, 0x00000000d5580000)
  object space 1239040K, 99% used [0x0000000080000000,0x00000000cb9f5c70,0x00000000cba00000)
 Metaspace       used 94054K, committed 96000K, reserved 1179648K
  class space    used 9233K, committed 10176K, reserved 1048576K
}
Event: 11620.392 GC heap after
{Heap after GC invocations=3167 (full 7):
 PSYoungGen      total 7680K, used 288K [0x00000000d5580000, 0x00000000d6200000, 0x0000000100000000)
  eden space 7168K, 0% used [0x00000000d5580000,0x00000000d5580000,0x00000000d5c80000)
  from space 512K, 56% used [0x00000000d6180000,0x00000000d61c8000,0x00000000d6200000)
  to   space 512K, 0% used [0x00000000d6100000,0x00000000d6100000,0x00000000d6180000)
 ParOldGen       total 1239552K, used 1239063K [0x0000000080000000, 0x00000000cba80000, 0x00000000d5580000)
  object space 1239552K, 99% used [0x0000000080000000,0x00000000cba05c70,0x00000000cba80000)
 Metaspace       used 94054K, committed 96000K, reserved 1179648K
  class space    used 9233K, committed 10176K, reserved 1048576K
}
Event: 11808.856 GC heap before
{Heap before GC invocations=3168 (full 7):
 PSYoungGen      total 7680K, used 7456K [0x00000000d5580000, 0x00000000d6200000, 0x0000000100000000)
  eden space 7168K, 100% used [0x00000000d5580000,0x00000000d5c80000,0x00000000d5c80000)
  from space 512K, 56% used [0x00000000d6180000,0x00000000d61c8000,0x00000000d6200000)
  to   space 512K, 0% used [0x00000000d6100000,0x00000000d6100000,0x00000000d6180000)
 ParOldGen       total 1239552K, used 1239063K [0x0000000080000000, 0x00000000cba80000, 0x00000000d5580000)
  object space 1239552K, 99% used [0x0000000080000000,0x00000000cba05c70,0x00000000cba80000)
 Metaspace       used 94054K, committed 96000K, reserved 1179648K
  class space    used 9233K, committed 10176K, reserved 1048576K
}
Event: 11808.870 GC heap after
{Heap after GC invocations=3168 (full 7):
 PSYoungGen      total 7680K, used 480K [0x00000000d5580000, 0x00000000d6280000, 0x0000000100000000)
  eden space 7168K, 0% used [0x00000000d5580000,0x00000000d5580000,0x00000000d5c80000)
  from space 512K, 93% used [0x00000000d6100000,0x00000000d6178020,0x00000000d6180000)
  to   space 1024K, 0% used [0x00000000d6180000,0x00000000d6180000,0x00000000d6280000)
 ParOldGen       total 1241600K, used 1241142K [0x0000000080000000, 0x00000000cbc80000, 0x00000000d5580000)
  object space 1241600K, 99% used [0x0000000080000000,0x00000000cbc0d880,0x00000000cbc80000)
 Metaspace       used 94054K, committed 96000K, reserved 1179648K
  class space    used 9233K, committed 10176K, reserved 1048576K
}
Event: 11809.108 GC heap before
{Heap before GC invocations=3169 (full 7):
 PSYoungGen      total 7680K, used 7648K [0x00000000d5580000, 0x00000000d6280000, 0x0000000100000000)
  eden space 7168K, 100% used [0x00000000d5580000,0x00000000d5c80000,0x00000000d5c80000)
  from space 512K, 93% used [0x00000000d6100000,0x00000000d6178020,0x00000000d6180000)
  to   space 1024K, 0% used [0x00000000d6180000,0x00000000d6180000,0x00000000d6280000)
 ParOldGen       total 1241600K, used 1241142K [0x0000000080000000, 0x00000000cbc80000, 0x00000000d5580000)
  object space 1241600K, 99% used [0x0000000080000000,0x00000000cbc0d880,0x00000000cbc80000)
 Metaspace       used 94055K, committed 96000K, reserved 1179648K
  class space    used 9233K, committed 10176K, reserved 1048576K
}
Event: 11809.115 GC heap after
{Heap after GC invocations=3169 (full 7):
 PSYoungGen      total 7680K, used 384K [0x00000000d5580000, 0x00000000d6200000, 0x0000000100000000)
  eden space 7168K, 0% used [0x00000000d5580000,0x00000000d5580000,0x00000000d5c80000)
  from space 512K, 75% used [0x00000000d6180000,0x00000000d61e0020,0x00000000d6200000)
  to   space 1536K, 0% used [0x00000000d5f00000,0x00000000d5f00000,0x00000000d6080000)
 ParOldGen       total 1242112K, used 1241638K [0x0000000080000000, 0x00000000cbd00000, 0x00000000d5580000)
  object space 1242112K, 99% used [0x0000000080000000,0x00000000cbc898a0,0x00000000cbd00000)
 Metaspace       used 94055K, committed 96000K, reserved 1179648K
  class space    used 9233K, committed 10176K, reserved 1048576K
}
Event: 11813.516 GC heap before
{Heap before GC invocations=3170 (full 7):
 PSYoungGen      total 7680K, used 7552K [0x00000000d5580000, 0x00000000d6200000, 0x0000000100000000)
  eden space 7168K, 100% used [0x00000000d5580000,0x00000000d5c80000,0x00000000d5c80000)
  from space 512K, 75% used [0x00000000d6180000,0x00000000d61e0020,0x00000000d6200000)
  to   space 1536K, 0% used [0x00000000d5f00000,0x00000000d5f00000,0x00000000d6080000)
 ParOldGen       total 1242112K, used 1241638K [0x0000000080000000, 0x00000000cbd00000, 0x00000000d5580000)
  object space 1242112K, 99% used [0x0000000080000000,0x00000000cbc898a0,0x00000000cbd00000)
 Metaspace       used 94055K, committed 96000K, reserved 1179648K
  class space    used 9233K, committed 10176K, reserved 1048576K
}
Event: 11813.521 GC heap after
{Heap after GC invocations=3170 (full 7):
 PSYoungGen      total 8704K, used 160K [0x00000000d5580000, 0x00000000d6200000, 0x0000000100000000)
  eden space 7168K, 0% used [0x00000000d5580000,0x00000000d5580000,0x00000000d5c80000)
  from space 1536K, 10% used [0x00000000d5f00000,0x00000000d5f28000,0x00000000d6080000)
  to   space 512K, 0% used [0x00000000d6180000,0x00000000d6180000,0x00000000d6200000)
 ParOldGen       total 1242112K, used 1241811K [0x0000000080000000, 0x00000000cbd00000, 0x00000000d5580000)
  object space 1242112K, 99% used [0x0000000080000000,0x00000000cbcb4c78,0x00000000cbd00000)
 Metaspace       used 94055K, committed 96000K, reserved 1179648K
  class space    used 9233K, committed 10176K, reserved 1048576K
}
Event: 11814.005 GC heap before
{Heap before GC invocations=3171 (full 7):
 PSYoungGen      total 8704K, used 7328K [0x00000000d5580000, 0x00000000d6200000, 0x0000000100000000)
  eden space 7168K, 100% used [0x00000000d5580000,0x00000000d5c80000,0x00000000d5c80000)
  from space 1536K, 10% used [0x00000000d5f00000,0x00000000d5f28000,0x00000000d6080000)
  to   space 512K, 0% used [0x00000000d6180000,0x00000000d6180000,0x00000000d6200000)
 ParOldGen       total 1242112K, used 1241811K [0x0000000080000000, 0x00000000cbd00000, 0x00000000d5580000)
  object space 1242112K, 99% used [0x0000000080000000,0x00000000cbcb4c78,0x00000000cbd00000)
 Metaspace       used 94056K, committed 96000K, reserved 1179648K
  class space    used 9233K, committed 10176K, reserved 1048576K
}
Event: 11814.011 GC heap after
{Heap after GC invocations=3171 (full 7):
 PSYoungGen      total 7680K, used 497K [0x00000000d5580000, 0x00000000d6200000, 0x0000000100000000)
  eden space 7168K, 0% used [0x00000000d5580000,0x00000000d5580000,0x00000000d5c80000)
  from space 512K, 97% used [0x00000000d6180000,0x00000000d61fc7b8,0x00000000d6200000)
  to   space 1536K, 0% used [0x00000000d5f00000,0x00000000d5f00000,0x00000000d6080000)
 ParOldGen       total 1242624K, used 1242293K [0x0000000080000000, 0x00000000cbd80000, 0x00000000d5580000)
  object space 1242624K, 99% used [0x0000000080000000,0x00000000cbd2d4b8,0x00000000cbd80000)
 Metaspace       used 94056K, committed 96000K, reserved 1179648K
  class space    used 9233K, committed 10176K, reserved 1048576K
}
Event: 12823.887 GC heap before
{Heap before GC invocations=3172 (full 7):
 PSYoungGen      total 7680K, used 7607K [0x00000000d5580000, 0x00000000d6200000, 0x0000000100000000)
  eden space 7168K, 99% used [0x00000000d5580000,0x00000000d5c715d8,0x00000000d5c80000)
  from space 512K, 97% used [0x00000000d6180000,0x00000000d61fc7b8,0x00000000d6200000)
  to   space 1536K, 0% used [0x00000000d5f00000,0x00000000d5f00000,0x00000000d6080000)
 ParOldGen       total 1242624K, used 1242293K [0x0000000080000000, 0x00000000cbd80000, 0x00000000d5580000)
  object space 1242624K, 99% used [0x0000000080000000,0x00000000cbd2d4b8,0x00000000cbd80000)
 Metaspace       used 94081K, committed 96000K, reserved 1179648K
  class space    used 9233K, committed 10176K, reserved 1048576K
}
Event: 12823.896 GC heap after
{Heap after GC invocations=3172 (full 7):
 PSYoungGen      total 8704K, used 1024K [0x00000000d5580000, 0x00000000d6200000, 0x0000000100000000)
  eden space 7168K, 0% used [0x00000000d5580000,0x00000000d5580000,0x00000000d5c80000)
  from space 1536K, 66% used [0x00000000d5f00000,0x00000000d60001e0,0x00000000d6080000)
  to   space 1536K, 0% used [0x00000000d6080000,0x00000000d6080000,0x00000000d6200000)
 ParOldGen       total 1243136K, used 1242807K [0x0000000080000000, 0x00000000cbe00000, 0x00000000d5580000)
  object space 1243136K, 99% used [0x0000000080000000,0x00000000cbdadc70,0x00000000cbe00000)
 Metaspace       used 94081K, committed 96000K, reserved 1179648K
  class space    used 9233K, committed 10176K, reserved 1048576K
}
Event: 12823.979 GC heap before
{Heap before GC invocations=3173 (full 7):
 PSYoungGen      total 8704K, used 7941K [0x00000000d5580000, 0x00000000d6200000, 0x0000000100000000)
  eden space 7168K, 96% used [0x00000000d5580000,0x00000000d5c41510,0x00000000d5c80000)
  from space 1536K, 66% used [0x00000000d5f00000,0x00000000d60001e0,0x00000000d6080000)
  to   space 1536K, 0% used [0x00000000d6080000,0x00000000d6080000,0x00000000d6200000)
 ParOldGen       total 1243136K, used 1242807K [0x0000000080000000, 0x00000000cbe00000, 0x00000000d5580000)
  object space 1243136K, 99% used [0x0000000080000000,0x00000000cbdadc70,0x00000000cbe00000)
 Metaspace       used 94081K, committed 96000K, reserved 1179648K
  class space    used 9233K, committed 10176K, reserved 1048576K
}
Event: 12823.986 GC heap after
{Heap after GC invocations=3173 (full 7):
 PSYoungGen      total 5120K, used 1527K [0x00000000d5580000, 0x00000000d6b80000, 0x0000000100000000)
  eden space 3584K, 0% used [0x00000000d5580000,0x00000000d5580000,0x00000000d5900000)
  from space 1536K, 99% used [0x00000000d6080000,0x00000000d61fddb0,0x00000000d6200000)
  to   space 7680K, 0% used [0x00000000d5900000,0x00000000d5900000,0x00000000d6080000)
 ParOldGen       total 1247744K, used 1247548K [0x0000000080000000, 0x00000000cc280000, 0x00000000d5580000)
  object space 1247744K, 99% used [0x0000000080000000,0x00000000cc24f240,0x00000000cc280000)
 Metaspace       used 94081K, committed 96000K, reserved 1179648K
  class space    used 9233K, committed 10176K, reserved 1048576K
}
Event: 12824.020 GC heap before
{Heap before GC invocations=3174 (full 7):
 PSYoungGen      total 5120K, used 5111K [0x00000000d5580000, 0x00000000d6b80000, 0x0000000100000000)
  eden space 3584K, 100% used [0x00000000d5580000,0x00000000d5900000,0x00000000d5900000)
  from space 1536K, 99% used [0x00000000d6080000,0x00000000d61fddb0,0x00000000d6200000)
  to   space 7680K, 0% used [0x00000000d5900000,0x00000000d5900000,0x00000000d6080000)
 ParOldGen       total 1247744K, used 1247548K [0x0000000080000000, 0x00000000cc280000, 0x00000000d5580000)
  object space 1247744K, 99% used [0x0000000080000000,0x00000000cc24f240,0x00000000cc280000)
 Metaspace       used 94081K, committed 96000K, reserved 1179648K
  class space    used 9233K, committed 10176K, reserved 1048576K
}
Event: 12824.024 GC heap after
{Heap after GC invocations=3174 (full 7):
 PSYoungGen      total 7168K, used 3125K [0x00000000d5580000, 0x00000000d6200000, 0x0000000100000000)
  eden space 3584K, 0% used [0x00000000d5580000,0x00000000d5580000,0x00000000d5900000)
  from space 3584K, 87% used [0x00000000d5900000,0x00000000d5c0d778,0x00000000d5c80000)
  to   space 4608K, 0% used [0x00000000d5d80000,0x00000000d5d80000,0x00000000d6200000)
 ParOldGen       total 1249792K, used 1249089K [0x0000000080000000, 0x00000000cc480000, 0x00000000d5580000)
  object space 1249792K, 99% used [0x0000000080000000,0x00000000cc3d0538,0x00000000cc480000)
 Metaspace       used 94081K, committed 96000K, reserved 1179648K
  class space    used 9233K, committed 10176K, reserved 1048576K
}
Event: 12839.330 GC heap before
{Heap before GC invocations=3175 (full 7):
 PSYoungGen      total 7168K, used 6709K [0x00000000d5580000, 0x00000000d6200000, 0x0000000100000000)
  eden space 3584K, 100% used [0x00000000d5580000,0x00000000d5900000,0x00000000d5900000)
  from space 3584K, 87% used [0x00000000d5900000,0x00000000d5c0d778,0x00000000d5c80000)
  to   space 4608K, 0% used [0x00000000d5d80000,0x00000000d5d80000,0x00000000d6200000)
 ParOldGen       total 1249792K, used 1249089K [0x0000000080000000, 0x00000000cc480000, 0x00000000d5580000)
  object space 1249792K, 99% used [0x0000000080000000,0x00000000cc3d0538,0x00000000cc480000)
 Metaspace       used 94081K, committed 96000K, reserved 1179648K
  class space    used 9233K, committed 10176K, reserved 1048576K
}
Event: 12839.333 GC heap after
{Heap after GC invocations=3175 (full 7):
 PSYoungGen      total 4096K, used 384K [0x00000000d5580000, 0x00000000d5e00000, 0x0000000100000000)
  eden space 3584K, 0% used [0x00000000d5580000,0x00000000d5580000,0x00000000d5900000)
  from space 512K, 75% used [0x00000000d5d80000,0x00000000d5de0000,0x00000000d5e00000)
  to   space 2048K, 0% used [0x00000000d5a00000,0x00000000d5a00000,0x00000000d5c00000)
 ParOldGen       total 1249792K, used 1249257K [0x0000000080000000, 0x00000000cc480000, 0x00000000d5580000)
  object space 1249792K, 99% used [0x0000000080000000,0x00000000cc3fa548,0x00000000cc480000)
 Metaspace       used 94081K, committed 96000K, reserved 1179648K
  class space    used 9233K, committed 10176K, reserved 1048576K
}

