# JRE version: OpenJDK Runtime Environment Temurin-21.0.8+9 (21.0.8+9) (build 21.0.8+9-LTS)
# Java VM: OpenJDK 64-Bit Server VM Temurin-21.0.8+9 (21.0.8+9-LTS, mixed mode, sharing, tiered, compressed oops, compressed class ptrs, parallel gc, windows-amd64)
GC Precious Log:
 CardTable entry size: 512
 CPUs: 12 total, 12 available
 Memory: 16016M
 Large Page Support: Disabled
 NUMA Support: Disabled
 Compressed Oops: Enabled (32-bit)
 Alignments: Space 512K, Generation 512K, Heap 2M
 Heap Min Capacity: 100M
 Heap Initial Capacity: 100M
 Heap Max Capacity: 2G
 Pre-touch: Disabled
 Parallel Workers: 10
Heap:
 PSYoungGen      total 3072K, used 2348K [0x00000000d5580000, 0x00000000d5980000, 0x0000000100000000)
  eden space 2560K, 84% used [0x00000000d5580000,0x00000000d579b2b8,0x00000000d5800000)
  from space 512K, 37% used [0x00000000d5880000,0x00000000d58b0000,0x00000000d5900000)
  to   space 512K, 0% used [0x00000000d5900000,0x00000000d5900000,0x00000000d5980000)
 ParOldGen       total 875008K, used 718849K [0x0000000080000000, 0x00000000b5680000, 0x00000000d5580000)
  object space 875008K, 82% used [0x0000000080000000,0x00000000abe006f0,0x00000000b5680000)
 Metaspace       used 86577K, committed 88384K, reserved 1179648K
  class space    used 8859K, committed 9664K, reserved 1048576K
GC Heap History (20 events):
Event: 696.776 GC heap before
{Heap before GC invocations=1812 (full 4):
 PSYoungGen      total 3072K, used 2848K [0x00000000d5580000, 0x00000000d5980000, 0x0000000100000000)
  eden space 2560K, 100% used [0x00000000d5580000,0x00000000d5800000,0x00000000d5800000)
  from space 512K, 56% used [0x00000000d5880000,0x00000000d58c8000,0x00000000d5900000)
  to   space 512K, 0% used [0x00000000d5900000,0x00000000d5900000,0x00000000d5980000)
 ParOldGen       total 875008K, used 717392K [0x0000000080000000, 0x00000000b5680000, 0x00000000d5580000)
  object space 875008K, 81% used [0x0000000080000000,0x00000000abc94230,0x00000000b5680000)
 Metaspace       used 86445K, committed 88256K, reserved 1179648K
  class space    used 8856K, committed 9664K, reserved 1048576K
}
Event: 696.777 GC heap after
{Heap after GC invocations=1812 (full 4):
 PSYoungGen      total 3072K, used 288K [0x00000000d5580000, 0x00000000d5980000, 0x0000000100000000)
  eden space 2560K, 0% used [0x00000000d5580000,0x00000000d5580000,0x00000000d5800000)
  from space 512K, 56% used [0x00000000d5900000,0x00000000d5948000,0x00000000d5980000)
  to   space 512K, 0% used [0x00000000d5880000,0x00000000d5880000,0x00000000d5900000)
 ParOldGen       total 875008K, used 717504K [0x0000000080000000, 0x00000000b5680000, 0x00000000d5580000)
  object space 875008K, 81% used [0x0000000080000000,0x00000000abcb0230,0x00000000b5680000)
 Metaspace       used 86445K, committed 88256K, reserved 1179648K
  class space    used 8856K, committed 9664K, reserved 1048576K
}
Event: 696.792 GC heap before
{Heap before GC invocations=1813 (full 4):
 PSYoungGen      total 3072K, used 2845K [0x00000000d5580000, 0x00000000d5980000, 0x0000000100000000)
  eden space 2560K, 99% used [0x00000000d5580000,0x00000000d57ff470,0x00000000d5800000)
  from space 512K, 56% used [0x00000000d5900000,0x00000000d5948000,0x00000000d5980000)
  to   space 512K, 0% used [0x00000000d5880000,0x00000000d5880000,0x00000000d5900000)
 ParOldGen       total 875008K, used 717504K [0x0000000080000000, 0x00000000b5680000, 0x00000000d5580000)
  object space 875008K, 81% used [0x0000000080000000,0x00000000abcb0230,0x00000000b5680000)
 Metaspace       used 86465K, committed 88320K, reserved 1179648K
  class space    used 8856K, committed 9664K, reserved 1048576K
}
Event: 696.793 GC heap after
{Heap after GC invocations=1813 (full 4):
 PSYoungGen      total 3072K, used 352K [0x00000000d5580000, 0x00000000d5980000, 0x0000000100000000)
  eden space 2560K, 0% used [0x00000000d5580000,0x00000000d5580000,0x00000000d5800000)
  from space 512K, 68% used [0x00000000d5880000,0x00000000d58d8000,0x00000000d5900000)
  to   space 512K, 0% used [0x00000000d5900000,0x00000000d5900000,0x00000000d5980000)
 ParOldGen       total 875008K, used 717632K [0x0000000080000000, 0x00000000b5680000, 0x00000000d5580000)
  object space 875008K, 82% used [0x0000000080000000,0x00000000abcd0230,0x00000000b5680000)
 Metaspace       used 86465K, committed 88320K, reserved 1179648K
  class space    used 8856K, committed 9664K, reserved 1048576K
}
Event: 993.758 GC heap before
{Heap before GC invocations=1814 (full 4):
 PSYoungGen      total 3072K, used 2911K [0x00000000d5580000, 0x00000000d5980000, 0x0000000100000000)
  eden space 2560K, 99% used [0x00000000d5580000,0x00000000d57ffff0,0x00000000d5800000)
  from space 512K, 68% used [0x00000000d5880000,0x00000000d58d8000,0x00000000d5900000)
  to   space 512K, 0% used [0x00000000d5900000,0x00000000d5900000,0x00000000d5980000)
 ParOldGen       total 875008K, used 717632K [0x0000000080000000, 0x00000000b5680000, 0x00000000d5580000)
  object space 875008K, 82% used [0x0000000080000000,0x00000000abcd0230,0x00000000b5680000)
 Metaspace       used 86480K, committed 88320K, reserved 1179648K
  class space    used 8857K, committed 9664K, reserved 1048576K
}
Event: 993.767 GC heap after
{Heap after GC invocations=1814 (full 4):
 PSYoungGen      total 3072K, used 320K [0x00000000d5580000, 0x00000000d5980000, 0x0000000100000000)
  eden space 2560K, 0% used [0x00000000d5580000,0x00000000d5580000,0x00000000d5800000)
  from space 512K, 62% used [0x00000000d5900000,0x00000000d5950000,0x00000000d5980000)
  to   space 512K, 0% used [0x00000000d5880000,0x00000000d5880000,0x00000000d5900000)
 ParOldGen       total 875008K, used 717776K [0x0000000080000000, 0x00000000b5680000, 0x00000000d5580000)
  object space 875008K, 82% used [0x0000000080000000,0x00000000abcf4230,0x00000000b5680000)
 Metaspace       used 86480K, committed 88320K, reserved 1179648K
  class space    used 8857K, committed 9664K, reserved 1048576K
}
Event: 3506.856 GC heap before
{Heap before GC invocations=1815 (full 4):
 PSYoungGen      total 3072K, used 2880K [0x00000000d5580000, 0x00000000d5980000, 0x0000000100000000)
  eden space 2560K, 100% used [0x00000000d5580000,0x00000000d5800000,0x00000000d5800000)
  from space 512K, 62% used [0x00000000d5900000,0x00000000d5950000,0x00000000d5980000)
  to   space 512K, 0% used [0x00000000d5880000,0x00000000d5880000,0x00000000d5900000)
 ParOldGen       total 875008K, used 717776K [0x0000000080000000, 0x00000000b5680000, 0x00000000d5580000)
  object space 875008K, 82% used [0x0000000080000000,0x00000000abcf4230,0x00000000b5680000)
 Metaspace       used 86488K, committed 88320K, reserved 1179648K
  class space    used 8857K, committed 9664K, reserved 1048576K
}
Event: 3506.861 GC heap after
{Heap after GC invocations=1815 (full 4):
 PSYoungGen      total 3072K, used 192K [0x00000000d5580000, 0x00000000d5980000, 0x0000000100000000)
  eden space 2560K, 0% used [0x00000000d5580000,0x00000000d5580000,0x00000000d5800000)
  from space 512K, 37% used [0x00000000d5880000,0x00000000d58b0000,0x00000000d5900000)
  to   space 512K, 0% used [0x00000000d5900000,0x00000000d5900000,0x00000000d5980000)
 ParOldGen       total 875008K, used 717920K [0x0000000080000000, 0x00000000b5680000, 0x00000000d5580000)
  object space 875008K, 82% used [0x0000000080000000,0x00000000abd18230,0x00000000b5680000)
 Metaspace       used 86488K, committed 88320K, reserved 1179648K
  class space    used 8857K, committed 9664K, reserved 1048576K
}
Event: 4659.075 GC heap before
{Heap before GC invocations=1816 (full 4):
 PSYoungGen      total 3072K, used 2752K [0x00000000d5580000, 0x00000000d5980000, 0x0000000100000000)
  eden space 2560K, 100% used [0x00000000d5580000,0x00000000d5800000,0x00000000d5800000)
  from space 512K, 37% used [0x00000000d5880000,0x00000000d58b0000,0x00000000d5900000)
  to   space 512K, 0% used [0x00000000d5900000,0x00000000d5900000,0x00000000d5980000)
 ParOldGen       total 875008K, used 717920K [0x0000000080000000, 0x00000000b5680000, 0x00000000d5580000)
  object space 875008K, 82% used [0x0000000080000000,0x00000000abd18230,0x00000000b5680000)
 Metaspace       used 86505K, committed 88320K, reserved 1179648K
  class space    used 8857K, committed 9664K, reserved 1048576K
}
Event: 4659.080 GC heap after
{Heap after GC invocations=1816 (full 4):
 PSYoungGen      total 3072K, used 505K [0x00000000d5580000, 0x00000000d5a00000, 0x0000000100000000)
  eden space 2560K, 0% used [0x00000000d5580000,0x00000000d5580000,0x00000000d5800000)
  from space 512K, 98% used [0x00000000d5900000,0x00000000d597e430,0x00000000d5980000)
  to   space 1024K, 0% used [0x00000000d5800000,0x00000000d5800000,0x00000000d5900000)
 ParOldGen       total 875008K, used 717960K [0x0000000080000000, 0x00000000b5680000, 0x00000000d5580000)
  object space 875008K, 82% used [0x0000000080000000,0x00000000abd22230,0x00000000b5680000)
 Metaspace       used 86505K, committed 88320K, reserved 1179648K
  class space    used 8857K, committed 9664K, reserved 1048576K
}
Event: 4659.197 GC heap before
{Heap before GC invocations=1817 (full 4):
 PSYoungGen      total 3072K, used 3065K [0x00000000d5580000, 0x00000000d5a00000, 0x0000000100000000)
  eden space 2560K, 100% used [0x00000000d5580000,0x00000000d5800000,0x00000000d5800000)
  from space 512K, 98% used [0x00000000d5900000,0x00000000d597e430,0x00000000d5980000)
  to   space 1024K, 0% used [0x00000000d5800000,0x00000000d5800000,0x00000000d5900000)
 ParOldGen       total 875008K, used 717960K [0x0000000080000000, 0x00000000b5680000, 0x00000000d5580000)
  object space 875008K, 82% used [0x0000000080000000,0x00000000abd22230,0x00000000b5680000)
 Metaspace       used 86523K, committed 88320K, reserved 1179648K
  class space    used 8857K, committed 9664K, reserved 1048576K
}
Event: 4659.201 GC heap after
{Heap after GC invocations=1817 (full 4):
 PSYoungGen      total 3584K, used 553K [0x00000000d5580000, 0x00000000d5a00000, 0x0000000100000000)
  eden space 2560K, 0% used [0x00000000d5580000,0x00000000d5580000,0x00000000d5800000)
  from space 1024K, 54% used [0x00000000d5800000,0x00000000d588a400,0x00000000d5900000)
  to   space 1024K, 0% used [0x00000000d5900000,0x00000000d5900000,0x00000000d5a00000)
 ParOldGen       total 875008K, used 718321K [0x0000000080000000, 0x00000000b5680000, 0x00000000d5580000)
  object space 875008K, 82% used [0x0000000080000000,0x00000000abd7c660,0x00000000b5680000)
 Metaspace       used 86523K, committed 88320K, reserved 1179648K
  class space    used 8857K, committed 9664K, reserved 1048576K
}
Event: 4659.516 GC heap before
{Heap before GC invocations=1818 (full 4):
 PSYoungGen      total 3584K, used 3112K [0x00000000d5580000, 0x00000000d5a00000, 0x0000000100000000)
  eden space 2560K, 99% used [0x00000000d5580000,0x00000000d57ffff0,0x00000000d5800000)
  from space 1024K, 54% used [0x00000000d5800000,0x00000000d588a400,0x00000000d5900000)
  to   space 1024K, 0% used [0x00000000d5900000,0x00000000d5900000,0x00000000d5a00000)
 ParOldGen       total 875008K, used 718321K [0x0000000080000000, 0x00000000b5680000, 0x00000000d5580000)
  object space 875008K, 82% used [0x0000000080000000,0x00000000abd7c660,0x00000000b5680000)
 Metaspace       used 86524K, committed 88320K, reserved 1179648K
  class space    used 8857K, committed 9664K, reserved 1048576K
}
Event: 4659.520 GC heap after
{Heap after GC invocations=1818 (full 4):
 PSYoungGen      total 3584K, used 489K [0x00000000d5580000, 0x00000000d5a00000, 0x0000000100000000)
  eden space 2560K, 0% used [0x00000000d5580000,0x00000000d5580000,0x00000000d5800000)
  from space 1024K, 47% used [0x00000000d5900000,0x00000000d597a400,0x00000000d5a00000)
  to   space 1024K, 0% used [0x00000000d5800000,0x00000000d5800000,0x00000000d5900000)
 ParOldGen       total 875008K, used 718513K [0x0000000080000000, 0x00000000b5680000, 0x00000000d5580000)
  object space 875008K, 82% used [0x0000000080000000,0x00000000abdac660,0x00000000b5680000)
 Metaspace       used 86524K, committed 88320K, reserved 1179648K
  class space    used 8857K, committed 9664K, reserved 1048576K
}
Event: 4660.580 GC heap before
{Heap before GC invocations=1819 (full 4):
 PSYoungGen      total 3584K, used 3049K [0x00000000d5580000, 0x00000000d5a00000, 0x0000000100000000)
  eden space 2560K, 100% used [0x00000000d5580000,0x00000000d5800000,0x00000000d5800000)
  from space 1024K, 47% used [0x00000000d5900000,0x00000000d597a400,0x00000000d5a00000)
  to   space 1024K, 0% used [0x00000000d5800000,0x00000000d5800000,0x00000000d5900000)
 ParOldGen       total 875008K, used 718513K [0x0000000080000000, 0x00000000b5680000, 0x00000000d5580000)
  object space 875008K, 82% used [0x0000000080000000,0x00000000abdac660,0x00000000b5680000)
 Metaspace       used 86541K, committed 88320K, reserved 1179648K
  class space    used 8857K, committed 9664K, reserved 1048576K
}
Event: 4660.583 GC heap after
{Heap after GC invocations=1819 (full 4):
 PSYoungGen      total 3584K, used 384K [0x00000000d5580000, 0x00000000d5980000, 0x0000000100000000)
  eden space 2560K, 0% used [0x00000000d5580000,0x00000000d5580000,0x00000000d5800000)
  from space 1024K, 37% used [0x00000000d5800000,0x00000000d5860000,0x00000000d5900000)
  to   space 512K, 0% used [0x00000000d5900000,0x00000000d5900000,0x00000000d5980000)
 ParOldGen       total 875008K, used 718569K [0x0000000080000000, 0x00000000b5680000, 0x00000000d5580000)
  object space 875008K, 82% used [0x0000000080000000,0x00000000abdba660,0x00000000b5680000)
 Metaspace       used 86541K, committed 88320K, reserved 1179648K
  class space    used 8857K, committed 9664K, reserved 1048576K
}
Event: 4700.811 GC heap before
{Heap before GC invocations=1820 (full 4):
 PSYoungGen      total 3584K, used 2911K [0x00000000d5580000, 0x00000000d5980000, 0x0000000100000000)
  eden space 2560K, 98% used [0x00000000d5580000,0x00000000d57f7ec8,0x00000000d5800000)
  from space 1024K, 37% used [0x00000000d5800000,0x00000000d5860000,0x00000000d5900000)
  to   space 512K, 0% used [0x00000000d5900000,0x00000000d5900000,0x00000000d5980000)
 ParOldGen       total 875008K, used 718569K [0x0000000080000000, 0x00000000b5680000, 0x00000000d5580000)
  object space 875008K, 82% used [0x0000000080000000,0x00000000abdba660,0x00000000b5680000)
 Metaspace       used 86556K, committed 88384K, reserved 1179648K
  class space    used 8857K, committed 9664K, reserved 1048576K
}
Event: 4700.817 GC heap after
{Heap after GC invocations=1820 (full 4):
 PSYoungGen      total 3072K, used 292K [0x00000000d5580000, 0x00000000d5980000, 0x0000000100000000)
  eden space 2560K, 0% used [0x00000000d5580000,0x00000000d5580000,0x00000000d5800000)
  from space 512K, 57% used [0x00000000d5900000,0x00000000d5949230,0x00000000d5980000)
  to   space 512K, 0% used [0x00000000d5880000,0x00000000d5880000,0x00000000d5900000)
 ParOldGen       total 875008K, used 718641K [0x0000000080000000, 0x00000000b5680000, 0x00000000d5580000)
  object space 875008K, 82% used [0x0000000080000000,0x00000000abdcc670,0x00000000b5680000)
 Metaspace       used 86556K, committed 88384K, reserved 1179648K
  class space    used 8857K, committed 9664K, reserved 1048576K
}
Event: 4943.987 GC heap before
{Heap before GC invocations=1821 (full 4):
 PSYoungGen      total 3072K, used 2851K [0x00000000d5580000, 0x00000000d5980000, 0x0000000100000000)
  eden space 2560K, 99% used [0x00000000d5580000,0x00000000d57ffbc0,0x00000000d5800000)
  from space 512K, 57% used [0x00000000d5900000,0x00000000d5949230,0x00000000d5980000)
  to   space 512K, 0% used [0x00000000d5880000,0x00000000d5880000,0x00000000d5900000)
 ParOldGen       total 875008K, used 718641K [0x0000000080000000, 0x00000000b5680000, 0x00000000d5580000)
  object space 875008K, 82% used [0x0000000080000000,0x00000000abdcc670,0x00000000b5680000)
 Metaspace       used 86561K, committed 88384K, reserved 1179648K
  class space    used 8857K, committed 9664K, reserved 1048576K
}
Event: 4943.991 GC heap after
{Heap after GC invocations=1821 (full 4):
 PSYoungGen      total 3072K, used 192K [0x00000000d5580000, 0x00000000d5980000, 0x0000000100000000)
  eden space 2560K, 0% used [0x00000000d5580000,0x00000000d5580000,0x00000000d5800000)
  from space 512K, 37% used [0x00000000d5880000,0x00000000d58b0000,0x00000000d5900000)
  to   space 512K, 0% used [0x00000000d5900000,0x00000000d5900000,0x00000000d5980000)
 ParOldGen       total 875008K, used 718849K [0x0000000080000000, 0x00000000b5680000, 0x00000000d5580000)
  object space 875008K, 82% used [0x0000000080000000,0x00000000abe006f0,0x00000000b5680000)
 Metaspace       used 86561K, committed 88384K, reserved 1179648K
  class space    used 8857K, committed 9664K, reserved 1048576K
}

