# JRE version: Java(TM) SE Runtime Environment (8.0_461) (build 1.8.0_461-b11)
# Java VM: Java HotSpot(TM) 64-Bit Server VM (25.461-b11 mixed mode windows-amd64 compressed oops)
Heap:
 PSYoungGen      total 275968K, used 108964K [0x000000076c900000, 0x0000000780000000, 0x00000007c0000000)
  eden space 254976K, 42% used [0x000000076c900000,0x00000007733691d8,0x000000077c200000)
  from space 20992K, 0% used [0x000000077d600000,0x000000077d600000,0x000000077ea80000)
  to   space 20480K, 0% used [0x000000077c200000,0x000000077c200000,0x000000077d600000)
 ParOldGen       total 239616K, used 30333K [0x00000006c5a00000, 0x00000006d4400000, 0x000000076c900000)
  object space 239616K, 12% used [0x00000006c5a00000,0x00000006c779f560,0x00000006d4400000)
 Metaspace       used 72227K, capacity 76252K, committed 76544K, reserved 1116160K
  class space    used 9745K, capacity 10431K, committed 10496K, reserved 1048576K
GC Heap History (10 events):
Event: 5.139 GC heap before
{Heap before GC invocations=9 (full 3):
 PSYoungGen      total 275968K, used 9137K [0x000000076c900000, 0x0000000780000000, 0x00000007c0000000)
  eden space 254976K, 0% used [0x000000076c900000,0x000000076c900000,0x000000077c200000)
  from space 20992K, 43% used [0x000000077d600000,0x000000077deec5a0,0x000000077ea80000)
  to   space 20480K, 0% used [0x000000077c200000,0x000000077c200000,0x000000077d600000)
 ParOldGen       total 174080K, used 23857K [0x00000006c5a00000, 0x00000006d0400000, 0x000000076c900000)
  object space 174080K, 13% used [0x00000006c5a00000,0x00000006c714c5b8,0x00000006d0400000)
 Metaspace       used 56402K, capacity 58952K, committed 59136K, reserved 1099776K
  class space    used 7638K, capacity 8097K, committed 8192K, reserved 1048576K
Event: 5.237 GC heap after
Heap after GC invocations=9 (full 3):
 PSYoungGen      total 275968K, used 0K [0x000000076c900000, 0x0000000780000000, 0x00000007c0000000)
  eden space 254976K, 0% used [0x000000076c900000,0x000000076c900000,0x000000077c200000)
  from space 20992K, 0% used [0x000000077d600000,0x000000077d600000,0x000000077ea80000)
  to   space 20480K, 0% used [0x000000077c200000,0x000000077c200000,0x000000077d600000)
 ParOldGen       total 239616K, used 20446K [0x00000006c5a00000, 0x00000006d4400000, 0x000000076c900000)
  object space 239616K, 8% used [0x00000006c5a00000,0x00000006c6df7b50,0x00000006d4400000)
 Metaspace       used 56402K, capacity 58952K, committed 59136K, reserved 1099776K
  class space    used 7638K, capacity 8097K, committed 8192K, reserved 1048576K
}
Event: 42.156 GC heap before
{Heap before GC invocations=10 (full 3):
 PSYoungGen      total 275968K, used 254976K [0x000000076c900000, 0x0000000780000000, 0x00000007c0000000)
  eden space 254976K, 100% used [0x000000076c900000,0x000000077c200000,0x000000077c200000)
  from space 20992K, 0% used [0x000000077d600000,0x000000077d600000,0x000000077ea80000)
  to   space 20480K, 0% used [0x000000077c200000,0x000000077c200000,0x000000077d600000)
 ParOldGen       total 239616K, used 20446K [0x00000006c5a00000, 0x00000006d4400000, 0x000000076c900000)
  object space 239616K, 8% used [0x00000006c5a00000,0x00000006c6df7b50,0x00000006d4400000)
 Metaspace       used 60015K, capacity 62632K, committed 62720K, reserved 1103872K
  class space    used 8189K, capacity 8641K, committed 8704K, reserved 1048576K
Event: 42.241 GC heap after
Heap after GC invocations=10 (full 3):
 PSYoungGen      total 275456K, used 20460K [0x000000076c900000, 0x0000000780000000, 0x00000007c0000000)
  eden space 254976K, 0% used [0x000000076c900000,0x000000076c900000,0x000000077c200000)
  from space 20480K, 99% used [0x000000077c200000,0x000000077d5fb300,0x000000077d600000)
  to   space 20992K, 0% used [0x000000077d600000,0x000000077d600000,0x000000077ea80000)
 ParOldGen       total 239616K, used 93645K [0x00000006c5a00000, 0x00000006d4400000, 0x000000076c900000)
  object space 239616K, 39% used [0x00000006c5a00000,0x00000006cb573668,0x00000006d4400000)
 Metaspace       used 60015K, capacity 62632K, committed 62720K, reserved 1103872K
  class space    used 8189K, capacity 8641K, committed 8704K, reserved 1048576K
}
Event: 44.283 GC heap before
{Heap before GC invocations=11 (full 3):
 PSYoungGen      total 275456K, used 275436K [0x000000076c900000, 0x0000000780000000, 0x00000007c0000000)
  eden space 254976K, 100% used [0x000000076c900000,0x000000077c200000,0x000000077c200000)
  from space 20480K, 99% used [0x000000077c200000,0x000000077d5fb300,0x000000077d600000)
  to   space 20992K, 0% used [0x000000077d600000,0x000000077d600000,0x000000077ea80000)
 ParOldGen       total 239616K, used 93645K [0x00000006c5a00000, 0x00000006d4400000, 0x000000076c900000)
  object space 239616K, 39% used [0x00000006c5a00000,0x00000006cb573668,0x00000006d4400000)
 Metaspace       used 60018K, capacity 62632K, committed 62720K, reserved 1103872K
  class space    used 8189K, capacity 8641K, committed 8704K, reserved 1048576K
Event: 44.747 GC heap after
Heap after GC invocations=11 (full 3):
 PSYoungGen      total 275968K, used 20969K [0x000000076c900000, 0x0000000780000000, 0x00000007c0000000)
  eden space 254976K, 0% used [0x000000076c900000,0x000000076c900000,0x000000077c200000)
  from space 20992K, 99% used [0x000000077d600000,0x000000077ea7a6f0,0x000000077ea80000)
  to   space 20480K, 0% used [0x000000077c200000,0x000000077c200000,0x000000077d600000)
 ParOldGen       total 239616K, used 201990K [0x00000006c5a00000, 0x00000006d4400000, 0x000000076c900000)
  object space 239616K, 84% used [0x00000006c5a00000,0x00000006d1f41828,0x00000006d4400000)
 Metaspace       used 60018K, capacity 62632K, committed 62720K, reserved 1103872K
  class space    used 8189K, capacity 8641K, committed 8704K, reserved 1048576K
}
Event: 44.747 GC heap before
{Heap before GC invocations=12 (full 4):
 PSYoungGen      total 275968K, used 20969K [0x000000076c900000, 0x0000000780000000, 0x00000007c0000000)
  eden space 254976K, 0% used [0x000000076c900000,0x000000076c900000,0x000000077c200000)
  from space 20992K, 99% used [0x000000077d600000,0x000000077ea7a6f0,0x000000077ea80000)
  to   space 20480K, 0% used [0x000000077c200000,0x000000077c200000,0x000000077d600000)
 ParOldGen       total 239616K, used 201990K [0x00000006c5a00000, 0x00000006d4400000, 0x000000076c900000)
  object space 239616K, 84% used [0x00000006c5a00000,0x00000006d1f41828,0x00000006d4400000)
 Metaspace       used 60018K, capacity 62632K, committed 62720K, reserved 1103872K
  class space    used 8189K, capacity 8641K, committed 8704K, reserved 1048576K
Event: 46.633 GC heap after
Heap after GC invocations=12 (full 4):
 PSYoungGen      total 275968K, used 0K [0x000000076c900000, 0x0000000780000000, 0x00000007c0000000)
  eden space 254976K, 0% used [0x000000076c900000,0x000000076c900000,0x000000077c200000)
  from space 20992K, 0% used [0x000000077d600000,0x000000077d600000,0x000000077ea80000)
  to   space 20480K, 0% used [0x000000077c200000,0x000000077c200000,0x000000077d600000)
 ParOldGen       total 239616K, used 217688K [0x00000006c5a00000, 0x00000006d4400000, 0x000000076c900000)
  object space 239616K, 90% used [0x00000006c5a00000,0x00000006d2e96218,0x00000006d4400000)
 Metaspace       used 60018K, capacity 62632K, committed 62720K, reserved 1103872K
  class space    used 8189K, capacity 8641K, committed 8704K, reserved 1048576K
}
Event: 50.502 GC heap before
{Heap before GC invocations=13 (full 5):
 PSYoungGen      total 275968K, used 254976K [0x000000076c900000, 0x0000000780000000, 0x00000007c0000000)
  eden space 254976K, 100% used [0x000000076c900000,0x000000077c200000,0x000000077c200000)
  from space 20992K, 0% used [0x000000077d600000,0x000000077d600000,0x000000077ea80000)
  to   space 20480K, 0% used [0x000000077c200000,0x000000077c200000,0x000000077d600000)
 ParOldGen       total 239616K, used 217688K [0x00000006c5a00000, 0x00000006d4400000, 0x000000076c900000)
  object space 239616K, 90% used [0x00000006c5a00000,0x00000006d2e96218,0x00000006d4400000)
 Metaspace       used 67404K, capacity 70898K, committed 71168K, reserved 1110016K
  class space    used 9068K, capacity 9640K, committed 9728K, reserved 1048576K
Event: 50.605 GC heap after
Heap after GC invocations=13 (full 5):
 PSYoungGen      total 275968K, used 0K [0x000000076c900000, 0x0000000780000000, 0x00000007c0000000)
  eden space 254976K, 0% used [0x000000076c900000,0x000000076c900000,0x000000077c200000)
  from space 20992K, 0% used [0x000000077d600000,0x000000077d600000,0x000000077ea80000)
  to   space 20480K, 0% used [0x000000077c200000,0x000000077c200000,0x000000077d600000)
 ParOldGen       total 239616K, used 30333K [0x00000006c5a00000, 0x00000006d4400000, 0x000000076c900000)
  object space 239616K, 12% used [0x00000006c5a00000,0x00000006c779f560,0x00000006d4400000)
 Metaspace       used 67404K, capacity 70898K, committed 71168K, reserved 1110016K
  class space    used 9068K, capacity 9640K, committed 9728K, reserved 1048576K
}

