# JRE version: OpenJDK Runtime Environment Temurin-21.0.8+9 (21.0.8+9) (build 21.0.8+9-LTS)
# Java VM: OpenJDK 64-Bit Server VM Temurin-21.0.8+9 (21.0.8+9-LTS, mixed mode, sharing, tiered, compressed oops, compressed class ptrs, parallel gc, windows-amd64)
GC Precious Log:
 CardTable entry size: 512
 CPUs: 12 total, 12 available
 Memory: 16016M
 Large Page Support: Disabled
 NUMA Support: Disabled
 Compressed Oops: Enabled (32-bit)
 Alignments: Space 512K, Generation 512K, Heap 2M
 Heap Min Capacity: 100M
 Heap Initial Capacity: 100M
 Heap Max Capacity: 2G
 Pre-touch: Disabled
 Parallel Workers: 10
Heap:
 PSYoungGen      total 2560K, used 0K [0x00000000d5580000, 0x00000000d5900000, 0x0000000100000000)
  eden space 2048K, 0% used [0x00000000d5580000,0x00000000d5580000,0x00000000d5780000)
  from space 512K, 0% used [0x00000000d5800000,0x00000000d5800000,0x00000000d5880000)
  to   space 512K, 0% used [0x00000000d5880000,0x00000000d5880000,0x00000000d5900000)
 ParOldGen       total 1337344K, used 1336967K [0x0000000080000000, 0x00000000d1a00000, 0x00000000d5580000)
  object space 1337344K, 99% used [0x0000000080000000,0x00000000d19a1d40,0x00000000d1a00000)
 Metaspace       used 88106K, committed 89728K, reserved 1179648K
  class space    used 8984K, committed 9728K, reserved 1048576K
GC Heap History (20 events):
Event: 6442.699 GC heap after
{Heap after GC invocations=802 (full 4):
 PSYoungGen      total 2048K, used 160K [0x00000000d5580000, 0x00000000d5900000, 0x0000000100000000)
  eden space 1536K, 0% used [0x00000000d5580000,0x00000000d5580000,0x00000000d5700000)
  from space 512K, 31% used [0x00000000d5880000,0x00000000d58a8000,0x00000000d5900000)
  to   space 512K, 0% used [0x00000000d5800000,0x00000000d5800000,0x00000000d5880000)
 ParOldGen       total 1275904K, used 1275641K [0x0000000080000000, 0x00000000cde00000, 0x00000000d5580000)
  object space 1275904K, 99% used [0x0000000080000000,0x00000000cddbe5a8,0x00000000cde00000)
 Metaspace       used 88100K, committed 89728K, reserved 1179648K
  class space    used 8982K, committed 9728K, reserved 1048576K
}
Event: 6442.716 GC heap before
{Heap before GC invocations=803 (full 4):
 PSYoungGen      total 2048K, used 1462K [0x00000000d5580000, 0x00000000d5900000, 0x0000000100000000)
  eden space 1536K, 84% used [0x00000000d5580000,0x00000000d56c58e0,0x00000000d5700000)
  from space 512K, 31% used [0x00000000d5880000,0x00000000d58a8000,0x00000000d5900000)
  to   space 512K, 0% used [0x00000000d5800000,0x00000000d5800000,0x00000000d5880000)
 ParOldGen       total 1282048K, used 1281309K [0x0000000080000000, 0x00000000ce400000, 0x00000000d5580000)
  object space 1282048K, 99% used [0x0000000080000000,0x00000000ce347400,0x00000000ce400000)
 Metaspace       used 88100K, committed 89728K, reserved 1179648K
  class space    used 8982K, committed 9728K, reserved 1048576K
}
Event: 6442.722 GC heap after
{Heap after GC invocations=803 (full 4):
 PSYoungGen      total 2048K, used 329K [0x00000000d5580000, 0x00000000d5900000, 0x0000000100000000)
  eden space 1536K, 0% used [0x00000000d5580000,0x00000000d5580000,0x00000000d5700000)
  from space 512K, 64% used [0x00000000d5800000,0x00000000d5852400,0x00000000d5880000)
  to   space 512K, 0% used [0x00000000d5880000,0x00000000d5880000,0x00000000d5900000)
 ParOldGen       total 1282048K, used 1281365K [0x0000000080000000, 0x00000000ce400000, 0x00000000d5580000)
  object space 1282048K, 99% used [0x0000000080000000,0x00000000ce355410,0x00000000ce400000)
 Metaspace       used 88100K, committed 89728K, reserved 1179648K
  class space    used 8982K, committed 9728K, reserved 1048576K
}
Event: 6442.811 GC heap before
{Heap before GC invocations=804 (full 4):
 PSYoungGen      total 2048K, used 1682K [0x00000000d5580000, 0x00000000d5900000, 0x0000000100000000)
  eden space 1536K, 88% used [0x00000000d5580000,0x00000000d56d24b0,0x00000000d5700000)
  from space 512K, 64% used [0x00000000d5800000,0x00000000d5852400,0x00000000d5880000)
  to   space 512K, 0% used [0x00000000d5880000,0x00000000d5880000,0x00000000d5900000)
 ParOldGen       total 1290240K, used 1288921K [0x0000000080000000, 0x00000000cec00000, 0x00000000d5580000)
  object space 1290240K, 99% used [0x0000000080000000,0x00000000ceab6730,0x00000000cec00000)
 Metaspace       used 88100K, committed 89728K, reserved 1179648K
  class space    used 8982K, committed 9728K, reserved 1048576K
}
Event: 6442.815 GC heap after
{Heap after GC invocations=804 (full 4):
 PSYoungGen      total 2048K, used 223K [0x00000000d5580000, 0x00000000d5900000, 0x0000000100000000)
  eden space 1536K, 0% used [0x00000000d5580000,0x00000000d5580000,0x00000000d5700000)
  from space 512K, 43% used [0x00000000d5880000,0x00000000d58b7e50,0x00000000d5900000)
  to   space 512K, 0% used [0x00000000d5800000,0x00000000d5800000,0x00000000d5880000)
 ParOldGen       total 1290240K, used 1289114K [0x0000000080000000, 0x00000000cec00000, 0x00000000d5580000)
  object space 1290240K, 99% used [0x0000000080000000,0x00000000ceae6b30,0x00000000cec00000)
 Metaspace       used 88100K, committed 89728K, reserved 1179648K
  class space    used 8982K, committed 9728K, reserved 1048576K
}
Event: 6442.833 GC heap before
{Heap before GC invocations=805 (full 4):
 PSYoungGen      total 2048K, used 1751K [0x00000000d5580000, 0x00000000d5900000, 0x0000000100000000)
  eden space 1536K, 99% used [0x00000000d5580000,0x00000000d56fe070,0x00000000d5700000)
  from space 512K, 43% used [0x00000000d5880000,0x00000000d58b7e50,0x00000000d5900000)
  to   space 512K, 0% used [0x00000000d5800000,0x00000000d5800000,0x00000000d5880000)
 ParOldGen       total 1298432K, used 1296671K [0x0000000080000000, 0x00000000cf400000, 0x00000000d5580000)
  object space 1298432K, 99% used [0x0000000080000000,0x00000000cf247e50,0x00000000cf400000)
 Metaspace       used 88100K, committed 89728K, reserved 1179648K
  class space    used 8982K, committed 9728K, reserved 1048576K
}
Event: 6442.836 GC heap after
{Heap after GC invocations=805 (full 4):
 PSYoungGen      total 2048K, used 433K [0x00000000d5580000, 0x00000000d5900000, 0x0000000100000000)
  eden space 1536K, 0% used [0x00000000d5580000,0x00000000d5580000,0x00000000d5700000)
  from space 512K, 84% used [0x00000000d5800000,0x00000000d586c7e0,0x00000000d5880000)
  to   space 512K, 0% used [0x00000000d5880000,0x00000000d5880000,0x00000000d5900000)
 ParOldGen       total 1298432K, used 1296767K [0x0000000080000000, 0x00000000cf400000, 0x00000000d5580000)
  object space 1298432K, 99% used [0x0000000080000000,0x00000000cf25fca0,0x00000000cf400000)
 Metaspace       used 88100K, committed 89728K, reserved 1179648K
  class space    used 8982K, committed 9728K, reserved 1048576K
}
Event: 6442.860 GC heap before
{Heap before GC invocations=806 (full 4):
 PSYoungGen      total 2048K, used 1933K [0x00000000d5580000, 0x00000000d5900000, 0x0000000100000000)
  eden space 1536K, 97% used [0x00000000d5580000,0x00000000d56f6ca0,0x00000000d5700000)
  from space 512K, 84% used [0x00000000d5800000,0x00000000d586c7e0,0x00000000d5880000)
  to   space 512K, 0% used [0x00000000d5880000,0x00000000d5880000,0x00000000d5900000)
 ParOldGen       total 1306624K, used 1306213K [0x0000000080000000, 0x00000000cfc00000, 0x00000000d5580000)
  object space 1306624K, 99% used [0x0000000080000000,0x00000000cfb99488,0x00000000cfc00000)
 Metaspace       used 88100K, committed 89728K, reserved 1179648K
  class space    used 8982K, committed 9728K, reserved 1048576K
}
Event: 6442.864 GC heap after
{Heap after GC invocations=806 (full 4):
 PSYoungGen      total 2048K, used 256K [0x00000000d5580000, 0x00000000d5900000, 0x0000000100000000)
  eden space 1536K, 0% used [0x00000000d5580000,0x00000000d5580000,0x00000000d5700000)
  from space 512K, 50% used [0x00000000d5880000,0x00000000d58c0000,0x00000000d5900000)
  to   space 512K, 0% used [0x00000000d5800000,0x00000000d5800000,0x00000000d5880000)
 ParOldGen       total 1306624K, used 1306299K [0x0000000080000000, 0x00000000cfc00000, 0x00000000d5580000)
  object space 1306624K, 99% used [0x0000000080000000,0x00000000cfbaecc0,0x00000000cfc00000)
 Metaspace       used 88100K, committed 89728K, reserved 1179648K
  class space    used 8982K, committed 9728K, reserved 1048576K
}
Event: 6442.885 GC heap before
{Heap before GC invocations=807 (full 4):
 PSYoungGen      total 2048K, used 1693K [0x00000000d5580000, 0x00000000d5900000, 0x0000000100000000)
  eden space 1536K, 93% used [0x00000000d5580000,0x00000000d56e7700,0x00000000d5700000)
  from space 512K, 50% used [0x00000000d5880000,0x00000000d58c0000,0x00000000d5900000)
  to   space 512K, 0% used [0x00000000d5800000,0x00000000d5800000,0x00000000d5880000)
 ParOldGen       total 1316864K, used 1315745K [0x0000000080000000, 0x00000000d0600000, 0x00000000d5580000)
  object space 1316864K, 99% used [0x0000000080000000,0x00000000d04e84a8,0x00000000d0600000)
 Metaspace       used 88100K, committed 89728K, reserved 1179648K
  class space    used 8982K, committed 9728K, reserved 1048576K
}
Event: 6442.888 GC heap after
{Heap after GC invocations=807 (full 4):
 PSYoungGen      total 2048K, used 160K [0x00000000d5580000, 0x00000000d5900000, 0x0000000100000000)
  eden space 1536K, 0% used [0x00000000d5580000,0x00000000d5580000,0x00000000d5700000)
  from space 512K, 31% used [0x00000000d5800000,0x00000000d5828000,0x00000000d5880000)
  to   space 512K, 0% used [0x00000000d5880000,0x00000000d5880000,0x00000000d5900000)
 ParOldGen       total 1316864K, used 1315849K [0x0000000080000000, 0x00000000d0600000, 0x00000000d5580000)
  object space 1316864K, 99% used [0x0000000080000000,0x00000000d05024a8,0x00000000d0600000)
 Metaspace       used 88100K, committed 89728K, reserved 1179648K
  class space    used 8982K, committed 9728K, reserved 1048576K
}
Event: 6442.910 GC heap before
{Heap before GC invocations=808 (full 4):
 PSYoungGen      total 2048K, used 1566K [0x00000000d5580000, 0x00000000d5900000, 0x0000000100000000)
  eden space 1536K, 91% used [0x00000000d5580000,0x00000000d56dfbe0,0x00000000d5700000)
  from space 512K, 31% used [0x00000000d5800000,0x00000000d5828000,0x00000000d5880000)
  to   space 512K, 0% used [0x00000000d5880000,0x00000000d5880000,0x00000000d5900000)
 ParOldGen       total 1327104K, used 1325295K [0x0000000080000000, 0x00000000d1000000, 0x00000000d5580000)
  object space 1327104K, 99% used [0x0000000080000000,0x00000000d0e3bc90,0x00000000d1000000)
 Metaspace       used 88100K, committed 89728K, reserved 1179648K
  class space    used 8982K, committed 9728K, reserved 1048576K
}
Event: 6442.914 GC heap after
{Heap after GC invocations=808 (full 4):
 PSYoungGen      total 2048K, used 160K [0x00000000d5580000, 0x00000000d5900000, 0x0000000100000000)
  eden space 1536K, 0% used [0x00000000d5580000,0x00000000d5580000,0x00000000d5700000)
  from space 512K, 31% used [0x00000000d5880000,0x00000000d58a8000,0x00000000d5900000)
  to   space 512K, 0% used [0x00000000d5800000,0x00000000d5800000,0x00000000d5880000)
 ParOldGen       total 1327104K, used 1325335K [0x0000000080000000, 0x00000000d1000000, 0x00000000d5580000)
  object space 1327104K, 99% used [0x0000000080000000,0x00000000d0e45c90,0x00000000d1000000)
 Metaspace       used 88100K, committed 89728K, reserved 1179648K
  class space    used 8982K, committed 9728K, reserved 1048576K
}
Event: 6442.945 GC heap before
{Heap before GC invocations=809 (full 4):
 PSYoungGen      total 2048K, used 1561K [0x00000000d5580000, 0x00000000d5900000, 0x0000000100000000)
  eden space 1536K, 91% used [0x00000000d5580000,0x00000000d56de6c8,0x00000000d5700000)
  from space 512K, 31% used [0x00000000d5880000,0x00000000d58a8000,0x00000000d5900000)
  to   space 512K, 0% used [0x00000000d5800000,0x00000000d5800000,0x00000000d5880000)
 ParOldGen       total 1333248K, used 1332891K [0x0000000080000000, 0x00000000d1600000, 0x00000000d5580000)
  object space 1333248K, 99% used [0x0000000080000000,0x00000000d15a6fb0,0x00000000d1600000)
 Metaspace       used 88106K, committed 89728K, reserved 1179648K
  class space    used 8984K, committed 9728K, reserved 1048576K
}
Event: 6442.949 GC heap after
{Heap after GC invocations=809 (full 4):
 PSYoungGen      total 2048K, used 224K [0x00000000d5580000, 0x00000000d5900000, 0x0000000100000000)
  eden space 1536K, 0% used [0x00000000d5580000,0x00000000d5580000,0x00000000d5700000)
  from space 512K, 43% used [0x00000000d5800000,0x00000000d5838000,0x00000000d5880000)
  to   space 512K, 0% used [0x00000000d5880000,0x00000000d5880000,0x00000000d5900000)
 ParOldGen       total 1333248K, used 1332907K [0x0000000080000000, 0x00000000d1600000, 0x00000000d5580000)
  object space 1333248K, 99% used [0x0000000080000000,0x00000000d15aafb0,0x00000000d1600000)
 Metaspace       used 88106K, committed 89728K, reserved 1179648K
  class space    used 8984K, committed 9728K, reserved 1048576K
}
Event: 6442.963 GC heap before
{Heap before GC invocations=810 (full 4):
 PSYoungGen      total 2048K, used 1404K [0x00000000d5580000, 0x00000000d5900000, 0x0000000100000000)
  eden space 1536K, 76% used [0x00000000d5580000,0x00000000d56a73c0,0x00000000d5700000)
  from space 512K, 43% used [0x00000000d5800000,0x00000000d5838000,0x00000000d5880000)
  to   space 512K, 0% used [0x00000000d5880000,0x00000000d5880000,0x00000000d5900000)
 ParOldGen       total 1337344K, used 1336686K [0x0000000080000000, 0x00000000d1a00000, 0x00000000d5580000)
  object space 1337344K, 99% used [0x0000000080000000,0x00000000d195b940,0x00000000d1a00000)
 Metaspace       used 88106K, committed 89728K, reserved 1179648K
  class space    used 8984K, committed 9728K, reserved 1048576K
}
Event: 6442.967 GC heap after
{Heap after GC invocations=810 (full 4):
 PSYoungGen      total 2048K, used 297K [0x00000000d5580000, 0x00000000d5900000, 0x0000000100000000)
  eden space 1536K, 0% used [0x00000000d5580000,0x00000000d5580000,0x00000000d5700000)
  from space 512K, 58% used [0x00000000d5880000,0x00000000d58ca400,0x00000000d5900000)
  to   space 512K, 0% used [0x00000000d5800000,0x00000000d5800000,0x00000000d5880000)
 ParOldGen       total 1337344K, used 1336758K [0x0000000080000000, 0x00000000d1a00000, 0x00000000d5580000)
  object space 1337344K, 99% used [0x0000000080000000,0x00000000d196d940,0x00000000d1a00000)
 Metaspace       used 88106K, committed 89728K, reserved 1179648K
  class space    used 8984K, committed 9728K, reserved 1048576K
}
Event: 6442.967 GC heap before
{Heap before GC invocations=811 (full 4):
 PSYoungGen      total 2048K, used 297K [0x00000000d5580000, 0x00000000d5900000, 0x0000000100000000)
  eden space 1536K, 0% used [0x00000000d5580000,0x00000000d5580000,0x00000000d5700000)
  from space 512K, 58% used [0x00000000d5880000,0x00000000d58ca400,0x00000000d5900000)
  to   space 512K, 0% used [0x00000000d5800000,0x00000000d5800000,0x00000000d5880000)
 ParOldGen       total 1337344K, used 1336758K [0x0000000080000000, 0x00000000d1a00000, 0x00000000d5580000)
  object space 1337344K, 99% used [0x0000000080000000,0x00000000d196d940,0x00000000d1a00000)
 Metaspace       used 88106K, committed 89728K, reserved 1179648K
  class space    used 8984K, committed 9728K, reserved 1048576K
}
Event: 6442.971 GC heap after
{Heap after GC invocations=811 (full 4):
 PSYoungGen      total 2560K, used 0K [0x00000000d5580000, 0x00000000d5900000, 0x0000000100000000)
  eden space 2048K, 0% used [0x00000000d5580000,0x00000000d5580000,0x00000000d5780000)
  from space 512K, 0% used [0x00000000d5800000,0x00000000d5800000,0x00000000d5880000)
  to   space 512K, 0% used [0x00000000d5880000,0x00000000d5880000,0x00000000d5900000)
 ParOldGen       total 1337344K, used 1336967K [0x0000000080000000, 0x00000000d1a00000, 0x00000000d5580000)
  object space 1337344K, 99% used [0x0000000080000000,0x00000000d19a1d40,0x00000000d1a00000)
 Metaspace       used 88106K, committed 89728K, reserved 1179648K
  class space    used 8984K, committed 9728K, reserved 1048576K
}
Event: 6442.971 GC heap before
{Heap before GC invocations=812 (full 5):
 PSYoungGen      total 2560K, used 0K [0x00000000d5580000, 0x00000000d5900000, 0x0000000100000000)
  eden space 2048K, 0% used [0x00000000d5580000,0x00000000d5580000,0x00000000d5780000)
  from space 512K, 0% used [0x00000000d5800000,0x00000000d5800000,0x00000000d5880000)
  to   space 512K, 0% used [0x00000000d5880000,0x00000000d5880000,0x00000000d5900000)
 ParOldGen       total 1337344K, used 1336967K [0x0000000080000000, 0x00000000d1a00000, 0x00000000d5580000)
  object space 1337344K, 99% used [0x0000000080000000,0x00000000d19a1d40,0x00000000d1a00000)
 Metaspace       used 88106K, committed 89728K, reserved 1179648K
  class space    used 8984K, committed 9728K, reserved 1048576K
}

