# JRE version: Java(TM) SE Runtime Environment (8.0_461) (build 1.8.0_461-b11)
# Java VM: Java HotSpot(TM) 64-Bit Server VM (25.461-b11 mixed mode windows-amd64 compressed oops)
Heap:
 PSYoungGen      total 364032K, used 308856K [0x000000076c900000, 0x0000000799180000, 0x00000007c0000000)
  eden space 305664K, 90% used [0x000000076c900000,0x000000077d7aff48,0x000000077f380000)
  from space 58368K, 54% used [0x000000077f380000,0x000000078126e320,0x0000000782c80000)
  to   space 118272K, 0% used [0x0000000791e00000,0x0000000791e00000,0x0000000799180000)
 ParOldGen       total 193536K, used 193042K [0x00000006c5a00000, 0x00000006d1700000, 0x000000076c900000)
  object space 193536K, 99% used [0x00000006c5a00000,0x00000006d16849f0,0x00000006d1700000)
 Metaspace       used 68881K, capacity 72484K, committed 72704K, reserved 1112064K
  class space    used 9322K, capacity 9917K, committed 9984K, reserved 1048576K
GC Heap History (10 events):
Event: 5.045 GC heap before
{Heap before GC invocations=7 (full 2):
 PSYoungGen      total 223232K, used 204981K [0x000000076c900000, 0x000000077af00000, 0x00000007c0000000)
  eden space 213504K, 96% used [0x000000076c900000,0x000000077912d6f8,0x0000000779980000)
  from space 9728K, 0% used [0x000000077a580000,0x000000077a580000,0x000000077af00000)
  to   space 10752K, 0% used [0x0000000779a00000,0x0000000779a00000,0x000000077a480000)
 ParOldGen       total 133632K, used 13979K [0x00000006c5a00000, 0x00000006cdc80000, 0x000000076c900000)
  object space 133632K, 10% used [0x00000006c5a00000,0x00000006c67a6cb0,0x00000006cdc80000)
 Metaspace       used 56465K, capacity 58978K, committed 59136K, reserved 1099776K
  class space    used 7661K, capacity 8128K, committed 8192K, reserved 1048576K
Event: 5.086 GC heap after
Heap after GC invocations=7 (full 2):
 PSYoungGen      total 224768K, used 10726K [0x000000076c900000, 0x0000000784300000, 0x00000007c0000000)
  eden space 214016K, 0% used [0x000000076c900000,0x000000076c900000,0x0000000779a00000)
  from space 10752K, 99% used [0x0000000779a00000,0x000000077a479810,0x000000077a480000)
  to   space 23040K, 0% used [0x0000000782c80000,0x0000000782c80000,0x0000000784300000)
 ParOldGen       total 133632K, used 26396K [0x00000006c5a00000, 0x00000006cdc80000, 0x000000076c900000)
  object space 133632K, 19% used [0x00000006c5a00000,0x00000006c73c7150,0x00000006cdc80000)
 Metaspace       used 56465K, capacity 58978K, committed 59136K, reserved 1099776K
  class space    used 7661K, capacity 8128K, committed 8192K, reserved 1048576K
}
Event: 5.086 GC heap before
{Heap before GC invocations=8 (full 3):
 PSYoungGen      total 224768K, used 10726K [0x000000076c900000, 0x0000000784300000, 0x00000007c0000000)
  eden space 214016K, 0% used [0x000000076c900000,0x000000076c900000,0x0000000779a00000)
  from space 10752K, 99% used [0x0000000779a00000,0x000000077a479810,0x000000077a480000)
  to   space 23040K, 0% used [0x0000000782c80000,0x0000000782c80000,0x0000000784300000)
 ParOldGen       total 133632K, used 26396K [0x00000006c5a00000, 0x00000006cdc80000, 0x000000076c900000)
  object space 133632K, 19% used [0x00000006c5a00000,0x00000006c73c7150,0x00000006cdc80000)
 Metaspace       used 56465K, capacity 58978K, committed 59136K, reserved 1099776K
  class space    used 7661K, capacity 8128K, committed 8192K, reserved 1048576K
Event: 5.190 GC heap after
Heap after GC invocations=8 (full 3):
 PSYoungGen      total 224768K, used 0K [0x000000076c900000, 0x0000000784300000, 0x00000007c0000000)
  eden space 214016K, 0% used [0x000000076c900000,0x000000076c900000,0x0000000779a00000)
  from space 10752K, 0% used [0x0000000779a00000,0x0000000779a00000,0x000000077a480000)
  to   space 23040K, 0% used [0x0000000782c80000,0x0000000782c80000,0x0000000784300000)
 ParOldGen       total 193536K, used 33660K [0x00000006c5a00000, 0x00000006d1700000, 0x000000076c900000)
  object space 193536K, 17% used [0x00000006c5a00000,0x00000006c7adf3a8,0x00000006d1700000)
 Metaspace       used 56465K, capacity 58978K, committed 59136K, reserved 1099776K
  class space    used 7661K, capacity 8128K, committed 8192K, reserved 1048576K
}
Event: 39.423 GC heap before
{Heap before GC invocations=9 (full 3):
 PSYoungGen      total 224768K, used 214016K [0x000000076c900000, 0x0000000784300000, 0x00000007c0000000)
  eden space 214016K, 100% used [0x000000076c900000,0x0000000779a00000,0x0000000779a00000)
  from space 10752K, 0% used [0x0000000779a00000,0x0000000779a00000,0x000000077a480000)
  to   space 23040K, 0% used [0x0000000782c80000,0x0000000782c80000,0x0000000784300000)
 ParOldGen       total 193536K, used 33660K [0x00000006c5a00000, 0x00000006d1700000, 0x000000076c900000)
  object space 193536K, 17% used [0x00000006c5a00000,0x00000006c7adf3a8,0x00000006d1700000)
 Metaspace       used 59883K, capacity 62498K, committed 62720K, reserved 1103872K
  class space    used 8189K, capacity 8640K, committed 8704K, reserved 1048576K
Event: 39.600 GC heap after
Heap after GC invocations=9 (full 3):
 PSYoungGen      total 328704K, used 23036K [0x000000076c900000, 0x0000000786e00000, 0x00000007c0000000)
  eden space 305664K, 0% used [0x000000076c900000,0x000000076c900000,0x000000077f380000)
  from space 23040K, 99% used [0x0000000782c80000,0x00000007842ff000,0x0000000784300000)
  to   space 58368K, 0% used [0x000000077f380000,0x000000077f380000,0x0000000782c80000)
 ParOldGen       total 193536K, used 89711K [0x00000006c5a00000, 0x00000006d1700000, 0x000000076c900000)
  object space 193536K, 46% used [0x00000006c5a00000,0x00000006cb19beb8,0x00000006d1700000)
 Metaspace       used 59883K, capacity 62498K, committed 62720K, reserved 1103872K
  class space    used 8189K, capacity 8640K, committed 8704K, reserved 1048576K
}
Event: 43.083 GC heap before
{Heap before GC invocations=10 (full 3):
 PSYoungGen      total 328704K, used 328700K [0x000000076c900000, 0x0000000786e00000, 0x00000007c0000000)
  eden space 305664K, 100% used [0x000000076c900000,0x000000077f380000,0x000000077f380000)
  from space 23040K, 99% used [0x0000000782c80000,0x00000007842ff000,0x0000000784300000)
  to   space 58368K, 0% used [0x000000077f380000,0x000000077f380000,0x0000000782c80000)
 ParOldGen       total 193536K, used 89711K [0x00000006c5a00000, 0x00000006d1700000, 0x000000076c900000)
  object space 193536K, 46% used [0x00000006c5a00000,0x00000006cb19beb8,0x00000006d1700000)
 Metaspace       used 59887K, capacity 62498K, committed 62720K, reserved 1103872K
  class space    used 8189K, capacity 8640K, committed 8704K, reserved 1048576K
Event: 43.478 GC heap after
Heap after GC invocations=10 (full 3):
 PSYoungGen      total 364032K, used 58345K [0x000000076c900000, 0x0000000799180000, 0x00000007c0000000)
  eden space 305664K, 0% used [0x000000076c900000,0x000000076c900000,0x000000077f380000)
  from space 58368K, 99% used [0x000000077f380000,0x0000000782c7a6e0,0x0000000782c80000)
  to   space 118272K, 0% used [0x0000000791e00000,0x0000000791e00000,0x0000000799180000)
 ParOldGen       total 193536K, used 184816K [0x00000006c5a00000, 0x00000006d1700000, 0x000000076c900000)
  object space 193536K, 95% used [0x00000006c5a00000,0x00000006d0e7c008,0x00000006d1700000)
 Metaspace       used 59887K, capacity 62498K, committed 62720K, reserved 1103872K
  class space    used 8189K, capacity 8640K, committed 8704K, reserved 1048576K
}
Event: 43.478 GC heap before
{Heap before GC invocations=11 (full 4):
 PSYoungGen      total 364032K, used 58345K [0x000000076c900000, 0x0000000799180000, 0x00000007c0000000)
  eden space 305664K, 0% used [0x000000076c900000,0x000000076c900000,0x000000077f380000)
  from space 58368K, 99% used [0x000000077f380000,0x0000000782c7a6e0,0x0000000782c80000)
  to   space 118272K, 0% used [0x0000000791e00000,0x0000000791e00000,0x0000000799180000)
 ParOldGen       total 193536K, used 184816K [0x00000006c5a00000, 0x00000006d1700000, 0x000000076c900000)
  object space 193536K, 95% used [0x00000006c5a00000,0x00000006d0e7c008,0x00000006d1700000)
 Metaspace       used 59887K, capacity 62498K, committed 62720K, reserved 1103872K
  class space    used 8189K, capacity 8640K, committed 8704K, reserved 1048576K
Event: 44.086 GC heap after
Heap after GC invocations=11 (full 4):
 PSYoungGen      total 364032K, used 31672K [0x000000076c900000, 0x0000000799180000, 0x00000007c0000000)
  eden space 305664K, 0% used [0x000000076c900000,0x000000076c900000,0x000000077f380000)
  from space 58368K, 54% used [0x000000077f380000,0x000000078126e320,0x0000000782c80000)
  to   space 118272K, 0% used [0x0000000791e00000,0x0000000791e00000,0x0000000799180000)
 ParOldGen       total 193536K, used 193042K [0x00000006c5a00000, 0x00000006d1700000, 0x000000076c900000)
  object space 193536K, 99% used [0x00000006c5a00000,0x00000006d16849f0,0x00000006d1700000)
 Metaspace       used 59887K, capacity 62498K, committed 62720K, reserved 1103872K
  class space    used 8189K, capacity 8640K, committed 8704K, reserved 1048576K
}

