# JRE version: Java(TM) SE Runtime Environment (8.0_461) (build 1.8.0_461-b11)
# Java VM: Java HotSpot(TM) 64-Bit Server VM (25.461-b11 mixed mode windows-amd64 compressed oops)
Heap:
 PSYoungGen      total 75264K, used 16143K [0x000000076c900000, 0x0000000773800000, 0x00000007c0000000)
  eden space 64512K, 12% used [0x000000076c900000,0x000000076d0d5f48,0x0000000770800000)
  from space 10752K, 75% used [0x0000000770800000,0x0000000770feddf0,0x0000000771280000)
  to   space 10752K, 0% used [0x0000000772d80000,0x0000000772d80000,0x0000000773800000)
 ParOldGen       total 109056K, used 9283K [0x00000006c5a00000, 0x00000006cc480000, 0x000000076c900000)
  object space 109056K, 8% used [0x00000006c5a00000,0x00000006c6310df0,0x00000006cc480000)
 Metaspace       used 25702K, capacity 26848K, committed 27008K, reserved 1073152K
  class space    used 3358K, capacity 3620K, committed 3712K, reserved 1048576K
GC Heap History (8 events):
Event: 0.641 GC heap before
{Heap before GC invocations=1 (full 0):
 PSYoungGen      total 75264K, used 64512K [0x000000076c900000, 0x0000000771d00000, 0x00000007c0000000)
  eden space 64512K, 100% used [0x000000076c900000,0x0000000770800000,0x0000000770800000)
  from space 10752K, 0% used [0x0000000771280000,0x0000000771280000,0x0000000771d00000)
  to   space 10752K, 0% used [0x0000000770800000,0x0000000770800000,0x0000000771280000)
 ParOldGen       total 172032K, used 0K [0x00000006c5a00000, 0x00000006d0200000, 0x000000076c900000)
  object space 172032K, 0% used [0x00000006c5a00000,0x00000006c5a00000,0x00000006d0200000)
 Metaspace       used 14883K, capacity 15558K, committed 15744K, reserved 1062912K
  class space    used 1910K, capacity 2065K, committed 2176K, reserved 1048576K
Event: 0.647 GC heap after
Heap after GC invocations=1 (full 0):
 PSYoungGen      total 75264K, used 9602K [0x000000076c900000, 0x0000000771d00000, 0x00000007c0000000)
  eden space 64512K, 0% used [0x000000076c900000,0x000000076c900000,0x0000000770800000)
  from space 10752K, 89% used [0x0000000770800000,0x00000007711608c0,0x0000000771280000)
  to   space 10752K, 0% used [0x0000000771280000,0x0000000771280000,0x0000000771d00000)
 ParOldGen       total 172032K, used 16K [0x00000006c5a00000, 0x00000006d0200000, 0x000000076c900000)
  object space 172032K, 0% used [0x00000006c5a00000,0x00000006c5a04000,0x00000006d0200000)
 Metaspace       used 14883K, capacity 15558K, committed 15744K, reserved 1062912K
  class space    used 1910K, capacity 2065K, committed 2176K, reserved 1048576K
}
Event: 0.842 GC heap before
{Heap before GC invocations=2 (full 0):
 PSYoungGen      total 75264K, used 70102K [0x000000076c900000, 0x0000000771d00000, 0x00000007c0000000)
  eden space 64512K, 93% used [0x000000076c900000,0x0000000770415310,0x0000000770800000)
  from space 10752K, 89% used [0x0000000770800000,0x00000007711608c0,0x0000000771280000)
  to   space 10752K, 0% used [0x0000000771280000,0x0000000771280000,0x0000000771d00000)
 ParOldGen       total 172032K, used 16K [0x00000006c5a00000, 0x00000006d0200000, 0x000000076c900000)
  object space 172032K, 0% used [0x00000006c5a00000,0x00000006c5a04000,0x00000006d0200000)
 Metaspace       used 20335K, capacity 21220K, committed 21296K, reserved 1067008K
  class space    used 2680K, capacity 2906K, committed 2944K, reserved 1048576K
Event: 0.848 GC heap after
Heap after GC invocations=2 (full 0):
 PSYoungGen      total 75264K, used 9678K [0x000000076c900000, 0x0000000771d00000, 0x00000007c0000000)
  eden space 64512K, 0% used [0x000000076c900000,0x000000076c900000,0x0000000770800000)
  from space 10752K, 90% used [0x0000000771280000,0x0000000771bf3ac0,0x0000000771d00000)
  to   space 10752K, 0% used [0x0000000770800000,0x0000000770800000,0x0000000771280000)
 ParOldGen       total 172032K, used 32K [0x00000006c5a00000, 0x00000006d0200000, 0x000000076c900000)
  object space 172032K, 0% used [0x00000006c5a00000,0x00000006c5a08000,0x00000006d0200000)
 Metaspace       used 20335K, capacity 21220K, committed 21296K, reserved 1067008K
  class space    used 2680K, capacity 2906K, committed 2944K, reserved 1048576K
}
Event: 0.848 GC heap before
{Heap before GC invocations=3 (full 1):
 PSYoungGen      total 75264K, used 9678K [0x000000076c900000, 0x0000000771d00000, 0x00000007c0000000)
  eden space 64512K, 0% used [0x000000076c900000,0x000000076c900000,0x0000000770800000)
  from space 10752K, 90% used [0x0000000771280000,0x0000000771bf3ac0,0x0000000771d00000)
  to   space 10752K, 0% used [0x0000000770800000,0x0000000770800000,0x0000000771280000)
 ParOldGen       total 172032K, used 32K [0x00000006c5a00000, 0x00000006d0200000, 0x000000076c900000)
  object space 172032K, 0% used [0x00000006c5a00000,0x00000006c5a08000,0x00000006d0200000)
 Metaspace       used 20335K, capacity 21220K, committed 21296K, reserved 1067008K
  class space    used 2680K, capacity 2906K, committed 2944K, reserved 1048576K
Event: 0.867 GC heap after
Heap after GC invocations=3 (full 1):
 PSYoungGen      total 75264K, used 0K [0x000000076c900000, 0x0000000771d00000, 0x00000007c0000000)
  eden space 64512K, 0% used [0x000000076c900000,0x000000076c900000,0x0000000770800000)
  from space 10752K, 0% used [0x0000000771280000,0x0000000771280000,0x0000000771d00000)
  to   space 10752K, 0% used [0x0000000770800000,0x0000000770800000,0x0000000771280000)
 ParOldGen       total 109056K, used 9275K [0x00000006c5a00000, 0x00000006cc480000, 0x000000076c900000)
  object space 109056K, 8% used [0x00000006c5a00000,0x00000006c630edf0,0x00000006cc480000)
 Metaspace       used 20335K, capacity 21220K, committed 21296K, reserved 1067008K
  class space    used 2680K, capacity 2906K, committed 2944K, reserved 1048576K
}
Event: 1.137 GC heap before
{Heap before GC invocations=4 (full 1):
 PSYoungGen      total 75264K, used 64512K [0x000000076c900000, 0x0000000771d00000, 0x00000007c0000000)
  eden space 64512K, 100% used [0x000000076c900000,0x0000000770800000,0x0000000770800000)
  from space 10752K, 0% used [0x0000000771280000,0x0000000771280000,0x0000000771d00000)
  to   space 10752K, 0% used [0x0000000770800000,0x0000000770800000,0x0000000771280000)
 ParOldGen       total 109056K, used 9275K [0x00000006c5a00000, 0x00000006cc480000, 0x000000076c900000)
  object space 109056K, 8% used [0x00000006c5a00000,0x00000006c630edf0,0x00000006cc480000)
 Metaspace       used 25021K, capacity 26038K, committed 26368K, reserved 1073152K
  class space    used 3254K, capacity 3507K, committed 3584K, reserved 1048576K
Event: 1.141 GC heap after
Heap after GC invocations=4 (full 1):
 PSYoungGen      total 75264K, used 8119K [0x000000076c900000, 0x0000000773800000, 0x00000007c0000000)
  eden space 64512K, 0% used [0x000000076c900000,0x000000076c900000,0x0000000770800000)
  from space 10752K, 75% used [0x0000000770800000,0x0000000770feddf0,0x0000000771280000)
  to   space 10752K, 0% used [0x0000000772d80000,0x0000000772d80000,0x0000000773800000)
 ParOldGen       total 109056K, used 9283K [0x00000006c5a00000, 0x00000006cc480000, 0x000000076c900000)
  object space 109056K, 8% used [0x00000006c5a00000,0x00000006c6310df0,0x00000006cc480000)
 Metaspace       used 25021K, capacity 26038K, committed 26368K, reserved 1073152K
  class space    used 3254K, capacity 3507K, committed 3584K, reserved 1048576K
}

