# JRE version: OpenJDK Runtime Environment Temurin-21.0.8+9 (21.0.8+9) (build 21.0.8+9-LTS)
# Java VM: OpenJDK 64-Bit Server VM Temurin-21.0.8+9 (21.0.8+9-LTS, mixed mode, sharing, tiered, compressed oops, compressed class ptrs, parallel gc, windows-amd64)
GC Precious Log:
 CardTable entry size: 512
 CPUs: 12 total, 12 available
 Memory: 16016M
 Large Page Support: Disabled
 NUMA Support: Disabled
 Compressed Oops: Enabled (32-bit)
 Alignments: Space 512K, Generation 512K, Heap 2M
 Heap Min Capacity: 100M
 Heap Initial Capacity: 100M
 Heap Max Capacity: 2G
 Pre-touch: Disabled
 Parallel Workers: 10
Heap:
 PSYoungGen      total 5120K, used 5104K [0x00000000d5580000, 0x00000000d7400000, 0x0000000100000000)
  eden space 3072K, 100% used [0x00000000d5580000,0x00000000d5880000,0x00000000d5880000)
  from space 2048K, 99% used [0x00000000d6280000,0x00000000d647c2d0,0x00000000d6480000)
  to   space 10240K, 30% used [0x00000000d5880000,0x00000000d5b98000,0x00000000d6280000)
 ParOldGen       total 1141248K, used 1141012K [0x0000000080000000, 0x00000000c5a80000, 0x00000000d5580000)
  object space 1141248K, 99% used [0x0000000080000000,0x00000000c5a45290,0x00000000c5a80000)
 Metaspace       used 90202K, committed 91840K, reserved 1179648K
  class space    used 9126K, committed 9920K, reserved 1048576K
GC Heap History (20 events):
Event: 4079.754 GC heap after
{Heap after GC invocations=1325 (full 5):
 PSYoungGen      total 12800K, used 4639K [0x00000000d5580000, 0x00000000d6a00000, 0x0000000100000000)
  eden space 7680K, 0% used [0x00000000d5580000,0x00000000d5580000,0x00000000d5d00000)
  from space 5120K, 90% used [0x00000000d6500000,0x00000000d6987c00,0x00000000d6a00000)
  to   space 5632K, 0% used [0x00000000d5f00000,0x00000000d5f00000,0x00000000d6480000)
 ParOldGen       total 1088000K, used 1087913K [0x0000000080000000, 0x00000000c2680000, 0x00000000d5580000)
  object space 1088000K, 99% used [0x0000000080000000,0x00000000c266a6a8,0x00000000c2680000)
 Metaspace       used 90108K, committed 91776K, reserved 1179648K
  class space    used 9124K, committed 9920K, reserved 1048576K
}
Event: 4079.790 GC heap before
{Heap before GC invocations=1326 (full 5):
 PSYoungGen      total 12800K, used 12314K [0x00000000d5580000, 0x00000000d6a00000, 0x0000000100000000)
  eden space 7680K, 99% used [0x00000000d5580000,0x00000000d5cfed28,0x00000000d5d00000)
  from space 5120K, 90% used [0x00000000d6500000,0x00000000d6987c00,0x00000000d6a00000)
  to   space 5632K, 0% used [0x00000000d5f00000,0x00000000d5f00000,0x00000000d6480000)
 ParOldGen       total 1088000K, used 1087913K [0x0000000080000000, 0x00000000c2680000, 0x00000000d5580000)
  object space 1088000K, 99% used [0x0000000080000000,0x00000000c266a6a8,0x00000000c2680000)
 Metaspace       used 90123K, committed 91776K, reserved 1179648K
  class space    used 9124K, committed 9920K, reserved 1048576K
}
Event: 4079.808 GC heap after
{Heap after GC invocations=1326 (full 5):
 PSYoungGen      total 12288K, used 2960K [0x00000000d5580000, 0x00000000d6680000, 0x0000000100000000)
  eden space 9216K, 0% used [0x00000000d5580000,0x00000000d5580000,0x00000000d5e80000)
  from space 3072K, 96% used [0x00000000d5f00000,0x00000000d61e4000,0x00000000d6200000)
  to   space 4096K, 0% used [0x00000000d6280000,0x00000000d6280000,0x00000000d6680000)
 ParOldGen       total 1092608K, used 1092345K [0x0000000080000000, 0x00000000c2b00000, 0x00000000d5580000)
  object space 1092608K, 99% used [0x0000000080000000,0x00000000c2abe6a8,0x00000000c2b00000)
 Metaspace       used 90123K, committed 91776K, reserved 1179648K
  class space    used 9124K, committed 9920K, reserved 1048576K
}
Event: 4079.875 GC heap before
{Heap before GC invocations=1327 (full 5):
 PSYoungGen      total 12288K, used 12176K [0x00000000d5580000, 0x00000000d6680000, 0x0000000100000000)
  eden space 9216K, 100% used [0x00000000d5580000,0x00000000d5e80000,0x00000000d5e80000)
  from space 3072K, 96% used [0x00000000d5f00000,0x00000000d61e4000,0x00000000d6200000)
  to   space 4096K, 0% used [0x00000000d6280000,0x00000000d6280000,0x00000000d6680000)
 ParOldGen       total 1092608K, used 1092345K [0x0000000080000000, 0x00000000c2b00000, 0x00000000d5580000)
  object space 1092608K, 99% used [0x0000000080000000,0x00000000c2abe6a8,0x00000000c2b00000)
 Metaspace       used 90133K, committed 91776K, reserved 1179648K
  class space    used 9124K, committed 9920K, reserved 1048576K
}
Event: 4079.888 GC heap after
{Heap after GC invocations=1327 (full 5):
 PSYoungGen      total 13824K, used 2016K [0x00000000d5580000, 0x00000000d6580000, 0x0000000100000000)
  eden space 10752K, 0% used [0x00000000d5580000,0x00000000d5580000,0x00000000d6000000)
  from space 3072K, 65% used [0x00000000d6280000,0x00000000d6478000,0x00000000d6580000)
  to   space 2560K, 0% used [0x00000000d6000000,0x00000000d6000000,0x00000000d6280000)
 ParOldGen       total 1095168K, used 1095117K [0x0000000080000000, 0x00000000c2d80000, 0x00000000d5580000)
  object space 1095168K, 99% used [0x0000000080000000,0x00000000c2d736b8,0x00000000c2d80000)
 Metaspace       used 90133K, committed 91776K, reserved 1179648K
  class space    used 9124K, committed 9920K, reserved 1048576K
}
Event: 4080.109 GC heap before
{Heap before GC invocations=1328 (full 5):
 PSYoungGen      total 13824K, used 12768K [0x00000000d5580000, 0x00000000d6580000, 0x0000000100000000)
  eden space 10752K, 100% used [0x00000000d5580000,0x00000000d6000000,0x00000000d6000000)
  from space 3072K, 65% used [0x00000000d6280000,0x00000000d6478000,0x00000000d6580000)
  to   space 2560K, 0% used [0x00000000d6000000,0x00000000d6000000,0x00000000d6280000)
 ParOldGen       total 1095168K, used 1095117K [0x0000000080000000, 0x00000000c2d80000, 0x00000000d5580000)
  object space 1095168K, 99% used [0x0000000080000000,0x00000000c2d736b8,0x00000000c2d80000)
 Metaspace       used 90137K, committed 91776K, reserved 1179648K
  class space    used 9124K, committed 9920K, reserved 1048576K
}
Event: 4080.117 GC heap after
{Heap after GC invocations=1328 (full 5):
 PSYoungGen      total 13312K, used 1568K [0x00000000d5580000, 0x00000000d6680000, 0x0000000100000000)
  eden space 10752K, 0% used [0x00000000d5580000,0x00000000d5580000,0x00000000d6000000)
  from space 2560K, 61% used [0x00000000d6000000,0x00000000d6188020,0x00000000d6280000)
  to   space 2048K, 0% used [0x00000000d6480000,0x00000000d6480000,0x00000000d6680000)
 ParOldGen       total 1096704K, used 1096512K [0x0000000080000000, 0x00000000c2f00000, 0x00000000d5580000)
  object space 1096704K, 99% used [0x0000000080000000,0x00000000c2ed0338,0x00000000c2f00000)
 Metaspace       used 90137K, committed 91776K, reserved 1179648K
  class space    used 9124K, committed 9920K, reserved 1048576K
}
Event: 4080.291 GC heap before
{Heap before GC invocations=1329 (full 5):
 PSYoungGen      total 13312K, used 12320K [0x00000000d5580000, 0x00000000d6680000, 0x0000000100000000)
  eden space 10752K, 100% used [0x00000000d5580000,0x00000000d6000000,0x00000000d6000000)
  from space 2560K, 61% used [0x00000000d6000000,0x00000000d6188020,0x00000000d6280000)
  to   space 2048K, 0% used [0x00000000d6480000,0x00000000d6480000,0x00000000d6680000)
 ParOldGen       total 1096704K, used 1096512K [0x0000000080000000, 0x00000000c2f00000, 0x00000000d5580000)
  object space 1096704K, 99% used [0x0000000080000000,0x00000000c2ed0338,0x00000000c2f00000)
 Metaspace       used 90152K, committed 91840K, reserved 1179648K
  class space    used 9126K, committed 9920K, reserved 1048576K
}
Event: 4080.302 GC heap after
{Heap after GC invocations=1329 (full 5):
 PSYoungGen      total 12288K, used 1511K [0x00000000d5580000, 0x00000000d6600000, 0x0000000100000000)
  eden space 10752K, 0% used [0x00000000d5580000,0x00000000d5580000,0x00000000d6000000)
  from space 1536K, 98% used [0x00000000d6480000,0x00000000d65f9e00,0x00000000d6600000)
  to   space 2048K, 0% used [0x00000000d6200000,0x00000000d6200000,0x00000000d6400000)
 ParOldGen       total 1098240K, used 1097884K [0x0000000080000000, 0x00000000c3080000, 0x00000000d5580000)
  object space 1098240K, 99% used [0x0000000080000000,0x00000000c3027270,0x00000000c3080000)
 Metaspace       used 90152K, committed 91840K, reserved 1179648K
  class space    used 9126K, committed 9920K, reserved 1048576K
}
Event: 4080.419 GC heap before
{Heap before GC invocations=1330 (full 5):
 PSYoungGen      total 12288K, used 12263K [0x00000000d5580000, 0x00000000d6600000, 0x0000000100000000)
  eden space 10752K, 100% used [0x00000000d5580000,0x00000000d6000000,0x00000000d6000000)
  from space 1536K, 98% used [0x00000000d6480000,0x00000000d65f9e00,0x00000000d6600000)
  to   space 2048K, 0% used [0x00000000d6200000,0x00000000d6200000,0x00000000d6400000)
 ParOldGen       total 1098240K, used 1097884K [0x0000000080000000, 0x00000000c3080000, 0x00000000d5580000)
  object space 1098240K, 99% used [0x0000000080000000,0x00000000c3027270,0x00000000c3080000)
 Metaspace       used 90154K, committed 91840K, reserved 1179648K
  class space    used 9126K, committed 9920K, reserved 1048576K
}
Event: 4080.428 GC heap after
{Heap after GC invocations=1330 (full 5):
 PSYoungGen      total 12800K, used 2046K [0x00000000d5580000, 0x00000000d6800000, 0x0000000100000000)
  eden space 10752K, 0% used [0x00000000d5580000,0x00000000d5580000,0x00000000d6000000)
  from space 2048K, 99% used [0x00000000d6200000,0x00000000d63ffa88,0x00000000d6400000)
  to   space 4096K, 0% used [0x00000000d6400000,0x00000000d6400000,0x00000000d6800000)
 ParOldGen       total 1099776K, used 1099481K [0x0000000080000000, 0x00000000c3200000, 0x00000000d5580000)
  object space 1099776K, 99% used [0x0000000080000000,0x00000000c31b64a0,0x00000000c3200000)
 Metaspace       used 90154K, committed 91840K, reserved 1179648K
  class space    used 9126K, committed 9920K, reserved 1048576K
}
Event: 4080.533 GC heap before
{Heap before GC invocations=1331 (full 5):
 PSYoungGen      total 12800K, used 12798K [0x00000000d5580000, 0x00000000d6800000, 0x0000000100000000)
  eden space 10752K, 100% used [0x00000000d5580000,0x00000000d6000000,0x00000000d6000000)
  from space 2048K, 99% used [0x00000000d6200000,0x00000000d63ffa88,0x00000000d6400000)
  to   space 4096K, 0% used [0x00000000d6400000,0x00000000d6400000,0x00000000d6800000)
 ParOldGen       total 1099776K, used 1099481K [0x0000000080000000, 0x00000000c3200000, 0x00000000d5580000)
  object space 1099776K, 99% used [0x0000000080000000,0x00000000c31b64a0,0x00000000c3200000)
 Metaspace       used 90158K, committed 91840K, reserved 1179648K
  class space    used 9126K, committed 9920K, reserved 1048576K
}
Event: 4080.540 GC heap after
{Heap after GC invocations=1331 (full 5):
 PSYoungGen      total 12288K, used 1305K [0x00000000d5580000, 0x00000000d6580000, 0x0000000100000000)
  eden space 10752K, 0% used [0x00000000d5580000,0x00000000d5580000,0x00000000d6000000)
  from space 1536K, 84% used [0x00000000d6400000,0x00000000d6546420,0x00000000d6580000)
  to   space 2560K, 0% used [0x00000000d6080000,0x00000000d6080000,0x00000000d6300000)
 ParOldGen       total 1101824K, used 1101345K [0x0000000080000000, 0x00000000c3400000, 0x00000000d5580000)
  object space 1101824K, 99% used [0x0000000080000000,0x00000000c33884c0,0x00000000c3400000)
 Metaspace       used 90158K, committed 91840K, reserved 1179648K
  class space    used 9126K, committed 9920K, reserved 1048576K
}
Event: 4080.856 GC heap before
{Heap before GC invocations=1332 (full 5):
 PSYoungGen      total 12288K, used 12057K [0x00000000d5580000, 0x00000000d6580000, 0x0000000100000000)
  eden space 10752K, 100% used [0x00000000d5580000,0x00000000d6000000,0x00000000d6000000)
  from space 1536K, 84% used [0x00000000d6400000,0x00000000d6546420,0x00000000d6580000)
  to   space 2560K, 0% used [0x00000000d6080000,0x00000000d6080000,0x00000000d6300000)
 ParOldGen       total 1133568K, used 1132065K [0x0000000080000000, 0x00000000c5300000, 0x00000000d5580000)
  object space 1133568K, 99% used [0x0000000080000000,0x00000000c51884f0,0x00000000c5300000)
 Metaspace       used 90196K, committed 91840K, reserved 1179648K
  class space    used 9126K, committed 9920K, reserved 1048576K
}
Event: 4080.864 GC heap after
{Heap after GC invocations=1332 (full 5):
 PSYoungGen      total 12800K, used 1720K [0x00000000d5580000, 0x00000000d6480000, 0x0000000100000000)
  eden space 10752K, 0% used [0x00000000d5580000,0x00000000d5580000,0x00000000d6000000)
  from space 2048K, 84% used [0x00000000d6080000,0x00000000d622e3d8,0x00000000d6280000)
  to   space 2048K, 0% used [0x00000000d6280000,0x00000000d6280000,0x00000000d6480000)
 ParOldGen       total 1133568K, used 1133097K [0x0000000080000000, 0x00000000c5300000, 0x00000000d5580000)
  object space 1133568K, 99% used [0x0000000080000000,0x00000000c528a4f0,0x00000000c5300000)
 Metaspace       used 90196K, committed 91840K, reserved 1179648K
  class space    used 9126K, committed 9920K, reserved 1048576K
}
Event: 4081.017 GC heap before
{Heap before GC invocations=1333 (full 5):
 PSYoungGen      total 12800K, used 12472K [0x00000000d5580000, 0x00000000d6480000, 0x0000000100000000)
  eden space 10752K, 100% used [0x00000000d5580000,0x00000000d6000000,0x00000000d6000000)
  from space 2048K, 84% used [0x00000000d6080000,0x00000000d622e3d8,0x00000000d6280000)
  to   space 2048K, 0% used [0x00000000d6280000,0x00000000d6280000,0x00000000d6480000)
 ParOldGen       total 1133568K, used 1133097K [0x0000000080000000, 0x00000000c5300000, 0x00000000d5580000)
  object space 1133568K, 99% used [0x0000000080000000,0x00000000c528a4f0,0x00000000c5300000)
 Metaspace       used 90202K, committed 91840K, reserved 1179648K
  class space    used 9126K, committed 9920K, reserved 1048576K
}
Event: 4081.032 GC heap after
{Heap after GC invocations=1333 (full 5):
 PSYoungGen      total 5120K, used 2032K [0x00000000d5580000, 0x00000000d7400000, 0x0000000100000000)
  eden space 3072K, 0% used [0x00000000d5580000,0x00000000d5580000,0x00000000d5880000)
  from space 2048K, 99% used [0x00000000d6280000,0x00000000d647c2d0,0x00000000d6480000)
  to   space 10240K, 0% used [0x00000000d5880000,0x00000000d5880000,0x00000000d6280000)
 ParOldGen       total 1140224K, used 1139932K [0x0000000080000000, 0x00000000c5980000, 0x00000000d5580000)
  object space 1140224K, 99% used [0x0000000080000000,0x00000000c5937118,0x00000000c5980000)
 Metaspace       used 90202K, committed 91840K, reserved 1179648K
  class space    used 9126K, committed 9920K, reserved 1048576K
}
Event: 4081.049 GC heap before
{Heap before GC invocations=1334 (full 5):
 PSYoungGen      total 5120K, used 5104K [0x00000000d5580000, 0x00000000d7400000, 0x0000000100000000)
  eden space 3072K, 100% used [0x00000000d5580000,0x00000000d5880000,0x00000000d5880000)
  from space 2048K, 99% used [0x00000000d6280000,0x00000000d647c2d0,0x00000000d6480000)
  to   space 10240K, 0% used [0x00000000d5880000,0x00000000d5880000,0x00000000d6280000)
 ParOldGen       total 1140224K, used 1139932K [0x0000000080000000, 0x00000000c5980000, 0x00000000d5580000)
  object space 1140224K, 99% used [0x0000000080000000,0x00000000c5937118,0x00000000c5980000)
 Metaspace       used 90202K, committed 91840K, reserved 1179648K
  class space    used 9126K, committed 9920K, reserved 1048576K
}
Event: 4081.061 GC heap after
{Heap after GC invocations=1334 (full 5):
 PSYoungGen      total 5120K, used 5104K [0x00000000d5580000, 0x00000000d7400000, 0x0000000100000000)
  eden space 3072K, 100% used [0x00000000d5580000,0x00000000d5880000,0x00000000d5880000)
  from space 2048K, 99% used [0x00000000d6280000,0x00000000d647c2d0,0x00000000d6480000)
  to   space 10240K, 30% used [0x00000000d5880000,0x00000000d5b98000,0x00000000d6280000)
 ParOldGen       total 1141248K, used 1141012K [0x0000000080000000, 0x00000000c5a80000, 0x00000000d5580000)
  object space 1141248K, 99% used [0x0000000080000000,0x00000000c5a45290,0x00000000c5a80000)
 Metaspace       used 90202K, committed 91840K, reserved 1179648K
  class space    used 9126K, committed 9920K, reserved 1048576K
}
Event: 4081.061 GC heap before
{Heap before GC invocations=1335 (full 6):
 PSYoungGen      total 5120K, used 5104K [0x00000000d5580000, 0x00000000d7400000, 0x0000000100000000)
  eden space 3072K, 100% used [0x00000000d5580000,0x00000000d5880000,0x00000000d5880000)
  from space 2048K, 99% used [0x00000000d6280000,0x00000000d647c2d0,0x00000000d6480000)
  to   space 10240K, 30% used [0x00000000d5880000,0x00000000d5b98000,0x00000000d6280000)
 ParOldGen       total 1141248K, used 1141012K [0x0000000080000000, 0x00000000c5a80000, 0x00000000d5580000)
  object space 1141248K, 99% used [0x0000000080000000,0x00000000c5a45290,0x00000000c5a80000)
 Metaspace       used 90202K, committed 91840K, reserved 1179648K
  class space    used 9126K, committed 9920K, reserved 1048576K
}

