# JRE version: OpenJDK Runtime Environment Temurin-21.0.8+9 (21.0.8+9) (build 21.0.8+9-LTS)
# Java VM: OpenJDK 64-Bit Server VM Temurin-21.0.8+9 (21.0.8+9-LTS, mixed mode, sharing, tiered, compressed oops, compressed class ptrs, parallel gc, windows-amd64)
GC Precious Log:
 CardTable entry size: 512
 CPUs: 12 total, 12 available
 Memory: 16016M
 Large Page Support: Disabled
 NUMA Support: Disabled
 Compressed Oops: Enabled (32-bit)
 Alignments: Space 512K, Generation 512K, Heap 2M
 Heap Min Capacity: 100M
 Heap Initial Capacity: 100M
 Heap Max Capacity: 2G
 Pre-touch: Disabled
 Parallel Workers: 10
Heap:
 PSYoungGen      total 3072K, used 2733K [0x00000000d5580000, 0x00000000d5b80000, 0x0000000100000000)
  eden space 2560K, 93% used [0x00000000d5580000,0x00000000d57d35e8,0x00000000d5800000)
  from space 512K, 68% used [0x00000000d5b00000,0x00000000d5b58000,0x00000000d5b80000)
  to   space 1024K, 0% used [0x00000000d5980000,0x00000000d5980000,0x00000000d5a80000)
 ParOldGen       total 773120K, used 772824K [0x0000000080000000, 0x00000000af300000, 0x00000000d5580000)
  object space 773120K, 99% used [0x0000000080000000,0x00000000af2b6090,0x00000000af300000)
 Metaspace       used 69957K, committed 71552K, reserved 1114112K
  class space    used 7325K, committed 8000K, reserved 1048576K
GC Heap History (20 events):
Event: 24.255 GC heap before
{Heap before GC invocations=1354 (full 3):
 PSYoungGen      total 3584K, used 3420K [0x00000000d5580000, 0x00000000d5a00000, 0x0000000100000000)
  eden space 3072K, 99% used [0x00000000d5580000,0x00000000d587d350,0x00000000d5880000)
  from space 512K, 70% used [0x00000000d5980000,0x00000000d59d9e90,0x00000000d5a00000)
  to   space 512K, 0% used [0x00000000d5900000,0x00000000d5900000,0x00000000d5980000)
 ParOldGen       total 761344K, used 761042K [0x0000000080000000, 0x00000000ae780000, 0x00000000d5580000)
  object space 761344K, 99% used [0x0000000080000000,0x00000000ae734bc0,0x00000000ae780000)
 Metaspace       used 69691K, committed 71296K, reserved 1114112K
  class space    used 7293K, committed 8000K, reserved 1048576K
}
Event: 24.259 GC heap after
{Heap after GC invocations=1354 (full 3):
 PSYoungGen      total 4096K, used 494K [0x00000000d5580000, 0x00000000d5b80000, 0x0000000100000000)
  eden space 3584K, 0% used [0x00000000d5580000,0x00000000d5580000,0x00000000d5900000)
  from space 512K, 96% used [0x00000000d5900000,0x00000000d597ba50,0x00000000d5980000)
  to   space 1024K, 0% used [0x00000000d5a80000,0x00000000d5a80000,0x00000000d5b80000)
 ParOldGen       total 761344K, used 761315K [0x0000000080000000, 0x00000000ae780000, 0x00000000d5580000)
  object space 761344K, 99% used [0x0000000080000000,0x00000000ae778e38,0x00000000ae780000)
 Metaspace       used 69691K, committed 71296K, reserved 1114112K
  class space    used 7293K, committed 8000K, reserved 1048576K
}
Event: 24.273 GC heap before
{Heap before GC invocations=1355 (full 3):
 PSYoungGen      total 4096K, used 4078K [0x00000000d5580000, 0x00000000d5b80000, 0x0000000100000000)
  eden space 3584K, 100% used [0x00000000d5580000,0x00000000d5900000,0x00000000d5900000)
  from space 512K, 96% used [0x00000000d5900000,0x00000000d597ba50,0x00000000d5980000)
  to   space 1024K, 0% used [0x00000000d5a80000,0x00000000d5a80000,0x00000000d5b80000)
 ParOldGen       total 761344K, used 761315K [0x0000000080000000, 0x00000000ae780000, 0x00000000d5580000)
  object space 761344K, 99% used [0x0000000080000000,0x00000000ae778e38,0x00000000ae780000)
 Metaspace       used 69741K, committed 71360K, reserved 1114112K
  class space    used 7296K, committed 8000K, reserved 1048576K
}
Event: 24.289 GC heap after
{Heap after GC invocations=1355 (full 3):
 PSYoungGen      total 2048K, used 995K [0x00000000d5580000, 0x00000000d6200000, 0x0000000100000000)
  eden space 1024K, 0% used [0x00000000d5580000,0x00000000d5580000,0x00000000d5680000)
  from space 1024K, 97% used [0x00000000d5a80000,0x00000000d5b78e90,0x00000000d5b80000)
  to   space 4096K, 0% used [0x00000000d5680000,0x00000000d5680000,0x00000000d5a80000)
 ParOldGen       total 763904K, used 763628K [0x0000000080000000, 0x00000000aea00000, 0x00000000d5580000)
  object space 763904K, 99% used [0x0000000080000000,0x00000000ae9bb098,0x00000000aea00000)
 Metaspace       used 69741K, committed 71360K, reserved 1114112K
  class space    used 7296K, committed 8000K, reserved 1048576K
}
Event: 24.307 GC heap before
{Heap before GC invocations=1356 (full 3):
 PSYoungGen      total 2048K, used 1982K [0x00000000d5580000, 0x00000000d6200000, 0x0000000100000000)
  eden space 1024K, 96% used [0x00000000d5580000,0x00000000d5676bd0,0x00000000d5680000)
  from space 1024K, 97% used [0x00000000d5a80000,0x00000000d5b78e90,0x00000000d5b80000)
  to   space 4096K, 0% used [0x00000000d5680000,0x00000000d5680000,0x00000000d5a80000)
 ParOldGen       total 763904K, used 763628K [0x0000000080000000, 0x00000000aea00000, 0x00000000d5580000)
  object space 763904K, 99% used [0x0000000080000000,0x00000000ae9bb098,0x00000000aea00000)
 Metaspace       used 69741K, committed 71360K, reserved 1114112K
  class space    used 7296K, committed 8000K, reserved 1048576K
}
Event: 24.310 GC heap after
{Heap after GC invocations=1356 (full 3):
 PSYoungGen      total 2048K, used 593K [0x00000000d5580000, 0x00000000d5b00000, 0x0000000100000000)
  eden space 1024K, 0% used [0x00000000d5580000,0x00000000d5580000,0x00000000d5680000)
  from space 1024K, 58% used [0x00000000d5680000,0x00000000d57147c0,0x00000000d5780000)
  to   space 2048K, 0% used [0x00000000d5900000,0x00000000d5900000,0x00000000d5b00000)
 ParOldGen       total 764928K, used 764463K [0x0000000080000000, 0x00000000aeb00000, 0x00000000d5580000)
  object space 764928K, 99% used [0x0000000080000000,0x00000000aea8bfa0,0x00000000aeb00000)
 Metaspace       used 69741K, committed 71360K, reserved 1114112K
  class space    used 7296K, committed 8000K, reserved 1048576K
}
Event: 24.324 GC heap before
{Heap before GC invocations=1357 (full 3):
 PSYoungGen      total 2048K, used 1607K [0x00000000d5580000, 0x00000000d5b00000, 0x0000000100000000)
  eden space 1024K, 99% used [0x00000000d5580000,0x00000000d567d810,0x00000000d5680000)
  from space 1024K, 58% used [0x00000000d5680000,0x00000000d57147c0,0x00000000d5780000)
  to   space 2048K, 0% used [0x00000000d5900000,0x00000000d5900000,0x00000000d5b00000)
 ParOldGen       total 764928K, used 764463K [0x0000000080000000, 0x00000000aeb00000, 0x00000000d5580000)
  object space 764928K, 99% used [0x0000000080000000,0x00000000aea8bfa0,0x00000000aeb00000)
 Metaspace       used 69742K, committed 71360K, reserved 1114112K
  class space    used 7296K, committed 8000K, reserved 1048576K
}
Event: 24.327 GC heap after
{Heap after GC invocations=1357 (full 3):
 PSYoungGen      total 2560K, used 931K [0x00000000d5580000, 0x00000000d5a00000, 0x0000000100000000)
  eden space 1536K, 0% used [0x00000000d5580000,0x00000000d5580000,0x00000000d5700000)
  from space 1024K, 90% used [0x00000000d5900000,0x00000000d59e8eb0,0x00000000d5a00000)
  to   space 1024K, 0% used [0x00000000d5800000,0x00000000d5800000,0x00000000d5900000)
 ParOldGen       total 765440K, used 764978K [0x0000000080000000, 0x00000000aeb80000, 0x00000000d5580000)
  object space 765440K, 99% used [0x0000000080000000,0x00000000aeb0c920,0x00000000aeb80000)
 Metaspace       used 69742K, committed 71360K, reserved 1114112K
  class space    used 7296K, committed 8000K, reserved 1048576K
}
Event: 24.348 GC heap before
{Heap before GC invocations=1358 (full 3):
 PSYoungGen      total 2560K, used 2356K [0x00000000d5580000, 0x00000000d5a00000, 0x0000000100000000)
  eden space 1536K, 92% used [0x00000000d5580000,0x00000000d56e4300,0x00000000d5700000)
  from space 1024K, 90% used [0x00000000d5900000,0x00000000d59e8eb0,0x00000000d5a00000)
  to   space 1024K, 0% used [0x00000000d5800000,0x00000000d5800000,0x00000000d5900000)
 ParOldGen       total 765440K, used 764978K [0x0000000080000000, 0x00000000aeb80000, 0x00000000d5580000)
  object space 765440K, 99% used [0x0000000080000000,0x00000000aeb0c920,0x00000000aeb80000)
 Metaspace       used 69743K, committed 71360K, reserved 1114112K
  class space    used 7296K, committed 8000K, reserved 1048576K
}
Event: 24.353 GC heap after
{Heap after GC invocations=1358 (full 3):
 PSYoungGen      total 3072K, used 1022K [0x00000000d5580000, 0x00000000d5c80000, 0x0000000100000000)
  eden space 2048K, 0% used [0x00000000d5580000,0x00000000d5580000,0x00000000d5780000)
  from space 1024K, 99% used [0x00000000d5800000,0x00000000d58ffa98,0x00000000d5900000)
  to   space 2560K, 0% used [0x00000000d5a00000,0x00000000d5a00000,0x00000000d5c80000)
 ParOldGen       total 765952K, used 765872K [0x0000000080000000, 0x00000000aec00000, 0x00000000d5580000)
  object space 765952K, 99% used [0x0000000080000000,0x00000000aebec070,0x00000000aec00000)
 Metaspace       used 69743K, committed 71360K, reserved 1114112K
  class space    used 7296K, committed 8000K, reserved 1048576K
}
Event: 24.372 GC heap before
{Heap before GC invocations=1359 (full 3):
 PSYoungGen      total 3072K, used 3061K [0x00000000d5580000, 0x00000000d5c80000, 0x0000000100000000)
  eden space 2048K, 99% used [0x00000000d5580000,0x00000000d577dce0,0x00000000d5780000)
  from space 1024K, 99% used [0x00000000d5800000,0x00000000d58ffa98,0x00000000d5900000)
  to   space 2560K, 0% used [0x00000000d5a00000,0x00000000d5a00000,0x00000000d5c80000)
 ParOldGen       total 765952K, used 765872K [0x0000000080000000, 0x00000000aec00000, 0x00000000d5580000)
  object space 765952K, 99% used [0x0000000080000000,0x00000000aebec070,0x00000000aec00000)
 Metaspace       used 69743K, committed 71360K, reserved 1114112K
  class space    used 7296K, committed 8000K, reserved 1048576K
}
Event: 24.380 GC heap after
{Heap after GC invocations=1359 (full 3):
 PSYoungGen      total 4608K, used 1823K [0x00000000d5580000, 0x00000000d5c00000, 0x0000000100000000)
  eden space 2560K, 0% used [0x00000000d5580000,0x00000000d5580000,0x00000000d5800000)
  from space 2048K, 89% used [0x00000000d5a00000,0x00000000d5bc7c28,0x00000000d5c00000)
  to   space 2048K, 0% used [0x00000000d5800000,0x00000000d5800000,0x00000000d5a00000)
 ParOldGen       total 766976K, used 766832K [0x0000000080000000, 0x00000000aed00000, 0x00000000d5580000)
  object space 766976K, 99% used [0x0000000080000000,0x00000000aecdc0d8,0x00000000aed00000)
 Metaspace       used 69743K, committed 71360K, reserved 1114112K
  class space    used 7296K, committed 8000K, reserved 1048576K
}
Event: 24.403 GC heap before
{Heap before GC invocations=1360 (full 3):
 PSYoungGen      total 4608K, used 4383K [0x00000000d5580000, 0x00000000d5c00000, 0x0000000100000000)
  eden space 2560K, 100% used [0x00000000d5580000,0x00000000d5800000,0x00000000d5800000)
  from space 2048K, 89% used [0x00000000d5a00000,0x00000000d5bc7c28,0x00000000d5c00000)
  to   space 2048K, 0% used [0x00000000d5800000,0x00000000d5800000,0x00000000d5a00000)
 ParOldGen       total 766976K, used 766832K [0x0000000080000000, 0x00000000aed00000, 0x00000000d5580000)
  object space 766976K, 99% used [0x0000000080000000,0x00000000aecdc0d8,0x00000000aed00000)
 Metaspace       used 69743K, committed 71360K, reserved 1114112K
  class space    used 7296K, committed 8000K, reserved 1048576K
}
Event: 24.410 GC heap after
{Heap after GC invocations=1360 (full 3):
 PSYoungGen      total 4608K, used 2036K [0x00000000d5580000, 0x00000000d6080000, 0x0000000100000000)
  eden space 2560K, 0% used [0x00000000d5580000,0x00000000d5580000,0x00000000d5800000)
  from space 2048K, 99% used [0x00000000d5800000,0x00000000d59fd318,0x00000000d5a00000)
  to   space 4096K, 0% used [0x00000000d5c80000,0x00000000d5c80000,0x00000000d6080000)
 ParOldGen       total 769024K, used 768554K [0x0000000080000000, 0x00000000aef00000, 0x00000000d5580000)
  object space 769024K, 99% used [0x0000000080000000,0x00000000aee8aa38,0x00000000aef00000)
 Metaspace       used 69743K, committed 71360K, reserved 1114112K
  class space    used 7296K, committed 8000K, reserved 1048576K
}
Event: 24.451 GC heap before
{Heap before GC invocations=1361 (full 3):
 PSYoungGen      total 4608K, used 4596K [0x00000000d5580000, 0x00000000d6080000, 0x0000000100000000)
  eden space 2560K, 100% used [0x00000000d5580000,0x00000000d5800000,0x00000000d5800000)
  from space 2048K, 99% used [0x00000000d5800000,0x00000000d59fd318,0x00000000d5a00000)
  to   space 4096K, 0% used [0x00000000d5c80000,0x00000000d5c80000,0x00000000d6080000)
 ParOldGen       total 769024K, used 768554K [0x0000000080000000, 0x00000000aef00000, 0x00000000d5580000)
  object space 769024K, 99% used [0x0000000080000000,0x00000000aee8aa38,0x00000000aef00000)
 Metaspace       used 69751K, committed 71360K, reserved 1114112K
  class space    used 7296K, committed 8000K, reserved 1048576K
}
Event: 24.457 GC heap after
{Heap after GC invocations=1361 (full 3):
 PSYoungGen      total 5120K, used 2166K [0x00000000d5580000, 0x00000000d5f00000, 0x0000000100000000)
  eden space 2560K, 0% used [0x00000000d5580000,0x00000000d5580000,0x00000000d5800000)
  from space 2560K, 84% used [0x00000000d5c80000,0x00000000d5e9d8a0,0x00000000d5f00000)
  to   space 3072K, 0% used [0x00000000d5900000,0x00000000d5900000,0x00000000d5c00000)
 ParOldGen       total 770560K, used 770521K [0x0000000080000000, 0x00000000af080000, 0x00000000d5580000)
  object space 770560K, 99% used [0x0000000080000000,0x00000000af076670,0x00000000af080000)
 Metaspace       used 69751K, committed 71360K, reserved 1114112K
  class space    used 7296K, committed 8000K, reserved 1048576K
}
Event: 24.515 GC heap before
{Heap before GC invocations=1362 (full 3):
 PSYoungGen      total 5120K, used 4726K [0x00000000d5580000, 0x00000000d5f00000, 0x0000000100000000)
  eden space 2560K, 100% used [0x00000000d5580000,0x00000000d5800000,0x00000000d5800000)
  from space 2560K, 84% used [0x00000000d5c80000,0x00000000d5e9d8a0,0x00000000d5f00000)
  to   space 3072K, 0% used [0x00000000d5900000,0x00000000d5900000,0x00000000d5c00000)
 ParOldGen       total 770560K, used 770521K [0x0000000080000000, 0x00000000af080000, 0x00000000d5580000)
  object space 770560K, 99% used [0x0000000080000000,0x00000000af076670,0x00000000af080000)
 Metaspace       used 69822K, committed 71424K, reserved 1114112K
  class space    used 7318K, committed 8000K, reserved 1048576K
}
Event: 24.521 GC heap after
{Heap after GC invocations=1362 (full 3):
 PSYoungGen      total 4096K, used 1107K [0x00000000d5580000, 0x00000000d5d00000, 0x0000000100000000)
  eden space 2560K, 0% used [0x00000000d5580000,0x00000000d5580000,0x00000000d5800000)
  from space 1536K, 72% used [0x00000000d5900000,0x00000000d5a14c08,0x00000000d5a80000)
  to   space 2048K, 0% used [0x00000000d5b00000,0x00000000d5b00000,0x00000000d5d00000)
 ParOldGen       total 772608K, used 772512K [0x0000000080000000, 0x00000000af280000, 0x00000000d5580000)
  object space 772608K, 99% used [0x0000000080000000,0x00000000af268090,0x00000000af280000)
 Metaspace       used 69822K, committed 71424K, reserved 1114112K
  class space    used 7318K, committed 8000K, reserved 1048576K
}
Event: 31.726 GC heap before
{Heap before GC invocations=1363 (full 3):
 PSYoungGen      total 4096K, used 3667K [0x00000000d5580000, 0x00000000d5d00000, 0x0000000100000000)
  eden space 2560K, 100% used [0x00000000d5580000,0x00000000d5800000,0x00000000d5800000)
  from space 1536K, 72% used [0x00000000d5900000,0x00000000d5a14c08,0x00000000d5a80000)
  to   space 2048K, 0% used [0x00000000d5b00000,0x00000000d5b00000,0x00000000d5d00000)
 ParOldGen       total 772608K, used 772512K [0x0000000080000000, 0x00000000af280000, 0x00000000d5580000)
  object space 772608K, 99% used [0x0000000080000000,0x00000000af268090,0x00000000af280000)
 Metaspace       used 69900K, committed 71488K, reserved 1114112K
  class space    used 7323K, committed 8000K, reserved 1048576K
}
Event: 31.730 GC heap after
{Heap after GC invocations=1363 (full 3):
 PSYoungGen      total 3072K, used 352K [0x00000000d5580000, 0x00000000d5b80000, 0x0000000100000000)
  eden space 2560K, 0% used [0x00000000d5580000,0x00000000d5580000,0x00000000d5800000)
  from space 512K, 68% used [0x00000000d5b00000,0x00000000d5b58000,0x00000000d5b80000)
  to   space 1024K, 0% used [0x00000000d5980000,0x00000000d5980000,0x00000000d5a80000)
 ParOldGen       total 773120K, used 772824K [0x0000000080000000, 0x00000000af300000, 0x00000000d5580000)
  object space 773120K, 99% used [0x0000000080000000,0x00000000af2b6090,0x00000000af300000)
 Metaspace       used 69900K, committed 71488K, reserved 1114112K
  class space    used 7323K, committed 8000K, reserved 1048576K
}

